500
0 106 357 1140 1384 5184 6584 7411 7793 8030 8974 9769
1 315 549 772 1486 2068 3016 3148 3936 6235 8293 9822
2 84 1590 2643 2733 3810 6121 6869 7059 7066 9509 9592 9776 9907
3 413 935 1149 1760 1920 2595 3274 3729 3767 4260 4531 5119 6613 6628 7372 9181 9850
4 473 997 1025 1668 1787 1830 3077 3300 5017 5962 6330 9271 9370 9379 9593
5 30 243 1275 1308 2083 3348 4199 4402 7103 7296 7594 7830 9354
6 117 4004 4352 4681 4893 5716 5847 6411 6827 6848 7076 7438 7531 7949
7 765 1963 2461 2664 3847 4060 4284 5309 6025 7883 8914 9636 9787
8 1361 2412 2605 2673 3456 4090 4188 5113 5439 5748 7764 8492 8969 9646
9 755 955 1345 2340 3023 3370 3758 4490 5676 6584 6646 7709 8372 8786 8897 9353 9414 9533 9640
10 462 561 2161 2540 3115 4782 5402 5578 5608 5679 6892 7353 9224 9842
11 657 1853 2564 3376 3908 4182 4331 4519 4993 6692 9652
12 750 771 2658 2942 4566 6056 6176 6393 7027 8668 9852 9977
13 294 616 1216 2986 3452 4289 4384 4721 4855 5038 5715 6226 6446 8410 8470 8997
14 191 1518 2320 3584 4002 5282 6185 6284 6415 8117 9256 9270 9666
15 455 593 863 921 4196 4315 4592 4751 6742 6891 7026 7055 7351 8994
16 668 3506 4218 4363 4521 5401 5441 5881 8667 8714 9067 9199 9244
17 2835 4721 5075 5904 5943 6197 6270 8090 8132 8141 9788
18 166 334 615 1972 7032 7801 7992 8072 8390 9682
19 36 139 1331 2962 3446 4550 5521 6204 6331 7385 7957 9842
20 741 3650 3782 3874 4370 4668 5148 5962 6986 7008 7425
21 79 3108 3125 3709 3896 4491 4848 5457 5768 6328 7356 7568 8102 8105 8190 9906
22 282 368 1452 3157 4184 4859 5017 5037 5292 6417 7267 7828 9198 9842
23 935 1062 3366 3590 5715 6395 6578 6773 6823 7296 7367 7676 7707 8210
24 903 918 1022 1119 1146 1339 2982 4377 4611 5030 7128 7369
25 528 615 1089 3430 3560 4894 5889 7325 7380 7585 7761 9244 9310
26 334 1610 2539 3357 3683 3761 4124 4352 5037 5936 8710
27 608 1479 2020 2275 3836 4005 4777 6677 7852 7859 8491 9232 9300 9763
28 212 321 691 2060 2210 3275 3371 3553 4147 4855 5006 5868 6025 6963 7680 7694 8528 9244 9293 9444 9527 9576 9638
29 79 321 702 1032 2545 3363 3638 3843 3891 4022 4129 6184 7461 8272 8309 8551 9646 9968
30 2 80 1277 1390 1400 1608 1669 2528 4082 4203 4216 4580 5085 7883 9520
31 148 151 732 2109 3302 3494 3856 5303 5384 5877 6007 6805 7489 7549 8125 8198 9632
32 275 494 652 1056 1650 2240 2624 3777 3808 3965 4170 4176 5735 5995 6056 6225 6244 6670 7542 9319
33 1288 3111 3239 3928 5843 6543 6851 7167 7187 8046 8149 8889 9013
34 36 216 450 1518 2713 3019 3227 3352 5212 7004 7360 7696
35 718 1238 1777 3152 3388 3721 3854 4449 5708 6675 6734 7073 8605 9133
36 708 935 1485 1683 2240 2559 5446 5991 6841 7160 7976 9307 9444 9559 9968
37 269 353 1158 1552 2949 3076 4168 5038 6361 6704 7290 7743
38 1412 2033 3558 4500 4824 6217 6740 8876 9484 9730 9968
39 319 935 1143 2240 2322 3481 3983 4408 7319 7438 7471 7996 9459 9545
40 2925 3397 3512 4161 5127 7476 7730 7762 9277 9300 9763
41 667 1413 2867 3103 3314 3982 5219 5729 6808 7388 7572 7786 7905 8577 9328
42 276 2422 3278 3698 3796 4199 5071 5901 6690 6881 7207 7560 8734 9301 9549
43 645 2827 3092 3158 3681 3696 4098 4918 4953 5849 9439 9471
44 100 278 362 2964 4235 4824 4887 5335 7121 7170 8654 9407
45 2 306 641 1845 3660 4104 4541 4607 5291 5359 5592 6617 6899 8716 8830 9604 9859
46 427 1125 1197 1548 1588 5218 5872 6101 6289 7326 7810 7960 8586 8858 9851 9970
47 806 935 1739 1796 2107 2228 2770 3714 5239 6101 6260 7248 7741 8860
48 762 1128 1624 2128 2919 3600 4481 5409 5572 6961 7101 7141 7652 8956 9150
49 766 1289 1432 1904 2494 3373 4954 6003 7743 8224 9422
50 117 259 501 532 1628 2475 2555 4789 4828 6868 7137 7486 8155 9411 9674 9954
51 917 935 1482 2189 2820 3470 3737 4070 5412 7665 7673 7805 7926 7959 8196 8418 9947
52 254 924 1113 1542 2808 3354 3884 5587 7401 8130 9236 9464 9702 9747 9844
53 111 292 866 1349 2513 2518 2731 3877 4458 4575 6453 7907 7985 8882 9369 9804
54 552 1542 4199 4889 6916 7694 8013 9434 9493 9708 9874 9879 9974
55 107 209 321 692 1451 2174 3127 4628 4913 5696 6014 7296 7385 8460
56 1660 2369 3536 4199 5022 5251 5738 6146 6938 7045 7719 8914 9616
57 71 117 273 2288 3243 3476 3808 4139 4667 7358 9531 9830 9954
58 125 694 943 1914 2240 2971 3900 5099 5913 6459 7245 7287 9244
59 253 345 389 674 1619 2009 2070 3012 3134 3360 5349 5444 9007 9349 9402 9679
60 79 116 2070 2555 3851 4086 5071 5537 5575 5730 6054 8215 9114 9529
61 237 426 1118 1302 5202 6095 6163 6247 6886 8125 8878
62 446 1558 1807 2355 3006 3766 3894 4333 5010 5333 5624 7413 9071 9566 9873
63 145 307 402 774 1298 2486 2962 4904 4966 5181 5371 5647 8097 8475 8498 9083 9521
64 77 1667 1761 2604 4034 4556 5756 6049 6294 6506 7638 8001 8158 9852
65 736 2331 3432 3592 4937 5886 6378 7452 8653 8952
66 1 79 1020 2444 3111 3653 3847 4207 4222 4920 6181 6537 6793 7357 9283
67 676 1037 1151 1361 2519 3100 3715 4855 5307 5738 7361 8852 9204 9634
68 849 1233 2314 3348 3972 4314 4654 4673 5090 7825 9533
69 419 632 1999 3325 4765 5182 5262 5831 5962 6001 7510 8738 8994
70 434 1082 1598 1898 3025 3099 3494 4042 4924 6021 6985 7898 7981 8832
71 515 912 2304 2590 3012 3098 3840 4549 6143 7768 7978 8739 9034 9113 9968
72 36 1012 1184 2072 3020 4725 5066 5748 7234 7375 8981 9990
73 2159 2203 3237 4217 4821 4983 5456 6137 6533 7459 7699 7790 8625 9591
74 107 1691 4011 5467 6088 6713 7113 7997 8003 8236 9842 9910
75 271 637 1322 2531 2630 3060 3406 3741 4174 6750 6795 8743 9368
76 525 765 935 2240 3185 3843 3862 4180 4352 4372 4539 5074 5985 6320 7153 7451 7753 8401 9971
77 2051 3004 4120 4645 4952 5280 5292 5719 6033 6684 6962 9287
78 692 2202 3457 3577 5120 5460 5668 6601 6666 7709 8203 8722 9740
79 79 1524 1722 4381 4640 4816 7249 8037 8194 8627 8793 9141 9842
80 639 1712 1725 1852 2218 3156 3533 4192 5386 5451 6602 6739 7786 8033 9383 9476
81 378 1688 2977 4093 4991 5595 5679 5944 6982 8121 8134 9633 9745
82 367 1564 2011 2620 2958 3742 5452 5483 6613 6634 6996 7992 8768 8994
83 2555 3205 3555 3827 3936 4368 5239 6080 6700 7051 7355 8174 8567 8907 9426
84 935 1263 1776 2359 4111 4121 5012 5391 5962 6101 6562 7699 8265 9783
85 517 3717 4315 4450 5714 6009 6655 7515 7554 8848 9545 9636 9922
86 631 3449 4157 4462 4795 5469 5590 5748 6126 7207 8419 8599 9615
87 210 333 1546 2338 2444 3235 4199 5351 6258 7078 7131 8472 8618 8958 9291 9534
88 997 2487 2634 4806 5412 6681 7322 8825 9359 9402
89 2 966 1940 2468 2497 2777 3133 5391 6054 7744 8164 9235 9533 9676
90 135 373 427 1773 3028 3151 3384 6596 8434 8460 8623 9792
91 35 503 736 778 3104 3166 4899 5355 5505 6255 6799 7413 7762 8611
92 1491 1574 1966 2433 2660 4909 4946 5037 5514 6360 6645 6702 7699 8232 8944 9273
93 372 1670 1968 2191 3852 4553 5194 5361 6286 6448 6683 6709 7146
94 1700 2615 3012 3151 4380 4605 5554 6427 7751 9086 9154 9413
95 209 917 1465 1792 2509 3626 4362 4644 5326 8459 9725
96 315 316 1553 1795 3046 4478 4507 4819 5245 6170 8319 8488 8659
97 428 524 906 1496 1683 2288 2486 4505 4846 5044 5156 5556 7087 8021 8353 9132
98 1 962 1427 1651 2523 4341 5391 6189 6764 6808 7036 7300 7864
99 172 1603 2439 2897 3053 3341 3604 6846 7828 9009 9031 9385
100 386 436 2288 2962 3362 4399 4662 6801 7286 8011 8168 8885 8941
101 1291 2253 3538 3998 4551 6786 7012 7035 7419 7700 7880 9250 9668 9842
102 142 2355 2488 2555 2568 4187 6263 8711 8736 9383 9680 9881
103 412 1276 3362 3399 3471 3590 3749 4760 4779 5780 6937 7549 7949 8029 8278 8728 9391
104 96 1447 4923 5787 6120 7055 7798 8164 8342 8595 8966 8994 9528
105 79 760 1145 1668 1865 2628 2696 3330 3648 3842 3936 4126 4493 5280 5848 5884 6101 6608 6613 7116 7228 7285 7429 8170 8770 8797 9040
106 1404 2186 2458 2460 3515 3521 4173 5715 5817 6826 8717 9206 9466
107 856 1117 3522 3950 4369 6126 6208 6581 7175 8265 8617 9774
108 321 3539 3605 3853 3910 4405 4655 5762 6840 6978 7497 9610 9661
109 128 313 333 532 771 1147 1498 1658 1685 3349 3543 4698 5897 6031 7922 9669 9942
110 680 3002 3017 3597 3877 6278 6773 7887 8764 8821
111 2840 2965 5953 6652 6836 7047 7091 7153 7662 8069 8352 8911 9109 9189
112 50 2121 4470 4483 4853 4872 6361 6922 7627 7679 8488
113 958 1343 1957 2061 2928 3484 3982 4918 7097 7756 8809 9906
114 2 148 609 860 4194 4962 5187 5563 6017 6866 7292 7938 9099 9968
115 352 926 3781 4644 4809 6020 6690 7608 7691 8265 8612 9802 9866
116 13 1191 1307 1669 3562 4463 5166 6104 7405 7753 7806 8918 8994 9383 9384 9523 9762
117 468 583 847 935 1336 1982 2003 2730 2979 5115 5295 5386 6030 6338 6554 7193 7498 7734 8424 8431 8493 8786
118 1014 1837 3577 3797 4332 4343 5439 6030 7732 8327 9318 9754
119 879 2287 2555 3407 3486 3850 4585 5298 6530 6630 6957 7713
120 276 799 935 1961 5288 5642 5792 5933 6727 6942 7491 7543 8491 9244 9508 9688
121 144 1350 1699 2192 2575 2607 3313 3950 7035 7399 8007 8346
122 1178 1764 2521 2962 3173 3279 4092 4229 4659 6469 8279 8414 8810 8838
123 699 916 1043 1817 1884 2002 3121 4086 4362 4695 5296 5926 6800 7381 8350 9848
124 231 259 727 2007 2677 2784 3053 4128 5748 6521 6844 6919 7356 9265 9542 9593
125 79 1541 4313 5066 5274 5867 6950 6995 7159 8061 8650 9404
126 2218 2961 3207 3859 4556 4964 5052 5372 5417 5751 6094 9230 9418 9852
127 1668 2354 2431 4111 4170 5573 7003 7211 7368 7883 8134 9149
128 2 1815 3458 3713 5016 5752 5770 5888 6170 6360 6622 6854 7238 8729
129 1767 3847 3968 4197 5173 5217 6054 7118 7945 8227 9618
130 300 751 1084 1241 2400 2985 3699 3863 5010 7651 7657 8890 9642
131 1015 1214 2082 2251 2576 3781 4097 8761 9586 9771
132 1036 2854 3448 4993 5436 7841 8841 9410 9531 9818 9883
133 4087 4611 4850 6818 7949 8040 8473 8703 9153 9181 9438 9848
134 312 573 1440 1729 2138 2288 3404 4438 4479 9483
135 1525 1592 2059 3046 3150 3833 3877 5543 6938 7164 8624 9007 9358
136 79 132 949 1668 2704 3217 5220 5749 6560 6619 7013 7213 7732 8045 9316 9522 9534
137 666 1044 2141 2345 2857 2872 3085 3540 3771 3795 3894 4589 5069 6486 6920 7507 8578 8724
138 664 1143 1923 2800 5673 6607 7273 8034 9465
139 1689 1776 2240 2268 3483 3923 4155 4245 4599 4720 6374 6448
140 2287 3638 5011 5196 5889 6594 6897 8850 9374 9581 9717 9812
141 656 1482 1919 3012 3282 3441 3894 4920 5228 6358 7023 7357 8801 9623
142 1134 2962 3700 4371 5609 6116 6183 6632 7016 8100 8796 9290
143 420 563 709 961 2010 3162 4373 6022 6499 7577 7874 9125 9310 9746
144 498 1217 1342 2567 2823 3786 4895 8957
145 980 2369 2385 3596 3986 4686 5257 5323 6082 6168 6574 7989 8086 8566 8844
146 1281 2962 3380 3730 4122 4366 5439 6054 8978 9403 9636 9876
147 751 804 2611 3208 3451 3829 3830 3865 4275 4747 5367 6347 7781 8554 9735
148 561 6055 6066 6504 6817 6987 7153 8052 9074 9439
149 235 491 1411 1668 1769 3894 3954 4694 5804 5997 6883 7654 8342 8462 9436
150 236 666 935 1141 1347 2765 2997 3869 3942 4521 4624 5140 5478 5584 6306 8893
151 500 1238 2537 2785 2796 3488 3912 4178 5885 7639 9243 9534
152 876 1554 1562 2228 4324 4372 5072 5449 6011 6762 7452 7499 7500 7510 7742 7904 8020 9640
153 1946 1980 2279 3883 4555 4732 5543 6268 7116 7186 7244 9746 9848
154 862 935 2555 2834 4563 4696 5444 5637 6803 7526 8059 8242 9097 9903
155 68 900 1686 1758 2752 2962 2986 3172 5186 5384 5453 5695 5986 6537 7949 9694
156 364 1097 1156 3494 5138 5186 5565 5762 6054 6592 6642 6905 7380 7925 8396
157 2157 2182 2256 3320 3565 4161 4558 4842 5892 6586 6950 7291 8212 8236 8936
158 486 1451 1469 1568 2755 3012 3379 3936 6547 8315 8431 8711 8730 9143 9656
159 1864 2656 2880 3530 3783 4854 5282 6063 7183 8533 8851 9714
160 715 1125 1361 1394 2124 2353 2555 3827 4504 4532 4873 6138 7672 9217
161 259 267 1417 1789 2005 2160 2559 2936 3700 3865 4622 4777 5292 6385 6547 7343 7652 7922 8406 8483 8967
162 976 2288 2515 4917 6273 6290 7232 7650 8690 8926 8973
163 123 961 971 1668 2865 2970 4908 5483 5715 6612 6818 7263 7344 8030 9094 9826
164 336 1834 3427 3657 4424 4564 4599 4621 6379 6825 8448 8994
165 1313 2672 3331 3610 4105 5243 5641 5656 5825 6048 6901 7762 8188
166 984 1347 3136 3751 5075 5689 5727 8072 8526 8771
167 338 3411 4050 5925 6346 7031 7055 7596 8426 9137 9590
168 569 1846 1918 2662 3283 6526 6640 6999 8213 8264 8972 9246 9268 9719 9837
169 483 902 1657 2643 2790 2873 2885 3425 4277 4535 5555 5962 7165 8372 8649 9084 9780
170 353 1984 2407 3391 3637 3667 3746 4085 4925 5339 5905 6834 8366
171 2074 2135 2192 3936 4570 4666 5041 6837 7190 7333 7413 8159 9258
172 838 2235 2299 2610 4186 5654 5984 6703 7375 7709 8125 8444
173 79 1931 2862 2962 3952 4941 5590 6183 6309 7137 7812 8618 8930
174 183 687 809 1194 2166 2695 2784 3189 4011 4285 5615 7020 7740 9453 9506
175 345 1365 1555 1586 2172 2643 5755 5818 6151 6677 6814 7214 7379 8028 8049 9769
176 1625 2024 2644 2781 3072 4377 5583 5812 5975 6356 7270 7348 7634 7834 7960 8994
177 590 1296 1315 2368 4159 4290 5448 6538 6858 6948 7590 7975 8538 9371
178 569 3038 3415 3932 4091 4936 5273 5947 6650 7517 8322 9932 9963
179 888 935 1300 1570 2613 3251 3290 3447 3476 4153 5494 9515 9702 9814
180 299 650 667 2018 2423 3961 4589 4664 4726 4861 7332 7762 8790 8881 9628 9829
181 1652 1721 1876 2089 2288 2434 3289 3591 4832 5581 6301 9023 9305 9493
182 137 483 1657 2414 2759 3003 4348 4579 5715 6134 6185 6538 7158 9698 9893
183 1786 3103 4504 5499 7368 7449 8440 8743 8817 9002 9041
184 72 1432 2545 3084 3509 4835 4987 5325 6221 6262 8263 9186
185 427 631 1183 1806 2267 2972 4385 4578 6173 6539 7553 7657 7706 8778 8782 9717 9942
186 493 2904 3074 3720 4081 4685 5410 5492 5601 5609 6131 6218 6269 6718 7699 7883 9459
187 2 43 428 718 2347 2854 3316 4844 5092 7153 8422 8903 9500
188 1299 2268 2555 3377 3418 3688 3982 4017 4523 7208 8635 9571
189 44 484 1510 2622 2912 3003 4873 5104 5708 5942 6969 7162 7652 8899
190 474 645 1077 1306 1975 2416 3830 4096 4838 5172 9529 9909
191 450 899 1549 1934 2024 3936 4317 4623 4854 5239 5715 6190 8318 8415
192 864 2185 2194 2431 3697 3862 4318 4770 6203 6534 6840 7338 8495
193 216 321 1753 1975 2031 3200 3554 4117 5401 5841 9184
194 1731 1823 2665 2934 3252 4614 4801 4917 6642 7241 7605 9968 9988
195 1881 3405 4054 4369 5188 5261 5268 5422 6913 7001 8203 8300 8945 9233 9293
196 171 321 530 555 1361 1424 6134 7501 8050 8815 9222 9486
197 832 1348 2258 2687 3857 4909 5869 6433 6920 7049 7453 8125 9842 9935
198 139 1701 2837 3936 4673 4944 6258 6752 6926 7052 7641 7709 8988 9478 9584 9793
199 1534 3152 3284 3360 4209 4281 5173 5622 9122 9401 9799
200 79 486 856 1370 2327 3459 3920 4269 4462 5544 6899 7895 8525 8989 9046
201 111 218 702 911 1569 2420 5388 5748 6377 6732 7133 7219 9209 9487 9890
202 1774 2007 2858 3074 4030 4900 5499 5913 6510 7311 9502
203 188 429 491 2418 2881 3331 3549 4226 4586 5666 5950 7883 9999
204 1590 1631 2050 2093 3078 3600 3859 5474 5771 6049 6313 9137 9916
205 321 700 702 2628 3125 3893 5437 5669 6045 6826 7766 8907 9523 9885 9911
206 43 604 882 2192 3011 3852 6153 6572 6708 6794 7365
207 289 302 548 2521 3074 3916 4023 6392 6666 8495 8652 9522 9780 9936
208 188 921 1200 1448 3389 3453 4555 4574 6270 9651 9882
209 1646 3469 3945 4004 5107 5744 6003 6176 6369 6938 8658 8735 8915 9930
210 34 1573 2525 4700 5259 6067 7420 8133 9378 9450
211 75 427 769 1730 2665 3371 4051 4058 5793 6254 6293 6611 7648 8752 9964
212 261 267 929 2682 3537 4088 4781 5412 5931 6534 7429 8562 9036 9620 9780 9820
213 427 1222 1467 1973 2747 3188 3736 3894 4362 5631 6705 8817 8949 9122
214 18 212 531 1429 1668 2208 2761 3264 3812 4159 5136 7120 7165 7945 8043 9010
215 10 1457 1537 2566 2719 2730 3470 4020 4352 4625 6650 7634 8098 9155 9632
216 2904 4868 4924 4935 5128 5448 5769 5996 7052 7622 9054 9274
217 79 252 629 691 761 1757 2231 3222 3324 3342 4063 4340 4467 4488 5725 8990
218 13 79 780 946 1542 2048 2623 2982 3224 3897 4105 4823 4901 5688 5780 6730 7404
219 326 935 1052 1110 2121 2939 3012 3862 4489 4628 6125 6248 6379 6989 9494
220 2098 2170 2321 2892 3322 3367 4167 6089 7240 8247 8351 9702
221 347 569 2598 2623 2972 3351 3727 4757 5596 6024 6345 6928 7082 7850 9433 9731
222 1948 2914 3286 3300 3665 4325 4525 4874 5191 5699 6021 6437
223 1656 2031 3012 4309 4770 4919 6201 6780 7043 7183 7880 8139 8180 8538 9093
224 79 379 1763 1893 2421 5073 5301 5507 5549 6465 6613 6626 7280 7393 7396 9237
225 705 1183 2007 2569 4218 4629 4838 4906 4983 5099 5268 5980 7321 7673 7793 8688 9829
226 325 1512 1668 2041 2633 3957 4527 4544 5651 6276 6540 7848 8146 8147 8148 9386
227 247 840 2240 2385 3308 4055 4696 4810 6822 7179 7802 7881 7924 8531
228 485 1462 1956 2624 2649 2935 4919 6690 8676 8978 9083 9232 9844
229 181 1182 2717 2724 3547 4327 4430 4977 6716 7216 8066 8994 9270 9769
230 287 757 2390 3074 3403 4575 5350 5387 5588 6241 6434 8041 8416 8495 9302
231 447 812 1854 2240 2471 5408 6186 6553 7030 7427 7632 8599 9547
232 1565 2319 2905 3824 4466 5758 6148 7071 7589 9455 9961
233 900 1036 1375 2071 2625 3127 3574 3603 4571 4804 5412 5715 7045 7779 8358 8511 8885 9440
234 32 1117 2164 2247 2371 4755 5337 5662 5876 6008 7621 8393 8666 9702 9800
235 153 813 1658 1745 1892 4716 4798 6613 7218 7586 8449 8452 8721 9075 9293
236 1114 2354 2359 4781 5262 5746 5979 6917 7133 7891
237 268 2542 3307 4135 4316 4802 4979 5529 7958 8387 8437 8440
238 123 526 1707 2704 4233 4543 6099 6682 6845 8521 9545 9723
239 1155 1997 3500 4775 4969 5352 5626 5672 5715 6258 8577
240 646 2476 3340 5319 7153 7154 7562 7840 8546 9382 9443
241 272 1040 2025 3149 3327 4937 5315 5869 6151 6371 6975 6985 9248 9691
242 2763 3470 4303 4349 5022 5299 5675 7240 7388 7403
243 1152 1255 1923 3212 3448 3762 5183 5562 6200 6938 7012 7691 7732 9533
244 590 1123 1294 2361 2476 3013 3524 4156 5412 6212 6371 7016 7259 7434 8169 8200
245 138 1153 1611 2052 2643 3250 3444 4630 4672 4753 5632 7925 8160 8352 8503 9451
246 238 439 871 1241 1896 2252 4133 4282 4784 4792 6297 6382 6739 7234 9025
247 1666 2275 2617 3336 4939 5812 6172 8785 9315 9473 9510 9601
248 759 2277 2593 2610 4718 5775 6891 7228 7295 8343 8509 9021
249 554 1491 2223 2930 2989 3509 4872 5104 5215 5789 6678 7032 7120 9775
250 958 1989 3038 3188 4191 4626 4739 5666 7141 7410 8150 8169 8523 8602 9107 9284
251 98 1058 2165 4563 4676 5308 5390 6033 8428 8914 8960
252 321 1105 1454 2355 4179 5879 6471 6816 7057 7330 8125 8869 9904 9924
253 530 979 1866 3197 3713 3822 5310 5701 8636 9701 9822
254 432 2375 3074 4403 5109 5417 5427 6457 6616 7285 7479 7824 9716
255 745 773 1534 1800 2175 2402 4037 5180 5896 6352 7002 7427 7546 9676
256 591 748 2473 2643 3868 4529 5520 5971 6455 7342 8259 8356 9014
257 481 1546 1937 3163 5135 5521 6744 7220 7344 7563 7613 8088 9132 9348
258 50 1398 1806 2909 3074 3735 4706 4928 5091 5977 7011
259 2335 4571 5011 6012 6106 6151 6429 6778 6884 8856 9274 9743
260 756 915 1494 5389 5916 7075 7837 7890 8032 8562 9045 9847
261 194 2594 2595 5041 5518 6044 6267 6506 7216 8351 9086 9321
262 1604 4048 4452 5536 6613 6750 7845 8547 8756 9082 9299 9949
263 405 439 1134 1276 1765 1882 2555 2677 4040 4362 4744 6685 6789 7761 8140 8782 8860
264 795 2120 2638 3493 4423 4951 5715 6351 6807 6900 7392 7654 7737 8325 8667 8913 9968 9990
265 308 1212 2508 2645 2662 3228 5084 5112 5785 6383 6547 7448 8532 8827 8880 9719
266 3 1252 1689 3434 4087 4157 4389 4442 4832 4926 5040 6343 6404 6998 7005 8684 9414
267 1034 1789 2962 3074 3081 3174 3271 3362 4830 5762 5795 6049 6164 6428 6510 6743 6938 7065 7762 8036
268 108 1179 1180 1483 2962 3461 4352 4939 5958 7153 7706 7834 8362 8684 9018 9548
269 915 935 1212 2799 2986 4172 4182 5495 5677 6023 6563 8067 8716 9188
270 69 1126 1240 1507 3134 3473 3877 5805 6196 6742 9329
271 118 1643 2986 3507 3640 3671 5703 7089 8094 9022 9370
272 457 533 1063 1850 2327 2431 3086 4448 4591 5287 7009 8140 9371 9481 9522
273 859 2206 2349 3074 3219 5541 5800 6081 7853 8127 9200 9308 9892
274 833 842 1093 1696 2054 2288 2512 2701 3227 3657 3673 4051 5775 8610 9340
275 321 1032 2264 2586 4014 4345 4805 5714 6039 7363 7841 8240 9157
276 323 582 1203 4607 4846 4985 5861 6138 7864 8060 8499 9738
277 312 801 1030 1450 1886 2377 6613 6832 7253 8134 8387
278 1386 3074 3196 3759 3894 5111 6305 6541 6593 6915 7695 9110
279 52 842 1343 1611 1942 3012 3022 3311 4224 4306 4311 5416 5426 7720 8469 8861
280 696 818 1199 1494 3554 4572 5950 6406 6433 6778 7470 8723 8994
281 1394 1797 2597 3221 3676 3958 4527 5002 5500 5506 5715 5974 6067 6620 9731
282 1146 2444 3586 4126 4274 4278 4520 4836 5219 5497 6074 8130 8653 8764 8796
283 352 2382 2643 2985 3838 3990 4072 4418 5347 5472 6511 9014 9040 9062 9890
284 363 1050 1071 2438 3798 3994 4748 4866 5922 6263 6786 6933 7732 9152 9450
285 407 1515 3129 3414 3557 3830 3975 4824 4951 5150 5584 6116 6843 7330 7372 8265 9764
286 518 1299 2517 3952 4568 4705 5208 6299 6534 6750 7056 7229 7656
287 426 1604 1988 2555 3273 3459 3851 7024 9447
288 339 430 928 1117 1938 2001 3583 5778 5953 7153 8757 9091
289 79 497 1186 2487 3395 4307 5436 5473 6279 7493 9301
290 1194 1461 3225 4083 4861 5762 6122 6312 7129 9206 9834 9903
291 278 1294 2489 2904 3493 4350 4604 4861 4994 5111 5418 7529 7767 8964 9605
292 22 321 1162 1860 2104 2132 2677 2842 3804 5952 7699 7949 8553 9586 9648
293 458 1180 1889 3215 4247 5534 6258 6453 6495 7435 8248 8543 8602 8812 9551 9772
294 2622 4100 4275 4314 4967 5232 5250 6526 7728 8053 8113 8787 8824 9342 9514
295 474 485 1042 1867 2018 2946 5478 5533 5804 6050 6199 6490 6656 7012 7294 9939
296 366 1727 2033 2962 3199 3609 4283 6184 6358 7298 7639 8635 9244
297 506 705 1431 2006 2099 2542 2866 3268 3899 5715 6180 6482 8585
298 732 778 2303 2396 3431 3830 3894 4260 4633 4663 4911 5086 5874 6166 8414
299 240 1305 2729 3201 3982 4180 4736 4764 5040 5902 6169 6375 8507 8958 8962
300 1486 1879 2258 2437 3487 4511 6238 7153 7201 7745 8381
301 592 871 1774 2007 2198 2887 2900 4542 6191 6840 6901 8225 8570 8702 9129 9984
302 1470 2121 2259 2680 2693 5838 5912 6628 7531 7826 7840 8700 9482
303 1002 1176 1585 2216 4402 4728 4820 5772 6375 6485 6613 6726 7684 7685 8686 9619 9770
304 794 1038 1118 1606 1762 3661 3982 4282 5520 5769 5815 6755 7069 8510 9211
305 1287 1314 2121 2446 2613 3090 3365 4089 4358 6032 7151 7469 7970 9168 9256 9528 9816
306 728 1534 2638 3051 4168 4500 5045 5111 5301 5907 6299 6452 6656 8453 9192 9569
307 630 2523 3556 4985 5422 7156 7359 7652 9070 9162 9271 9986
308 471 2359 3147 4314 4380 5371 6466 7582 8220 8750 9931
309 2 744 1235 1275 3670 3671 3862 4647 5399 5653 8646 9992
310 2941 3350 3526 6426 6579 6764 8502 8837 9840 9968
311 606 1906 2981 3728 3753 4120 4648 5692 6648 6981 8527
312 209 434 1183 1506 1668 2073 4209 5086 5662 6663 7318 7775 9028 9330 9533
313 835 1134 2029 2962 3189 3190 3325 4158 4378 4958 6210 7526 7927 8315 9742
314 466 1337 2856 3007 3353 3564 3818 4216 6290 7829 8626 9288 9467 9992
315 6 664 1073 1222 1851 3662 5179 5326 5880 6080 7022 8089
316 660 815 1127 1769 2121 3208 5678 6691 6699 7000 7451 7459 8431 8464 9782
317 935 1489 2634 3691 4231 4850 5766 5787 6087 7854 8143 8396 9294
318 1305 2070 2202 2472 2935 2984 3012 3584 4038 6602 6681 7652 8421 8908 9178
319 1324 1584 2039 2156 2987 3144 3719 4201 5384 5719 7736 8523 8538 9683
320 109 1507 2702 2962 3573 6613 7234 7495 7951 8069 8643 8771 9426 9669
321 160 1699 2434 3079 3251 5006 6002 7220 7568 7627 7880 8143 9460
322 80 1419 3819 4331 4653 5336 6230 8277 8648
323 1125 2247 2330 3455 4886 5232 5418 5778 6769 8603 9399 9831 9968
324 133 265 577 1020 2706 3032 3349 3458 3516 4740 5503 7689 7798 8193 9129
325 310 968 2064 2298 5070 5388 5619 5958 6118 6161 6539 7762 7771 7786 8137 8961 9139
326 2 331 1859 2454 4242 4992 5873 6147 6696 6709 7220 7379 7782 7802 8425
327 10 99 477 1117 1654 2547 2730 2850 3322 4083 5143 5432 6547 7302
328 650 1085 2330 3074 3163 3796 3852 4394 5509 5731 7075 8167 8230 9312
329 2105 2643 2962 3023 3156 4197 4798 5398 5857 6614 7299 7482 7496 7677 8635
330 38 101 193 450 831 3826 5314 7061 7230 7438 8804
331 1052 1508 1588 2288 2724 3378 3994 5963 6672 7285 7364 7440 9264
332 309 974 1560 1780 2121 3052 3252 3578 6230 7103 7374 7602 8170 8293 9130 9433 9505
333 971 2008 2526 2719 4986 6092 6298 6584 7444 8176 8289 8323 8484 8595 8684
334 324 673 1322 3222 3413 3573 3841 3877 3897 5295 5560 5637 5948 6692 8473 8772 9007 9688
335 739 1435 1731 2128 2986 3410 3451 3823 6668 6826 8523 9066 9566
336 2 502 1087 2047 3563 3982 5516 5793 6127 7511 7762 8645 9135 9219 9875
337 148 380 987 1635 1962 2896 3489 5116 6336 7040 7551 7719 8966 9564
338 538 815 941 1988 4034 4259 4649 5382 5977 6976 8019 8983
339 87 490 1249 1624 2561 3801 4044 4728 5332 7807 9045 9310
340 321 645 1763 1851 2069 2158 2288 2340 4041 4254 4314 4966 5094 8371 9728 9916
341 96 2240 2249 3521 3877 3937 3968 6430 6439 7918 7965 8362 9863
342 214 648 1732 3192 3557 4406 4538 4539 5507 7227 8157 9475
343 1746 2927 3353 3826 3885 4462 4552 5199 6003 6024 6511 6753 7240 7949 8296 9007 9106
344 476 776 1231 3490 3513 3521 3536 3573 3758 4901 5248 5639 5898 5964 6482 6641 6713 7885 8467 9312 9598
345 684 1246 2043 2187 3436 3691 4587 4900 5304 5464 8317
346 682 1000 1299 1889 3074 5429 6524 7543 7749 7762 8143 8260 8462 8479 9315
347 624 765 1668 1984 3263 3771 3936 4247 5203 5341 5990 6805 6808 6860 7944 9829
348 505 814 1339 1490 2586 2834 4490 5561 7240 7710 7873 9056
349 427 1398 2367 2559 2957 2999 3021 3702 4764 6234 6250 6440 6547 9400
350 420 1230 2671 4138 4456 5462 6636 7022 7050 7652 8507 9148 9396
351 513 602 1052 1140 1740 1824 3681 3745 3795 3836 4214 4612 5743 5839 5880 6101 6227 6245 6327 6584 8671 9968
352 374 2579 3894 5715 6009 6197 6714 6912 6924 7228 7286 8248 8352 8538 9293 9957 9968 9989
353 6 744 828 2987 3277 3630 3936 4284 4345 4400 4664 4737 5219 6137 6467 7438 7893 8140 8310 8319 8837 8882 9478 9689
354 14 207 857 1020 1140 1734 2061 2455 2992 3511 3532 4793 7029 9963
355 854 3743 4407 4522 4805 5091 5412 7409 7667 9123 9138 9586 9766
356 412 1003 1143 1680 2404 3068 4147 4452 4959 5781 5862 6579 8672 9481
357 1460 2150 2555 3808 3939 5288 7073 7529 7571 8236 8779 9519
358 96 106 616 1741 2307 2760 3877 4159 4391 5187 6247 8023 8722 8951 9759
359 321 2461 2589 2790 3274 4735 5539 6201 7050 7060 7262 7351 7949 8043 8354 9040 9152 9704
360 1449 3838 4035 4071 5215 6477 6572 7427 7471 7531 7681 8232
361 131 1668 3810 3982 4309 4355 4377 4589 4658 5005 5900 6034 7494 7755 8847
362 35 850 1436 1505 2013 2598 2728 3772 4840 5021 6120 6635 8416 8824 9494
363 455 935 2567 3359 5458 6536 8059 8608 8744 9596
364 2 905 979 1194 2674 2844 3768 5412 7074 7269 9914
365 321 2978 4383 6350 6667 7340 7701 8921 9738 9915
366 847 1343 1728 1804 2451 2534 3586 3717 5211 5810 6346 7493 8081 8466 8614 9195
367 18 761 2381 2815 2940 4121 5135 6672 7573 9157 9583
368 39 88 229 1356 1779 1847 2924 4665 4706 5316 6322 6786 8064 9224 9423
369 358 396 1924 2099 2392 2588 3203 4274 4649 4834 6115 7485 7536 9019 9241
370 26 935 2047 2607 2660 3305 4071 4140 4692 5726 6556 6809 7486 7697 7878 8726 9135 9632
371 1731 2047 2342 2785 4007 4247 4580 4961 5157 5744 6831 8267 9924
372 877 1209 1580 2685 2727 2815 3385 3456 4765 4798 4926 5257 6258 7612 8989
373 1574 1583 2643 3072 3609 3681 3967 4618 5875 5920 7327 7701 7862 8125 9341 9809
374 257 337 560 1117 1364 2873 3177 3514 4210 4342 4766 5162 6178 6327 7590 7950 8632 9341 9838 9852
375 1120 2265 2598 2697 3204 3206 3216 4253 4936 8462 9223 9867
376 30 113 818 1187 1520 2643 3232 5068 5278 7395 8127 9480 9590
377 195 484 1159 1435 1657 1929 2030 2240 5353 5365 5696 5758 6268 9112
378 965 1121 1905 2741 4440 4761 4862 5733 6015 6188 6362 7083 7652 8130 8862
379 1200 1737 2060 2113 4465 6414 6442 6443 6810 7276 8043 8392 8491 8552 9312 9659 9758
380 823 1663 3505 3835 4437 5168 5631 5934 6101 6894 7117 7750 8130 8247 8406 8831
381 131 321 502 1352 1565 2240 2256 3326 3482 5325 5715 5850 6779 7133 7459 8008 9151 9653 9968
382 259 580 2520 2608 3736 4608 4889 6122 6917 6938 7376 8021
383 79 178 183 1557 1932 3473 4273 4369 5621 5750 5886 7325 7442 8269 8387 8685 9162 9621
384 111 116 154 935 2118 3869 3983 4456 4695 4730 5235 5923 5928 7563 8538
385 397 2750 3203 3262 3267 3598 4340 4602 7810 8310 8618 8685 9035 9225 9293
386 447 627 1087 2264 2551 3044 4703 5234 5547 5645 5715 6145 7464 9393 9841
387 826 1168 1519 1648 3059 3522 3926 5216 5285 6938 8878
388 322 2240 2308 2962 3702 3951 5151 5210 5437 5509 6936 8785 9765 9968
389 181 953 1571 2655 2761 3106 3815 4119 4575 4717 4806 4941 8498
390 714 3533 4060 4706 4931 5460 5467 5495 6052 6789 7363 7606 8657 9007 9031
391 218 625 1464 1529 2670 2735 3460 4650 4736 5693 6267 6354 6523 6547 7174 8136 9007
392 1748 2543 3586 3696 4486 4534 4722 7342 7617 7952 8014 8493 9008 9209 9682
393 142 979 1047 1682 2472 6145 7122 7179 7903 8916 9036 9296
394 2405 2469 3788 3789 4707 4855 5674 5834 7285 7661 8454 8723 9849
395 321 1181 1218 1264 3111 4429 5372 5771 5773 6775 7328 7359 7521 8540 8587 8716
396 508 1587 2112 5786 6054 6116 6284 7382 7791 8385 9106 9447
397 1158 1302 2049 3445 3691 4339 5558 6658 9736
398 303 1455 2121 2286 4077 4231 4661 4902 5882 7537 7735 8934 9983
399 79 134 1785 2969 2982 4743 5183 5526 6072 6190 7179 9082 9177
400 41 373 573 3421 4583 4997 6772 7016 7172 8365 9823
401 1805 2239 2458 3933 3948 4185 6584 7921 8020 8096 8949 9275
402 242 1269 1774 2981 3113 3789 4506 4527 6065 6918 8190 9874 9923
403 713 956 1214 1651 3373 3977 5086 6091 6249 6967 7205 9548
404 2 370 838 1557 1669 1685 2340 2795 3240 4172 6306 6505 7296 7659 7791 7986 8024 9559
405 1965 2516 4213 5207 5412 6004 6021 6534 7881 7970 8183 8682 8824 9009
406 1203 2194 2318 2483 3566 5069 5144 6129 6758 7155 8902 9000 9839
407 141 1682 2030 2086 2288 2402 3032 4133 5033 5089 6168 6451 7030 8042 9027 9481
408 1411 1838 1930 2963 3521 4199 4564 5655 5800 5905 6041 6931 6938 7541 8654 9697
409 259 1565 1956 2735 3262 4032 4867 4988 5382 6270 6940 7105 8063 8815 8922
410 194 692 984 1426 2568 3356 3602 3911 5836 6379 8005 8105 9812
411 309 979 1398 1799 2299 3027 3660 4815 4845 5643 7274 8045 9432
412 79 989 1216 1569 1668 1890 2121 3359 3716 3923 4949 5075 5331 6470 7242 8098
413 151 511 539 1801 2279 2962 3000 6436 7508 8193 8302 9075 9358 9593
414 253 415 1386 1590 4930 4985 5126 5295 5304 5623 7365 7699 8107 8796 9112 9391
415 628 847 2262 2874 2954 3547 3802 5138 5372 5643 7274 7622 7875 8387 8703 9968
416 901 1208 1362 1522 1943 2431 2698 3000 3198 5658 7730 9007 9995
417 278 379 745 1161 2240 2810 3065 3917 4203 5659 7770 8199 9655 9768
418 1326 1616 2137 5085 5276 6147 6712 7196 7856 8163 8881 8969 9301 9707
419 2035 3181 3442 4833 7434 7732 8262 8967 9482 9802
420 247 1668 1683 2913 3375 3940 5036 6725 6793 7451 8101
421 298 897 2034 3012 3551 3999 4343 6396 7298 7782 8557
422 226 257 1457 2345 2408 2615 3181 3405 6388 6506 7456 7697 7836 8910
423 3 424 979 2264 3664 4790 4880 5304 6037 6070 6394 7264 8863 9366 9848
424 250 489 765 1716 1752 2240 3246 3503 4822 4898 6574 6613 9111 9623 9759
425 44 382 599 979 2962 3046 3278 3287 4356 4441 5155 5296 6034 7489 8912 9023 9412
426 1299 1727 2453 3368 4043 4560 4576 4650 5763 7234 9258
427 63 574 1083 2123 2458 4328 4522 4635 5617 7484 7968 7992 8363 8491 8804 9686
428 1267 1342 1848 1927 3318 3796 4304 4857 6380 7272 7652 7961 8157
429 467 1357 3297 5496 5599 5903 6613 7652 7819 8502 8901 9090 9583
430 2883 3800 3988 4393 4687 5788 6091 6266 6997 7453 8773
431 660 1154 2667 2929 3743 4265 5278 6384 6390 6417 6737 6956 7680 7889 8293 8599 8600 9635
432 526 2850 6002 6470 7810 7923 9142 9216 9398 9606
433 774 1677 2013 2393 2487 2671 2842 3032 4985 6035 6327 7577 7902 8373 8572 9582 9737
434 444 652 1838 2078 2555 2870 3203 3739 4712 4863 4898 5023 5846 6447 7430 8619 9301 9461
435 1054 1794 1916 2228 2466 3143 3185 4228 5233 5473 7429
436 655 1015 1638 3101 3530 3616 3716 3894 4028 4291 7541 7659 7811 9206
437 427 1617 3770 3948 4913 6638 6722 7947 8063 8341 8439 9659
438 1330 2288 2666 4416 4688 5233 5474 7357 7947 8239 8480 9348 9622 9764
439 477 541 1219 1666 1871 3194 4027 5144 5553 6368 7319 7377 8724 9445
440 352 409 420 447 1084 1774 2555 3132 3199 3783 4311 4417 5105 6613 7611 8272 8284 8567
441 1048 2706 2761 2962 4476 4783 5408 5613 6613 7119 7136 7884 8268 8898 9197
442 790 1932 2438 2995 3796 5097 5356 6436 7476 7858 8117 8156 8979 9197 9706
443 321 767 1851 2143 3381 3453 3977 4459 4502 4847 5189 5742 6289 6855 8316 8854 9244 9809
444 254 387 1017 1105 1240 1492 2240 4938 5715 6064 6478 7565 8073 8363 8644 9704
445 1521 3175 3314 3740 5153 5743 7641 7652 8684 8788 9146 9271 9363 9858
446 244 535 1190 4364 4918 6387 8083 8766 9111 9469 9626
447 1637 2555 2825 2830 4770 5492 6577 6925 7415 7454 7721 8431 8775 9520
448 1057 1684 2133 2522 2553 3776 5131 6258 6406 7713 7715 8461 8674
449 372 1216 2271 2285 2918 2947 4349 4620 4683 5870 7199 7973 9029
450 1392 1668 1753 1945 2962 3584 3744 4927 6674 8547 9214
451 968 2048 4327 4563 5060 5064 5482 5604 6424 6833 7235 9603 9675 9727
452 1176 1473 1801 2761 3206 3835 3995 4760 6258 7480 8187 8292 8583
453 31 146 834 2771 2776 2801 6373 7800 8386 8839 9221
454 168 1795 2555 2557 2741 3290 3671 4783 5337 5545 5726 5796 6144 8150 8287 9943
455 3 195 229 806 1824 2240 3371 3970 6593 8390 8397 8711
456 2417 2992 3010 6153 6452 6688 7783 7883 8284 8887 9225 9437
457 4341 4564 5174 5669 6267 6731 6909 7651 8400 8705 9996
458 1215 1652 2126 3427 3605 3708 5003 5150 6387 7232 8795 8928 9648
459 222 1813 2085 2787 2896 3299 3725 4066 4318 6240 7153 9259
460 79 321 516 1257 2657 2896 3693 4449 4530 5008 5054 5103 6327 8167 9369 9892
461 155 171 1468 2022 2836 3894 4023 6613 7134 7963 9032
462 139 274 467 611 1268 1969 3763 4119 5539 6357 7703
463 321 646 902 1774 1923 2027 3103 3422 3437 3468 4735 5604 5799 6074 6176 6254 7888 8834 9398 9816
464 95 181 614 925 2024 2886 2952 5130 7517
465 2986 3658 4216 5326 6640 7190 7523 7532 7751 7893 9386 9416
466 192 377 2405 3533 4642 4677 5138 7997 9280 9647
467 2 197 2157 2350 3012 3695 4683 4726 5292 6398 7933 8634 9513
468 1340 2464 2982 3306 4495 6957 7535 7867 8830 8889 9857
469 246 927 2275 2327 2790 3251 3941 4650 4705 5962 6158 6215 7270 7797 9453 9558
470 2167 2451 2849 3237 3995 4377 4478 4636 6075 7186 7553 7998 8433 8920
471 1563 2085 2611 2797 3486 4684 5307 5597 5945 6103 8559 8720 9089 9307 9861
472 461 1703 1991 2369 3098 4916 5280 6605 6938 7068 7493 8090 8994
473 182 1091 1634 2882 3308 3584 3894 4549 4892 5177 6645 7112 7968 8357 8822
474 1138 1225 1669 3412 4139 5637 5880 6143 6811 7177 9235
475 629 1371 2480 3269 3907 4178 5034 5415 7550 7615 7699 9179 9462 9867
476 1695 2121 2150 2272 3113 3476 4461 4852 5341 5546 6486 6762 9069 9563 9868 9981
477 2 699 745 869 2340 2711 2903 3094 4578 6773 7202 8082 8700 8814 9007 9459
478 479 939 1496 2068 2905 4376 4389 4444 5802 5874 7275 8994
479 746 991 3982 4947 5992 6896 6926 7869 8469 8476 8544 9192 9995
480 6 1432 2155 2693 4123 5004 5139 5158 5197 5271 5340 6622 9522 9959
481 1150 2531 3154 3485 5076 5527 5937 6481 6974 8927 9244 9564 9842
482 2992 3616 3821 4135 5159 5237 5346 5982 6467 6664 7058
483 2 79 811 1224 1832 2959 3182 3758 8083 8558 8981 9050 9231
484 733 1362 2240 2466 3389 3467 3985 5244 5275 7347 7535 7949 8512 9822
485 478 591 847 1663 1743 2105 2288 2643 4132 4249 5728 6522 6931 7769 8940 9586
486 906 3620 3732 3982 4354 4586 6404 6457 7105 7582 7720 7983 8050 8275 9290 9465
487 128 836 2251 3891 4326 6043 6747 7074 8508 9201 9429
488 193 251 2518 2843 2983 3012 3610 3766 4052 4157 4497 4544 5613 6467
489 955 1745 2240 2501 2953 3124 4102 5219 6425 7203 7859 8039 8700 9256
490 769 1633 3905 8501 8740 9165 9257 9362 9533 9611 9796
491 18 636 3440 3970 3990 4119 4323 6347 7240 8939 9670
492 1445 1920 2388 3608 4537 5715 6125 6354 6674 7369 8370 8825 8895
493 321 831 984 1635 1702 2493 3270 6224 7925 9092 9955
494 1330 1515 1705 1877 2492 2660 3346 3817 3895 5636 6332 6457 7634 7691 7940 7949
495 1905 2950 3668 4144 4845 5458 5694 6987 7153 7876 9675
496 321 1841 1881 1937 2791 2981 3672 5024 5649 6444 6534 7134 7755 7762 9244 9354
497 110 1378 1787 2485 3711 3741 3864 4891 6478 7021 8719 8774 9244
498 155 183 442 1262 1325 1907 2031 2426 2730 3005 3320 3895 6222 6501 8792 9443
499 257 304 779 1299 1813 2128 2550 3623 4298 5706 6008 7815 9606 9908
