100
0 6 14 24 25 34 49 91 97 104 110 138 176 180 186 281 425 505 709 797 949 1368 2498 2594 3053 4040 4048 4227 6045 6052 6614 6779 8949
1 32 38 42 77 83 116 139 168 174 219 299 342 357 412 425 452 461 472 551 810 898 899 1128 1183 1360 2306 2343 3032 6092 6949 8009 9478
2 40 56 62 101 125 132 142 145 162 206 208 230 296 339 530 583 666 779 804 1262 1877 2059 2247 2373 2836 3244 3790 4674 4850 4942 5431 6338 6677 7546 9311
3 6 12 26 28 66 72 77 83 86 101 106 122 143 205 419 507 853 1288 1362 2067 2191 2805 3349 3659 5803 6064 6329 9607
4 8 11 20 22 29 60 62 66 78 86 97 120 222 319 323 392 514 589 818 862 1377 2413 2460 2894 3175 3769 3946 5196 7122 8428
5 0 1 2 3 4 5 7 8 9 14 15 16 21 23 27 37 41 75 97 113 116 117 138 155 168 199 303 362 599 933 968 1209 1756 1966 2478 2498 3110 3881 4552 5197 5863 7497
6 16 19 36 49 60 62 64 65 67 69 74 112 120 150 159 173 199 209 222 256 298 489 551 557 648 659 735 774 976 1106 1765 1862 2840 3478 4009 4221 4809 6702 9138
7 0 1 2 4 6 7 11 15 21 30 31 38 41 50 51 63 66 74 118 119 167 170 176 303 331 380 398 485 807 848 948 1296 1315 1590 3548 4752 4848 5222 5429 6031
8 35 42 51 77 79 87 118 125 135 179 275 283 343 487 500 513 767 815 1290 1588 1735 1754 2014 2491 2622 2928 3059 3179 3774 4152 5186 6555 9085 9262
9 0 1 2 3 6 7 9 15 19 20 52 55 88 95 99 101 122 123 138 174 187 219 232 293 297 656 676 938 951 1756 2652 2973 5641 6234 6729 9442
10 0 1 2 3 4 5 7 8 12 15 17 19 28 38 41 44 65 93 94 119 129 138 200 652 715 934 1079 1361 2848 3252 3430 4386 5170 5926
11 7 10 14 24 25 30 43 48 61 70 72 76 79 158 234 347 356 399 465 477 502 505 633 946 1495 1509 1571 1758 1967 2060 2433 2611 3164 3358 6126
12 5 10 12 14 19 22 32 48 51 129 130 138 168 192 207 245 301 393 421 439 506 533 554 595 678 790 878 879 979 1082 1310 1481 1502 1973 2688 2990 3751 3983 7182
13 40 43 48 52 56 71 90 99 184 207 230 237 252 355 358 524 600 851 1010 1318 1424 1642 1951 2169 2282 2491 3257 6558 6684 7027 8688
14 40 68 71 92 107 110 112 140 153 165 220 288 338 708 898 1116 1477 1681 1704 2153 2268 3243 3417 3632 3689 3842 4974 5059 7676 8055 8660 9894
15 49 59 69 85 160 165 168 230 239 241 265 300 345 355 375 521 858 1290 1570 1880 2143 3345 3429 3561 3858 4146 4500 4928 6044 7734
16 20 25 35 44 56 90 156 186 195 256 270 276 291 417 450 456 481 506 725 916 1027 1207 1579 1709 1811 2751 3950 6630 7791 9843
17 0 1 2 3 5 7 8 10 11 14 19 20 21 23 34 42 67 94 96 186 285 346 435 454 665 759 797 1710 3274 3900 4278 5893 6049 7818
18 11 16 17 18 20 27 33 34 35 37 39 50 55 60 66 77 138 161 162 202 213 221 251 267 355 452 583 608 613 628 708 731 747 1395 2222 2657 4302 5634
19 17 18 30 47 48 56 82 88 100 128 131 154 250 252 271 297 298 333 354 704 1114 1216 1333 1658 1685 1900 2564 3447 3455 3861 4120
20 0 1 2 3 4 6 8 15 17 20 26 35 41 49 105 107 148 158 206 336 379 406 676 712 989 1005 1168 1290 1481 1919 2979 3317 9562 9798
21 9 10 16 23 34 58 70 95 174 244 275 325 457 567 583 606 611 750 947 1271 1407 1452 1506 1828 3648 3989 4162 4247 4482 5120 5604 6480
22 0 1 2 3 4 5 6 7 11 22 24 28 40 47 49 66 89 96 157 168 173 205 230 442 458 462 584 822 933 1290 1310 1737 2045 6731
23 0 1 2 3 4 5 6 7 8 11 17 19 26 28 33 35 39 50 53 55 107 129 138 152 233 1042 1152 1156 1438 1948 1959 1967 2579 3324 5834 6698
24 0 1 2 3 4 6 7 8 9 11 16 23 34 35 37 50 108 112 121 138 179 391 485 632 719 799 1591 1697 1913 2051 2282 2431 2451 3796 4452 5566 6348 8114 8702 9742
25 0 1 2 3 4 5 6 8 12 13 14 21 22 36 74 106 109 127 226 249 342 409 463 757 807 952 1293 1482 1490 1859 2191 2264 2546 9677
26 39 57 66 75 81 118 209 215 225 238 379 428 533 657 750 1037 1108 1375 1416 1483 1931 2029 2315 4448 4929 5205 5855 6156
27 6 8 9 10 11 12 17 20 23 24 29 32 37 47 53 57 60 63 71 105 119 155 212 240 286 295 411 468 574 601 984 1137 1225 1345 1495 2148 2769 2960 3266 3389 5812
28 6 10 11 12 13 14 16 22 23 63 91 114 135 180 209 217 232 264 268 332 544 557 655 709 842 960 975 1000 1140 1263 1506 1741 1917 2968 6424 6785 7971
29 46 48 57 64 78 82 98 115 129 141 154 176 211 214 215 223 229 238 289 302 349 554 659 819 1015 1214 2746 3528 5617 5791 8486 9225
30 5 6 9 10 14 15 24 29 37 41 51 62 117 121 134 145 170 196 288 314 431 715 914 968 1026 1583 1754 1963 2048 2156 2522 2967 4325 5792 6097 6696 8875 8938 9471
31 27 31 38 57 97 99 125 130 142 176 179 248 304 323 356 401 470 506 546 581 698 971 1065 1123 1841 1958 2738 4032 4361 5165 7624 7924 9906
32 0 1 2 3 4 5 7 8 9 15 17 18 29 37 44 51 55 67 83 105 121 148 161 225 272 301 309 402 554 645 830 861 900 1150 1663 1865 2882 3458 4364 5921
33 12 14 15 19 20 22 28 31 32 60 73 91 120 188 231 347 358 419 509 539 602 940 961 980 1011 1414 2233 2444 3119 3563 3699 3790 5167 5294 6697 7373 7387 8488
34 0 1 2 3 4 6 7 8 15 16 18 19 51 54 57 62 69 106 126 155 176 322 363 371 395 412 514 587 594 817 866 1089 1233 1372 1446 1737 3097 3140 4659 6130 6755
35 5 7 10 15 25 27 44 49 52 55 89 96 114 128 137 186 259 316 344 471 476 483 529 763 836 1074 1150 1909 2239 4164 4613 5221 6012
36 7 25 41 51 63 67 71 99 105 134 138 161 179 278 328 406 412 469 513 561 714 1027 1127 1388 1532 3110 3730 4051 5005 5361 5959 6137
37 10 24 27 36 45 73 76 87 102 130 151 185 246 332 355 706 816 1021 1097 1100 1576 1748 1959 1985 2096 2983 3500 4362 6662 7367
38 45 56 58 81 119 129 137 174 252 408 445 459 582 607 842 1041 1147 1239 1266 1714 1882 1991 2992 3299 3926 6229 7373 7764 7776 7977 8131 8516 8704
39 0 1 2 3 4 6 7 8 9 13 21 25 26 56 94 99 118 169 189 204 322 546 632 701 750 796 1251 2128 3813 5381 7593
40 10 14 16 27 50 51 54 57 64 76 113 156 161 167 173 194 308 359 363 528 559 700 715 766 803 1027 1502 1627 2423 3044 5546 7055 7117 7181 7481 9593
41 4 5 6 24 34 39 43 49 51 52 54 75 287 378 410 1837 2014 2780 3017 3784 4241 4618 4858 5688 5797 5801 7591
42 7 11 12 18 19 23 27 29 33 36 39 44 62 82 86 88 137 210 214 218 247 250 280 284 331 490 516 561 595 655 669 908 935 1039 1058 2153 3198 4225 5154 7347 7606 9519
43 27 29 47 73 74 93 108 110 121 124 134 162 213 231 237 265 314 325 409 415 446 785 803 890 1190 1333 1408 1866 1958 1988 1993 3016 3317 6035 6423
44 34 43 46 56 58 72 76 77 109 133 135 146 151 162 164 197 202 214 332 498 650 708 719 1051 1213 1610 1826 2076 2091 2196 2575 2785 2951 3604 4089 5014 9502
45 28 60 96 102 132 133 178 189 222 282 414 420 488 493 576 653 697 708 757 791 978 980 1142 1627 1783 2254 2360 2486 4271 4281 4657 5051 5909 7956 8729 8766
46 40 59 83 102 103 122 133 151 202 210 228 267 414 425 438 445 534 644 654 739 970 1066 1091 1142 1166 1474 1502 1746 4581 6005 7135 7600 8585
47 30 32 79 103 105 110 130 170 188 218 313 404 454 565 641 652 670 1268 1310 2264 2478 2897 3033 3151 3692 3751 4146 4238 4791 5161 6074 8055 9017
48 0 1 2 3 4 5 6 7 8 9 11 19 25 27 28 33 35 55 74 79 96 103 124 138 218 248 300 366 1260 1371 2825 2863 2920 3684 3692 4821 5728 8616
49 0 1 2 3 4 8 11 14 19 23 24 28 29 35 42 51 64 88 108 118 123 138 235 272 297 419 646 1752 1959 3097 3236 6137 7718 7970 8973 9957
50 25 26 29 31 32 33 124 125 127 159 251 268 418 455 487 827 968 1147 1310 1482 1620 1624 2126 2184 2227 4761 4864 4995 6354 8702 9952
51 0 1 2 4 6 7 9 13 14 17 21 22 23 24 27 28 33 45 63 78 159 200 213 288 334 508 597 725 788 966 1728 1989 2410 2420 2818 4606 4705 8783 9234 9365
52 1 8 9 26 47 72 145 225 229 239 243 248 310 365 381 384 467 676 724 753 859 1361 1482 1601 1714 1950 2088 2190 2327 2702 2818 3761 3849 4025 5625 6001 6514 7895
53 0 1 2 3 4 5 6 8 9 11 12 13 15 17 18 19 21 22 23 62 100 114 136 161 171 187 236 243 251 724 1428 1434 2052 2135 2218 2262 3038 8512 8629
54 19 26 27 33 92 110 114 127 131 189 219 231 243 290 296 308 309 329 330 358 404 541 628 727 780 793 962 1272 1506 1721 1867 2087 2291 2477 3013 3424 3881 4088 4632 4656 4757 4914 5447 8692
55 20 24 35 52 107 138 167 171 173 208 239 262 355 412 463 735 946 1106 1200 1246 1459 1882 2078 2819 2913 2965 3815 4850 6149 7040 7062
56 14 28 32 49 54 58 60 89 131 181 191 250 278 320 393 490 524 762 846 880 933 1035 1136 1235 1278 1502 1866 2247 2264 3715 3756 4244 4371 5276 5526 5795
57 0 1 2 3 7 8 10 11 14 16 20 21 25 28 53 63 69 82 83 116 136 268 372 456 619 1572 1595 1706 2062 2458 2683 2883 3975 4859 5724 9566
58 9 14 24 35 55 70 73 89 99 101 128 134 138 148 175 224 264 329 396 437 550 760 909 936 1077 1378 1866 1902 2619 2955 2986 3768 4104 4133 4474 4685 5850 6604 8076
59 22 31 64 65 75 82 93 111 125 127 167 203 216 225 323 621 725 762 769 902 977 1011 1264 1429 1566 1728 2187 2295 2479 3843 6238 6408 8601
60 11 21 24 28 30 33 35 43 48 65 67 68 78 81 83 113 115 201 338 355 409 417 525 666 1312 1393 1909 2052 2397 2562 2730 2848 5371 5605 6304 9609
61 26 30 45 48 60 65 81 91 97 111 137 148 205 239 253 266 323 349 362 374 444 480 688 762 1699 1824 1991 2134 2609 6748 6979 8272
62 6 7 9 13 15 22 25 37 80 83 90 95 120 138 147 178 182 205 211 216 245 248 259 277 497 510 539 928 1017 1053 1571 2475 3400 3488 3879 5731 6847 7195
63 43 44 51 128 132 138 216 225 234 314 351 392 442 579 689 815 848 954 1358 1549 1939 2385 2611 3034 3252 3330 3811 4682 5422 5447 7733
64 16 52 64 112 170 176 216 336 397 591 679 689 798 800 856 1035 1056 1215 1397 1443 1503 1510 1552 1598 1704 1721 2152 2261 3395 5038 5376 6229 6258 6655 7589 7712
65 6 9 24 26 45 54 59 76 91 116 131 139 144 147 155 173 200 503 742 890 941 1582 2052 2098 2791 3056 3293 6205 7287 8401 8518 9493
66 27 29 37 47 54 59 65 67 93 101 124 131 145 158 292 343 462 845 866 875 976 1087 1413 1865 2142 3535 3839 4001 4319 4350 6656 7316 7325 7658 8116
67 0 1 2 3 4 5 7 14 15 18 19 21 25 27 28 36 38 39 68 129 157 229 375 511 519 779 891 1623 1671 1843 1863 1956 2132 2195 2706 3689 3767 3975 7687
68 33 37 40 41 55 82 98 117 132 159 210 296 302 309 328 371 377 475 653 664 760 772 1296 1566 1876 1889 1894 2507 2904 4630 4838 5689 6820 7986 9359
69 5 6 7 9 13 17 18 32 33 54 57 58 63 69 73 99 109 119 141 245 276 358 388 427 756 762 977 1061 1119 1279 1446 1482 1499 1522 1593 1883 2177 3520 3561 6767 7231 8180
70 22 23 59 84 94 102 112 126 154 203 218 224 316 367 389 566 577 699 721 738 940 1034 1156 1211 1497 1755 2119 2219 2545 2848 3097 3135 3414 3508 3613 3884 4099 4648 5064 5661 6565 6616
71 9 13 15 17 18 22 34 37 42 54 75 98 105 147 165 169 170 172 255 257 590 768 799 903 906 1073 1334 1456 1671 2078 2696 3097 6166
72 20 26 46 51 54 60 67 84 91 103 111 138 180 194 246 248 313 324 327 332 755 1353 1384 2094 2195 2473 2859 3828 6094 7797
73 10 15 16 17 23 37 46 57 69 71 95 99 109 115 172 197 224 309 380 382 589 609 686 753 916 968 1232 1866 2060 2424 3166 3528 3708 4680 5479 6410 9794
74 0 1 2 3 4 12 13 16 19 21 22 36 40 58 64 126 142 148 184 234 258 264 275 418 435 517 612 621 625 659 992 1210 1332 1401 1979 2385 3502 6450 8365 9295
75 10 23 29 46 70 89 92 100 108 145 161 182 210 235 253 268 302 346 360 447 553 562 945 1062 1314 1337 1370 1671 5519 6284
76 0 1 2 3 5 6 8 10 11 16 17 22 27 34 35 39 43 45 47 48 103 108 128 129 155 245 305 455 556 867 869 900 2060 3228 3279 6288 8095
77 9 10 16 18 19 20 21 59 68 75 76 78 81 134 161 197 207 222 244 273 433 447 499 554 651 1130 1593 2517 2657 2942 4138 5350 6745 8466 8733
78 12 13 14 15 18 20 24 25 32 44 45 46 49 77 122 126 218 276 375 422 429 885 1105 1402 1677 1686 2568 2664 3700 4477
79 12 27 34 47 53 62 142 152 233 240 260 277 378 436 733 847 912 997 1201 1459 1601 1975 2377 2886 3894 3969 4023 4048 4793 5350 5520 5773 8244 8978
80 9 12 13 19 31 35 38 41 44 117 179 181 214 215 248 254 321 351 365 422 553 1044 1442 1511 1572 1815 2147 2759 2961 8586 9678
81 26 45 53 103 122 131 138 144 151 170 220 322 527 549 552 582 622 632 667 743 764 824 860 1216 1432 1544 1750 2414 2601 4157 4625 4857 5091 5207 5447 9793
82 8 26 42 61 67 93 128 137 143 155 163 187 242 247 492 602 610 707 825 841 968 1077 1610 1671 1906 2014 2078 3895 3943 4514 4597 4801 5417 7774 8241 8427 9360
83 18 27 33 50 55 64 104 106 118 121 135 176 197 213 221 227 231 298 448 545 554 797 916 1165 1626 1932 2415 2456 2634 2795 3244 3661 7473 7559 7672 8672
84 5 12 17 21 28 30 34 38 42 44 50 53 58 88 114 137 154 198 204 233 333 340 776 885 926 1080 1269 1737 1921 2147 2430 2469 2542 3222 3949 4096 4347 5084 5490 5597 6523 8044
85 4 5 8 13 14 25 31 38 40 53 56 59 69 73 90 114 120 121 176 216 217 226 412 475 758 912 1449 2024 2065 3559 4240 4390
86 0 2 3 4 5 7 10 11 13 21 23 33 77 79 96 98 218 227 238 351 485 500 1121 1318 1340 1757 1896 2051 2221 2987 9041 9514
87 11 96 144 191 206 227 232 251 293 327 353 534 730 759 809 881 907 1178 1434 1772 2219 2334 3313 3359 3444 3843 4264 5329 5368 5383 6412 6834 8295 8801 9574
88 0 1 2 3 4 5 8 12 17 19 21 24 26 29 38 42 45 47 68 92 100 117 169 672 796 869 1263 1503 1583 1591 3915 5778 6025 7777
89 1 6 15 16 19 28 30 44 60 72 75 87 112 156 169 178 199 206 257 267 281 498 538 636 669 682 726 837 968 1861 2019 2527 3137 3354 3526 4618 4971 6087 8579
90 6 13 16 17 26 60 63 67 69 72 81 97 122 140 212 229 310 350 519 899 953 969 975 1165 1260 1363 1504 1653 1782 2516 2581 3560 4171
91 0 1 2 3 4 5 6 7 11 12 19 48 49 55 60 84 111 112 114 142 164 327 407 443 473 651 663 817 859 2477 2591 2665 3003 3244 4148 4370 5275 6018 8088
92 0 1 2 3 4 5 7 8 14 20 21 24 25 30 40 41 50 68 71 73 121 141 364 399 475 549 585 715 1054 2360 3676 4630 8444 8948
93 36 57 87 109 114 139 172 183 186 251 269 307 352 414 572 597 607 645 740 796 2198 2285 2509 2591 2852 3209 3525 3600 4336 4620 4994 5446 5902 6131 6952 7918
94 19 21 30 32 33 34 43 59 77 85 88 117 156 218 258 318 321 337 338 374 619 932 1008 1788 2329 2402 2576 4299 7590 8103
95 37 47 71 84 111 126 133 165 212 228 235 258 278 299 335 402 433 482 554 568 580 740 963 1073 1515 2348 2436 3893 6147 6629 6913
96 4 5 6 29 36 41 44 67 84 138 143 153 158 180 182 196 197 350 360 391 437 442 448 723 968 1099 1389 1461 1495 2212 2684 5020 6438 9357
97 11 23 60 63 67 106 127 132 135 190 209 210 273 278 282 306 317 388 601 659 772 777 914 957 982 1275 2745 3704 3753 5381 5507 5931 6226 6831 9203 9208
98 0 1 2 5 8 9 13 17 23 26 27 40 42 43 46 52 56 106 157 175 179 205 236 410 556 1487 1636 1658 3097 3849 5645 5748 6201 6400
99 10 12 13 17 31 34 43 46 65 82 85 119 152 160 183 192 217 257 308 488 562 637 908 1257 1628 1635 1679 3420 3654 5774
