500
0 745 1025 1277 1400 1608 1669 2528 4111 4216 4580 5085 5604 5715 9402 9520
1 1219 1666 3156 4176 4197 5251 5398 5553 5857 5996 6368 6614 7482 7677 8635
2 557 699 719 2123 2437 2842 3418 3521 4008 4090 5574 6371 6656 6712 6861 6899 7055 9485
3 3 379 1893 2264 2421 5073 5301 5549 6021 6613 6626 7393 9237
4 79 1348 1574 2605 3072 3456 3681 3961 3967 4090 4618 5875 5920 7701 7862 9301 9646
5 30 243 860 1275 2083 2972 3348 4341 4402 7270 7594 7634 7830 7834 7938
6 117 2962 4004 4681 4893 5716 5847 6411 6827 6848 7076 7438 7531 8130
7 321 845 1844 2005 2599 2936 6406 7289 7835 7899 8666 8879 9188
8 1582 1757 1875 1919 4013 4377 4548 4772 5516 8142 9935
9 415 1044 2065 2714 3178 5098 5944 6064 6742 7069 7267 7762
10 373 2673 3029 3270 3567 3915 5190 6193 6524 7429 8474 8792 9075 9838
11 1068 1884 1951 3012 4272 4366 4651 5099 6048 6133 6526 7563 9678
12 1097 2227 2324 3065 4509 4914 5486 6044 6054 7305 8952
13 1281 2986 3380 3730 4122 4366 4855 5439 8978 9403 9636 9876
14 1639 2447 3375 4550 6840 8549 8788 9384 9404 9620 9986
15 183 863 1937 2121 4736 4764 5040 5135 6169 7220 7344 7613 9348
16 759 2277 2593 2610 4718 5775 6891 7228 7295 8343 8509 9021
17 1695 2150 2272 3113 3476 4461 4852 5546 6428 6762 8105 9007 9069 9270 9563 9868 9981
18 1913 2297 2722 2919 5454 5682 5695 7342 7670 8264 8711 9007
19 153 1028 2846 4045 4985 5859 6026 6493 7937 8907 9287
20 741 3650 3782 3874 4370 4527 4668 5148 5412 7008 7425
21 2704 3108 3125 3709 3896 4491 4848 5307 5457 5768 6328 7356 7568 8102 8190 9906
22 1027 1064 2118 2476 3103 4561 7220 8481 8645 8866 8994 9654 9871
23 353 779 935 1256 1848 2447 2708 4256 4781 7555 7593 7779
24 1125 2750 3203 3262 3267 3598 4602 5172 7810 8310 9035 9225 9293
25 370 476 731 1802 2049 2346 2414 2951 3308 3805 4179 5507 6686 6703 7736 7975 9244
26 265 1727 2033 3251 3697 3761 4060 4124 4283 6184 7639 7845 8635
27 629 691 811 1224 1757 3342 4063 4467 4488 5725 8466 8990 9731 9822
28 298 897 2034 3551 3999 4343 6396 7298 7782 8557 9968
29 79 1362 3389 3467 3843 3985 4199 5244 5275 6184 6938 7105 7535 7699 8309 9968
30 511 689 1018 1033 1248 1989 2818 3371 5130 5687 7593 9334
31 921 2662 3012 3410 3451 3982 4315 4592 6742 6826 7351 9066 9566
32 678 2331 2501 2582 2647 5641 5752 6185 6799 6991 7344
33 273 751 1084 2790 2985 3808 4011 4667 5010 8134 8890 9642 9830 9954
34 580 713 719 3481 3736 4608 4889 5086 6917 7376 8021
35 493 1238 3720 4081 4685 5410 5492 5601 5609 6131 6218 6269 6718 8043 9244 9459
36 121 935 1474 1680 2240 3284 4487 4522 4564 4758 6049 8335 9019
37 1552 1617 3770 6638 6677 6722 7826 7947 8063 8341 8775
38 503 664 1774 1923 2800 5673 6607 7159 7273 7986 9848
39 1054 2228 2240 2466 3143 3185 4228 5233 5473 6534 7219 8027 8918
40 29 133 1314 1987 2247 2288 2383 2436 3280 3375 5565 6043 6258 8492 8931 9736
41 125 694 943 1647 2089 3591 3877 3900 3982 7055 7245 7287
42 702 1032 1343 2545 2555 3278 3638 3891 4022 6404 7461 8272 8551 8734 9646
43 2121 2145 2745 3180 3504 4375 5620 5800 6402 6873 7314 7784 7787 8423 9045
44 3181 3783 4162 4311 4338 4557 5379 5644 5713 5802 5895 6295 6398 7302 8223 9267
45 212 691 2060 2210 3275 3371 3553 4147 4855 5006 5762 5868 6025 6963 7680 7694 8528 9293 9444 9527 9576 9638
46 114 1201 1409 1770 2457 2654 3431 3465 5307 7225 7547
47 254 486 1183 1464 1469 2463 2755 4650 4720 5917 6354 6374 8315 8730 9656
48 272 3115 3847 4197 4782 5217 5645 5679 6892 7118 7945 8711 9618
49 1526 1673 2044 2240 2848 3060 3448 5683 7413 8378
50 259 1832 2073 2959 3182 7318 7710 8083 8558 8981 9028 9231
51 935 1470 2259 2680 2693 4913 5038 5838 5912 6029 6101 6628 6938 7531 7840 8049 8700 9482
52 397 447 474 645 1077 1306 1975 2416 4838 5179 8130 9529 9909
53 1861 2538 2622 3552 4349 5984 6042 6570 7188 7424 7902 8908 9190 9200
54 321 591 1231 1256 1445 4436 5404 6858 7257 7943 8873
55 168 254 1134 1482 3282 3290 3671 3894 4783 4920 5228 5545 5726 5758 6144 7357
56 1746 3353 3736 4462 4552 4855 5199 6003 6024 6511 7340 8332 9106 9330 9493
57 209 815 925 2288 2509 3012 3626 4218 4362 4644 5326 5401 5412 8431 8459 9199 9725
58 1361 1728 1871 3149 4188 4937 5113 5439 6151 6975 6985 7699 7764 8492 8969
59 2557 2636 2987 3298 4402 4669 4781 4816 5023 6656 7354 7880 7949
60 979 1176 1585 2649 2763 2935 4303 4349 5299 6375 7403 9265 9844
61 833 1093 1696 2054 2128 2288 2512 2701 3227 3657 3673 4051 5775 6095 7652 8259 8610 9340
62 2820 3728 3828 4391 6004 7274 8095 8826 9542 9704 9891
63 181 309 801 1886 2717 2724 4327 6832 7216 7253
64 735 942 1462 2286 3982 6350 6354 6752 7369 7512 7656 8716 9126
65 477 502 788 863 873 1668 2234 2353 2666 2713 3607 4110 4348 4785 5546 5780 6901 6913 7142 7235 7631 8423
66 653 788 2390 2927 3387 5162 6316 6692 6804 6938 7956 9278
67 544 2490 2962 3541 4715 4947 5114 5170 5446 8158 9007 9393
68 194 321 372 692 984 1426 3911 4090 6379 7199 7429 8053 9029
69 95 614 1194 2166 2483 2695 4285 5069 7020 8174 9506
70 434 1082 1598 1898 1934 3025 3099 3494 4042 4924 6985 7898 7981
71 647 1007 1960 2401 3391 3512 3993 4970 5324 5494 5763 8641 9336
72 36 1012 1184 2072 3020 4725 5066 6938 7234 7375 8462 8981
73 128 836 2950 4845 6043 6987 7074 7451 8508 9429
74 374 2438 3205 3555 4368 6080 6700 7051 7793 9426
75 1052 1508 1588 2630 2724 3032 3378 3994 5963 7364 7440 8125 9264 9545
76 345 389 935 1619 2009 2070 2240 3134 5349 5444 8796 8831 9402 9615 9679
77 373 2620 3028 3151 4909 5719 6596 7652 8189 8434 8623 9792
78 10 1457 1534 1537 2520 2566 2719 2730 5964 6122 6650 8098 9155
79 79 116 506 1776 2006 3899 5012 5391 6180 6562 9837
80 639 1712 1725 1852 2218 3156 3533 4192 5386 5451 6602 6739 7786 8033 9383 9476
81 378 1688 2977 4093 4991 5595 5679 5944 6982 7413 8121 9633 9745
82 1753 1773 1945 2543 3147 3384 3744 4927 5483 6613 6674 7517 8460 8547
83 1867 4477 4770 5938 6504 6864 6949 7157 9070
84 1178 2941 4781 5962 7672 7850 7854 7871 8239 8525 9374 9505
85 395 1178 1864 2249 2348 3396 3669 3674 3797 4845 5828 9198 9208
86 379 888 1283 2240 2869 3331 4624 6506 6557 6762 7586 7624 8620 8994
87 770 1020 1680 1719 1880 2321 2670 3338 4012 4185 4199 6961 8530 8552 8886 9007 9899
88 79 428 524 906 1683 2240 2486 4505 4846 4959 5044 5556 5862 6699 7087 8021 8353
89 550 567 1469 1634 1727 2306 3360 3539 5341 5550 6892 7153 8840 8959 9717
90 274 427 611 1905 2892 3537 3668 4144 5694 7379 7876 8150 9675
91 2051 2262 2954 3012 3363 4120 4313 4952 5280 6537 6684 6962 7875 9287
92 231 727 1105 1563 2007 2085 2677 2784 3521 4128 5211 6148 6521 7899 8720
93 278 722 1288 1453 2462 2635 4813 5303 6847 7413 8326 8463 9716
94 628 1647 1744 2821 3782 5113 5563 6597 6635 7153 8942
95 321 655 1638 3010 3101 3530 3616 4028 4291 4340 6153 6452 7459 7541 7811 9206 9800
96 2261 2835 4115 4857 6286 6889 7057 7354 8193 8650 8994 9558
97 1127 1769 1792 3208 5678 6691 7000 7451 8464 8470 9782
98 1 7 962 1427 1651 1668 2523 5391 6189 6764 6808 7036 7300
99 1780 2031 5874 6316 6327 6772 7386 7735 7973 9103 9383
100 667 1413 1743 2105 2867 4132 6808 7153 7572 7769 7905 8577 9328 9586
101 929 1994 3190 3485 3915 4574 5298 5470 7200 8390 8739 9312
102 745 1213 1468 2222 3047 3106 3482 4857 5147 5180 6258 7783 7881 9319
103 252 724 2331 3428 3509 5975 6410 7643 7952 8293 8785 9829 9855
104 259 949 1502 2813 3076 3549 4187 4760 5149 5630 6441 8660 8982 9194 9640
105 79 760 1145 1865 2628 2696 3330 3648 3842 3936 4126 4493 5280 5848 5884 6101 6608 6613 7116 7228 7285 7429 8170 8770 8797 9040 9968
106 1202 2555 2643 3766 4904 5302 5602 8403 8767 8805 9013 9445
107 171 1123 2022 2476 2673 3524 4023 4156 4180 6212 6369 7134 7259 8140 8406 9032 9814
108 321 3539 3605 3853 3910 4405 4655 5902 6840 7497 8134 9610 9661
109 176 1000 2315 2419 2770 2820 5321 5449 5514 5668 5715 5948 6063 8422 8827 9270
110 680 3002 3017 3597 3877 6278 6773 7887 8764 8821
111 2555 2840 2965 5953 6652 6836 7047 7091 7662 8069 8352 8911 9109 9189
112 79 132 949 2121 3217 4352 5220 5748 5749 6560 6619 7013 7213 7732 8045 9316 9522 9534 9968
113 751 2231 3060 4125 4456 5030 5079 5388 6021 6299 7474 8200 8358
114 2 609 1183 1731 3602 5187 5563 6017 6866 7103 7292 9099
115 926 1670 3781 4644 4809 5507 6690 7608 7691 8265 8612 9802 9866
116 578 1122 1971 2389 2477 2978 3193 4453 4702 5006 5643 7610 8670 8992 8994
117 468 583 847 935 1336 1982 2003 2730 2979 5115 5295 5386 6338 6554 6613 7193 7498 7652 7734 8424 8431 8493 8786 9842
118 263 575 2099 2206 2671 3529 4437 5115 5241 6010 6582 7762 8795
119 896 1339 1409 1498 1962 2555 3001 3005 3394 4129 4776 5122 5950 7185 8151 8176 8209 8460 8717 9543 9903
120 79 466 1337 3007 3353 3564 3818 6290 6581 7721 7829 8626 9244 9288 9940
121 5 794 1097 3616 5285 5715 5861 6399 7196 7606 8005 9171 9316 9852
122 154 1960 3894 3918 3965 4097 4180 4459 7416 7887 7903 8387 9301
123 699 916 1043 1817 1884 2002 3121 4086 4362 4695 5296 5926 6800 7240 7381 8350
124 1079 1386 2195 2332 3643 3876 4246 4871 5947 6697 7296 8282 9750
125 35 736 778 1143 3166 3982 4899 5355 5505 6799 7622 8034
126 289 302 548 1263 2521 3916 4023 4111 5099 5962 9007 9522 9783 9936
127 319 1275 1602 1665 1668 2076 2097 3680 4034 4053 7111 8596 9872
128 2 262 3111 3317 3412 3584 4700 4725 4943 6451 7120 8046 9157
129 1357 1986 5496 5599 5903 6613 7074 7819 8901 9090 9583
130 330 487 1576 1741 2258 2978 4342 4730 5426 7686 8134 8434 9225
131 394 1299 2560 3894 3936 5069 5316 6281 6425 7422 7743 7841 7978 8291 9026 9401
132 813 911 2933 3137 4326 4466 4719 4953 5351 5819 6537 7796 9859
133 17 162 519 1765 1967 5099 5715 8337 8559 8625 8722 9939 9989
134 1178 1764 2288 4092 4229 4659 5992 6469 6656 7285 7427 8279 8476 8810 8838
135 1200 1737 2060 2113 3877 4465 6414 6442 6443 6537 6810 6938 7276 7762 8392 8552 9312 9659 9758
136 111 218 702 911 1569 2420 2704 5388 6377 6732 7133 8125 9209 9487 9890
137 758 1086 1651 1745 1769 2752 4074 4278 5681 5994 7267 7616 7694 8941
138 628 2874 2986 3547 3802 4107 5138 5372 6255 7274 8611 8703
139 769 1238 2810 6482 6922 8501 8740 9165 9257 9611 9796 9936
140 935 2287 3638 5011 5196 5889 6082 6594 6897 8850 9581 9717 9812
141 771 1590 2603 2942 3894 6056 6778 6869 7027 7857 9585 9776 9907 9977
142 629 650 835 2288 2962 3683 3932 4339 6062 6297 6602 6732 7059 7519 8742
143 2 315 549 772 1267 1486 2013 2068 3016 3827 5925 6161 6235
144 806 1192 1838 3027 3817 4490 5789 6814 6815 6968 7131 7732
145 18 1399 1625 1957 2266 2788 4869 5586 6000 6232 7613 7736 8870 9861
146 366 569 1162 2740 3105 3488 3630 4400 4580 6334 6393 6841 7036 7121 7561 7607 8158
147 272 1427 1894 2875 2891 2995 4228 5748 6105 6164 8881 9161
148 518 2447 2495 3803 4084 4136 4471 5873 7417 9602 9680
149 2120 3110 3169 5615 6371 7556 7865 7945 8939 9303 9664
150 818 1117 2216 3004 3554 4572 4820 5950 6406 6433 6485 6726 7684 8686 8723 9770 9990
151 2224 4809 4985 5135 6051 6234 6341 6659 6695 7078 8511 9183 9518 9878
152 1554 1562 2228 4324 4372 5449 6011 6692 6762 6909 7452 7499 7500 7510 7904 8020 8043 9640
153 367 1058 1946 1980 2279 2934 4732 5543 6268 6466 7116 7186 8212 8994
154 862 2834 4199 4563 4696 5444 5637 6134 6803 7526 8059 8242 9097
155 478 856 1299 2962 3074 3522 4369 6170 6208 7175 8265 8293 8617 9774 9992
156 3 861 1171 2016 2754 3758 4513 5674 5762 6644 6738 6758 7823 8563
157 79 135 2157 2182 2256 3565 3877 4161 4558 4801 4842 5892 6586 6950 7291 8236 8936 9244
158 1260 3012 3936 4611 4850 6818 7299 8040 8387 8431 8473 8703 9153 9438
159 1864 2656 2880 3530 4854 5282 6063 7183 7699 8533 8851 9075 9714
160 294 2355 2555 3421 4777 6504 6987 7252 9074 9439 9593
161 501 674 1846 2029 2319 2962 3602 4121 4955 5057 5195 7652 8027 8576 9145 9418
162 154 636 2122 2511 3936 5518 7937 7992 8845
163 28 127 1411 1939 2630 3716 5208 5437 5895 5971 7762 8328 8426 9619
164 1637 2349 2825 2830 4216 4770 5701 6577 7415 9520
165 2835 4721 5075 5904 5943 6197 6270 8090 8132 8141 9788
166 700 877 1036 1051 2736 3344 3830 3980 4402 4699 4842 5086 5533 5872 6554 9066 9535
167 2797 2986 3486 4402 4684 5597 5662 5945 6103 6226 6753 7782 7893 8296 8559 9089 9307 9861
168 350 906 1298 2327 2962 4434 5023 6053 8620 9218 9370 9791 9919
169 85 2123 2587 3059 3658 3963 3969 4589 4858 6661 7633 7762
170 990 1200 1220 1354 1497 3635 4691 4765 4933 7315 8434 8574
171 2 78 2133 3550 3679 4518 4597 5614 6162 6943 7496 8163 9800
172 325 664 1073 1222 1668 1851 4096 6080 7022 8089 8147 8148 8284
173 79 634 1507 2285 2994 4136 4463 5460 7949 8279 9020 9974
174 191 1299 1496 1518 2320 4002 5282 6185 6284 6415 8117 9256 9666
175 148 321 530 1524 1686 1866 3032 3197 3713 5310 5492 6379 6925 7454 8636 9701
176 1308 2024 2644 2781 3072 5304 5583 5812 5975 7348 7365 7960 8107 8495 9354 9931
177 300 957 1525 1540 2812 3034 3577 4527 4898 6533 7012 9244 9614
178 38 1055 1061 1504 2556 2968 3691 4422 5143 6932 7611 8982 9219
179 935 2941 3350 3526 6426 6579 6764 8502 8837 9840
180 1230 1727 2051 3012 5013 6518 6681 6705 7993 8801 8832 9975
181 1040 1767 2025 2240 3327 3968 5173 5315 6049 6371 8284 9248 9691
182 137 483 1657 2155 2414 2759 3003 4348 4579 5715 6185 7158 9139 9698 9893
183 2 79 980 1117 1454 1774 2369 2385 2608 2741 3596 3986 4686 5257 5323 6168 6574 7989 8566 9943
184 935 1299 1668 1984 2425 2437 2549 3385 3540 3894 4314 4567 4805 5176 5634 5779 6134 6675 7732 7754 8350 8766
185 631 1806 2267 3376 4129 4194 4578 6173 6539 6613 7706 8778 8782 9717 9942
186 395 889 2286 2904 2989 3017 3074 3628 5259 5497 5678 6221 6869 7699 9840
187 79 221 1340 1537 2952 4967 5827 6764 6882 7311 9207
188 400 1297 1534 2130 2714 3233 3366 5078 5375 6405 6736 7487 8248 8714
189 138 935 979 1485 1683 2559 3250 3444 3801 4672 7160 7925 8352 8503 8512 9559
190 424 2595 2986 3664 4790 4880 5304 6037 6070 6394 7264 7280 7456 8618 8685 8863 9366
191 160 450 1699 3251 3297 5006 6002 7220 7568 7848 8143 8146 8502 8994 9460
192 2 2194 2275 3941 4539 4650 4770 6158 6215 7151 7338 7762 7797 9558
193 92 307 321 541 581 968 1263 3346 4042 4313 5681 7055 8874 9842 9878 9957
194 1823 2665 2958 3252 3320 3883 3982 4614 4917 6642 7241 7244 7605 9746 9988
195 1881 3405 4054 4369 5188 5261 5268 5422 6913 7001 8203 8300 8945 9233 9293
196 403 505 833 3266 3348 3877 4050 7218 7968 8178 9107
197 832 1348 2258 2687 3857 4909 5869 6433 6920 7049 7453 8125 9244 9935
198 113 240 818 1187 1546 2729 3201 3836 5902 6258 6375 6744 7709 8127 8507 8962
199 141 386 1890 1993 2442 2783 3936 4612 4985 5775 6349 6797 8485 9875
200 253 705 2542 2866 3268 3360 4371 5609 6116 6183 6632 8100 8585 9709
201 715 1361 1394 2124 2353 2475 4504 4532 4873 6138 7672 8284 8406 9217
202 377 386 632 1843 1941 5186 5407 6213 7559 9066 9842
203 979 1481 1561 2108 2334 2433 4688 4950 5043 6389 7133 7288 9419
204 215 402 660 2297 3151 3313 4194 4976 6049 6130 6149 7278 7431 8462 9379 9898
205 65 361 790 3316 3385 3866 5182 6258 7232 7993 9588
206 809 956 1214 1651 2322 2608 2784 3189 3977 6091 6249 6458 6986 7205 7740 7883 9197
207 1664 1732 3041 4477 4840 7308 9548 9698 9718
208 868 1140 1564 2584 2936 3755 4008 4126 4782 5028 6464 8069 8254
209 352 1356 1468 1847 2240 2605 2836 3700 6322 7963 8200 9423
210 3012 4057 4976 6426 6429 6493 6677 6982 7084 8748 9084 9561
211 427 2035 3006 3442 4182 4833 5703 8094 8262 9022
212 825 1059 4088 5441 6134 6865 7098 7140 7772 8516 8553
213 106 505 2052 2241 5237 6660 6859 8415 8854 9492 9533 9926
214 18 212 531 1343 1429 2208 2761 3264 3812 4159 5136 5219 7165 7945 9010
215 71 117 427 2645 3699 4139 5084 5248 6786 7035 7358 9531
216 314 1017 1227 1891 3572 4228 5804 6323 6522 7949 7978 9045 9773
217 79 633 867 1174 1494 1910 2576 3411 4854 5781 6603 6911 7709 7912 9042
218 13 79 946 2048 2623 3224 4105 4823 4901 5254 5295 5688 5780 6054 6730 7404 8824
219 2112 2720 3010 3023 4282 4724 5141 5544 5715 6347 6885 7218 7945
220 1640 2127 2296 3813 5517 6467 6639 6732 7092 8168 8556 8585 8758 8878 9487
221 60 265 4882 5612 6817 6938 7239 7240 7566 7860 8198 8262 9285 9378 9608
222 392 3012 3420 3879 3909 4578 5181 5899 6499 6702 8128 9244 9779
223 1656 2031 4309 4770 4919 6201 6780 7043 7183 8139 8180 8538 9093 9199
224 79 254 406 580 1548 2118 2229 6260 6465 6613 7396 7700 8483 9462 9763 9848
225 182 427 1634 1815 3458 4892 5016 5462 5888 6622 6645 7367 8729
226 413 1512 1760 1920 2643 3163 3274 3729 3767 4260 5119 6628 7372 9181 9850
227 437 1582 2340 3176 4040 5380 6079 8299 9007 9402 9408
228 171 1018 1796 2561 3159 3460 4180 4803 4950 5013 7321 7652 8234 8532 9637
229 217 1578 1984 2253 2779 3859 4583 4598 5145 7575 9199 9925
230 974 1643 6933 7089 7103 7762 9370 9433 9505 9565 9747 9968
231 478 591 997 1663 1721 3300 4035 4249 5728 6330 6522 6931 8722 8940 9370
232 451 477 1717 1755 2459 3618 3758 6402 6669 7423 7627 9913
233 450 1036 1746 2310 2816 3603 4487 4571 5233 5909 6430 7557 8511 9722
234 1330 1668 1705 2492 2660 3346 3817 3895 5193 6457 7551 7691 7940 9461
235 153 321 813 1658 1745 1892 4716 4798 5219 7218 7586 8449 8452 8721 9293
236 372 2173 2815 2822 3043 4309 5134 5781 6349 7339 7732 8138
237 883 1884 3691 3931 3944 4130 5234 5734 6413 7153 7364 7446 8167 8325 8490 8604
238 123 526 1707 2340 4233 4543 6099 6682 6845 8521 9615 9723
239 108 622 1463 2356 4276 4359 4875 5081 5439 5660 5715 5815 5885 6683 7065 7369 9187
240 177 187 393 1092 1697 2135 3631 4127 4234 5513 5920 6262 6863 7204 7306 9043
241 937 1120 2598 2697 3204 3206 3216 4936 5631 6731 9223 9842 9867
242 83 203 1067 1905 2359 2418 3394 3936 4266 4385 5284 5946 6273 8491
243 775 2294 2694 3612 3640 4049 6584 7108 7454 7501 7574 8180 9047
244 400 745 1331 1752 1887 2117 2139 2946 3111 3456 4584 5170 5667 5723
245 1153 1440 1611 1729 3683 4479 4805 4931 5091 7409 7667 9451 9586
246 378 1284 1437 2841 2938 4016 4401 4885 5976 8994
247 206 2025 2841 3534 3586 4981 5382 7137 8619 9416
248 80 2354 2431 5412 5573 5715 6332 7003 7211 7368 7888 9149
249 554 1762 1925 2555 2721 3008 3488 4562 4829 5154 5798 6213 6547 7639 8418 9761
250 927 1314 2446 3090 3365 4089 4358 4705 5412 6032 7270 7469 9168 9453
251 98 2165 4311 4563 4676 5308 5390 6033 7709 8428 8914 8960
252 321 420 508 1287 1587 2508 3758 5786 6284 7382 8284 8385 9106 9447 9719
253 1095 1418 2126 2370 3194 5347 5395 6190 6357 6547 9533
254 528 1169 3427 4149 4864 5540 5863 6319 7413 7755 8309 8542 8698 9958
255 1324 1584 2039 2568 2624 2962 2987 3719 5719 5836 7068 7438 8523 8538 9683
256 467 667 1268 1299 2112 2288 3113 3688 3763 3789 4119 4850 5539 7703
257 1305 1520 1854 2471 5068 5278 6186 6541 7030 7395 8958 9480 9590
258 2030 2689 3898 3908 4713 4928 7238 7510 8424
259 861 1081 2121 2514 2548 4640 5183 5323 5507 5659 6055 7521 9305 9939
260 473 1787 1830 1914 2971 4624 5017 5913 6301 6459 8125 9271 9379 9593
261 902 1956 2235 2873 4186 4277 4535 5555 5654 6054 7165 8444 8649 9007 9084 9464
262 423 652 1581 2505 3371 3441 3547 4178 4206 4629 4810 5052 5703 6188 6938 6940 8854
263 405 439 1276 1765 1882 2677 4040 4362 4744 6685 6789 7761 8140 8782 8860 9453
264 1332 1364 1591 1668 2348 2414 3210 5627 6074 6356 6956 8123 8885 9641
265 1050 1789 1888 4065 4295 4474 4554 5856 6086 6508 6528 7273 7883
266 3 1252 1689 3434 4087 4157 4389 4442 4832 4926 5040 5643 6343 6998 7005 8684 9414
267 427 455 2567 2962 3359 6536 7762 7949 8005 8059 8608 8744 9596
268 181 1731 2024 2886 2952 3243 5130 6584 7155 9000 9839
269 41 373 573 935 3877 4583 4997 7016 7172 7680 8365 9362 9823
270 541 938 2127 3310 4200 4472 5139 6811 7153 8461
271 358 396 483 1924 2392 2588 3100 4274 5780 6054 7485 9019 9130 9241
272 1907 2516 3066 3216 4566 6021 6079 6580 7536 8344 8798 8918 9264 9738
273 467 905 1194 2674 2885 3768 7269 7438 8372 9780 9914
274 323 582 1203 3111 3982 4377 4607 4846 5085 5861 6138 7296 7856 8193 9738
275 899 1903 2563 2962 3719 4077 4963 5333 5437 6208 6279 7260 9610
276 1152 1923 2521 2728 3013 3173 3279 3448 3762 5183 6200 7434 7852
277 606 2712 2845 3111 3262 3375 3501 3650 4391 4692 5877 7079 7574 8387 9107 9806
278 139 739 1435 2109 3302 3823 5303 6007 6668 6805 7489 7949 8198 8523
279 52 842 1611 1942 3022 3311 4199 4224 4306 5219 5416 5426 7720 8469 8861 9301
280 1758 2451 3459 4545 4728 5595 5839 6071 6832 8843
281 1403 1865 2340 2366 2616 3385 5232 5715 6200 7361 8527 8832 8914 8949 9414
282 67 133 364 3033 3076 3892 3956 4697 7762 8072 8127 8294
283 427 1182 1956 2299 2610 3425 3547 4430 4977 5752 5984 7375 8066 9769
284 710 1198 3024 3373 3679 3863 4910 6711 7371 8141 8711 8990
285 1534 1778 2124 2504 2699 6674 6735 7616 8083 8402 8760 9478
286 27 1206 1636 2240 2279 4012 7106 7346 7551 8483 9640
287 537 673 1140 1255 2077 2363 3313 4027 5628 5762 6967 7273 7346 8411
288 242 656 1784 1859 1919 2981 3441 6065 6358 6918 6938 7023 7240 8105 8801 9623 9816
289 79 294 616 1216 2613 3452 4151 4289 4384 6446 7493 8410 8997
290 796 1258 1914 2001 4360 5623 5685 6202 6563 7276 7984 8919 9308
291 1843 2305 3949 4008 4184 5110 6263 6542 6547 6584 8029 8690 9552
292 321 836 1268 1829 3650 4321 4486 6798 6954 6978 7223 8282 8994 9265 9828
293 458 1180 1889 3215 3753 4247 5534 5715 6453 6495 7435 8248 8543 8602 9551 9772
294 570 1186 4589 5641 5904 6573 6734 7510 8003 9266 9842
295 39 229 1125 1779 2924 2947 4665 4683 4706 5316 6786 7973 8064 9244
296 1844 2962 3262 4199 4273 4555 4969 5418 6076 6941 7011 8015 9968
297 2265 4564 5174 5669 5715 6267 7651 8400 8705 9349 9996
298 76 118 657 1853 3181 3894 4254 4331 4519 4993 7191 8967 9659
299 30 756 812 1494 2340 5389 5408 6553 7427 7632 7890 8562 9547
300 780 1326 2261 3269 3590 4232 5017 8607 9617 9847
301 728 2638 3051 4168 4500 5045 5301 5448 5907 6299 6452 6656 8453 9192 9569 9842
302 345 1365 1555 1586 2172 3700 3948 4728 5755 5818 6151 6814 6938 7214 9769
303 1144 1305 1481 1510 2248 4568 4733 4837 5851 6242 6544 6596 7369
304 151 732 794 1118 1731 1762 2128 2240 2555 3494 3661 3856 3982 5384 5520 5769 5877 7549 8510 9211 9632
305 2331 2555 3148 3592 4345 4531 4857 4937 5714 5886 7452 8653 8952
306 2379 2861 5790 7039 7466 7709 7731 7949 8108 8808
307 308 557 1212 3228 3563 3782 5091 5719 5785 6383 7234 7296 7448 8532 8827 8880 8910
308 471 2359 4380 4555 5371 7582 8014 8406 8750
309 485 1918 2564 2699 3283 5748 6640 6999 8658 8915 8972 9083 9246 9268 9652
310 321 1007 1114 2315 2953 3428 3838 3963 5090 7654 7832
311 413 495 790 1324 2127 2443 5014 5899 6213 6389 6951 7997 9949
312 263 910 2444 2456 4039 4352 5395 5441 5949 8804 8975 9408
313 253 261 853 1340 1421 5177 5366 8026 8049 8263 8669 8812 9327 9474
314 1698 1774 2443 2716 3301 3352 5080 6613 8568 9575 9729 9911
315 259 1657 4138 5121 5378 5554 5597 6003 6713 9411 9545 9579
316 838 2417 2992 4203 5298 6530 6613 6688 7659 7783 8887 9225 9437
317 708 2634 3004 4231 4850 5064 5991 6063 7976 8143 8491 9129 9294 9307
318 1398 2367 2559 2957 2999 3021 3702 4764 6234 6250 6440 8644 9400
319 1987 2022 2040 2395 2783 3970 4171 5591 5682 6338 6924 6934 9199
320 2773 2787 2969 4090 4362 5022 8057 9217 9526 9827
321 408 696 2918 3257 5414 6301 6329 6482 6849 7863
322 1462 1646 3469 3945 4919 5107 5744 5772 6030 6176 8676 9232
323 1370 2961 3758 5169 6489 7108 7153 8199 9415 9484 9894
324 1233 1838 3203 3348 3950 4284 4712 4863 4898 5023 5309 8414 8619 8914 9129
325 487 709 1024 1534 1706 2414 2467 2962 3014 6076 7770 8129 8480 9670
326 2 1091 2216 2274 2288 4363 4724 4900 7340 7529 8339 8711
327 380 987 1962 2896 3489 5017 5116 5340 6254 6336 7040 7719 8248 8834 8966 9398 9564
328 681 1009 1136 1590 2465 4172 4174 4498 6173 6545 7197 7370 9848
329 62 66 350 923 1678 2184 2643 2962 3195 3980 5537 9622
330 755 1428 2060 2756 2815 2911 3156 4314 4338 5008 7256 7500 7770 8498
331 849 2288 2314 3972 4673 4947 5115 7825 8169 8499 8920
332 949 2551 2555 2556 4469 4686 4814 5290 5505 5838 7849 8053 8656 9886
333 877 1209 1580 2685 2727 2815 3023 3385 3456 4798 4926 5257 7612 8989 9545
334 661 1399 2240 3310 3443 3846 4565 4665 5162 5930 7579 8910
335 455 481 593 4196 4751 5521 6014 6891 7026 7563 8088 9132
336 1727 1795 2557 4650 5337 5796 7762 8086 8125 8287 9258
337 106 357 1384 2288 3470 3830 4625 4923 5184 7411 8030 8974 9632 9769
338 538 815 941 1988 4034 4259 4649 5382 5977 6976 8019 8983
339 87 300 490 1249 2850 2962 3691 5332 5766 5787 5849 6087 7807
340 312 573 2013 2138 3404 4438 4630 4753 5632 7439 8160
341 935 2220 4564 5736 5953 6117 7864 8192 8413 8528 9345
342 590 1255 1294 2361 3212 3894 5562 6371 7016 7691 9979
343 915 1416 2217 2672 3523 4045 4684 5592 6311 6918 9007 9468
344 1044 2331 2959 3019 4082 4290 7013 9067 9301 9921
345 684 1246 2043 2187 3436 3691 4587 4900 5304 5464 5715 8317
346 935 939 1333 4160 4733 5073 5202 6393 6941 8922 9457 9610
347 226 703 793 1224 1348 1682 2751 3362 3452 3936 3982 4097 7285 8324 8670
348 330 927 2201 2712 3023 3566 3839 3898 5111 5910 6604 6763 7777 8555 8573 9395 9432
349 193 251 2843 2983 3610 3766 4052 4157 4497 4544 5212 5613
350 2284 2776 2852 2928 3137 4162 4283 6021 6261 6837 7646 7652
351 513 602 1052 1140 1740 1824 3681 3745 3795 3836 4214 4612 5743 5839 5880 6101 6227 6245 6327 6584 8671 9968
352 366 1135 1187 1961 1994 2844 3445 4661 5715 6467 7517 8642 9482 9968
353 569 887 1489 1616 2338 3936 4062 4664 5971 6228 6467 7438 8140 8745 9866
354 630 1023 1668 2094 2155 3293 4642 5104 6241 8439 8707 8716 9514
355 334 854 2539 3357 3743 4407 5936 8710 9123 9766
356 412 660 668 917 1465 1496 2288 3506 4363 4521 5156 5441 5881 8667 8714 9067 9132
357 1460 2150 2240 3808 3939 5288 7073 7529 7571 7652 8236 8779 9519
358 110 1861 2288 2378 2845 3435 3719 3836 6529 7733 8447 9091
359 264 551 991 1513 2116 2990 3028 3627 4165 4644 5445 7042 7104 7883
360 445 1527 1571 1764 1799 2961 3570 3830 4310 6893 7473 7565 7596 8566
361 1346 1508 1541 1668 2839 3443 3894 4082 5611 5654 6327 6909 8778 9543
362 646 902 1635 1923 2027 3074 3422 3437 4735 5636 5799 6074 6176 7762 9816
363 269 353 1158 2949 3076 4168 6361 6704 7290 7743 8439 8994 9947
364 2 1095 1360 1601 3104 4672 4957 6105 6749 7297 7344 7593 7781 9263 9650
365 736 3521 3800 3988 4687 6054 6091 6378 6997 7612 7874 8551
366 876 1183 1965 2516 2982 4213 5207 6004 6938 7881 7970 8682 9009
367 283 1115 1211 4254 4661 5132 5412 7851 7862 7866 8075 8230 8710 8754 9734
368 1081 2144 2267 2515 2962 4391 4439 4685 5412 5917 6115 6531 6691 9456 9657
369 1475 2308 2471 2499 3075 3439 4079 4813 5540 5962 6095 6525 6613 8200 8671 8994
370 746 991 1570 4654 5412 5474 6126 6896 6926 7869 8469 8544 9192 9533 9995
371 794 1792 1978 2280 3395 4478 6148 7213 7296 7604 7840 9292 9362 9779
372 625 1034 1789 3012 3081 3174 3271 3362 4830 5795 6164 6510 6743 7065 8036 8484
373 462 561 2161 2540 2997 3074 4708 5402 5578 5608 6946 7309 7353
374 252 1117 2231 2883 3222 3324 3432 4393 6266 6667 6894 7453 8773
375 2141 2615 5158 5535 5976 6165 6867 7153 7477 7566 7658 9025 9982
376 915 1625 3314 4399 5729 5916 7075 7388 7786 7837 8032 8491 8599 9045 9847
377 6 744 828 2987 3277 4284 4345 4737 5038 6137 6226 7893 7949 8310 8319 8837 8882 9478 9689
378 965 1121 1668 1905 2741 4440 4761 4862 5733 6015 6188 6362 7083 8130 8862
379 321 1431 4902 5298 5850 7242 7689 7827 8491 9063 9480 9548
380 561 1002 3053 5072 5788 6055 6066 6101 6844 6919 7356 7742 8052 9542
381 227 741 761 852 919 2158 2666 3668 4382 5639 5702 5715 5726 7413 7742 7827 8892 9487 9968
382 502 1087 2047 2962 3563 5516 5793 6127 6258 7511 8645 9135 9219 9875
383 935 1159 1761 2195 4292 4428 4518 7147 8916 9023 9236 9284 9430
384 1342 1848 1927 3318 3796 4304 4664 6380 6917 7272 7961 8157
385 463 2206 2790 3747 5008 5885 7169 7676 8085 8393 9074 9941 9968
386 1786 4504 5499 7368 7449 8130 8440 8743 8817 9002 9041
387 1825 3169 4928 5114 5684 6479 7237 7503 7992 8432
388 1468 3671 3672 4708 4895 5219 5564 5829 6835 7090 7997
389 507 1391 2121 2423 2756 3115 4360 5509 5905 6237 7290 8517 8655 8711 8988 9244
390 2 250 497 1186 2487 4027 4307 5436 5473 6279 7970 8105 9256 9528
391 19 538 550 686 935 1195 1466 3026 4143 4326 4345 4732 4828 5690 7251 7740 7791 8898 9007 9887
392 1748 3696 4486 4534 4722 7342 7517 7553 7617 7657 7952 8220 8493 9209 9682
393 472 659 722 745 979 2661 3894 4213 4806 6736 7901 8420 8462 8900 9224
394 134 284 630 1929 2130 2326 2654 2877 4159 4299 6898 7238 8257 8486 9007 9768
395 321 842 1326 1616 2137 5276 6147 7196 8060 8163 8881 8969 9014 9707
396 1821 2121 2379 2961 3528 4825 5273 6035 7750 8397
397 262 569 610 1598 2130 2377 5279 6083 6619 7236 7987 9017
398 671 922 2327 4154 4476 4865 6268 7581 7674 7732 8658 9007
399 135 349 844 1059 1146 2121 3267 4538 6731 7037 7570 8212 8289 8681 9422
400 688 1167 3996 5160 6210 6936 7240 8829 9104 9386 9577 9901
401 2 87 100 3034 3178 3521 5326 6193 6457 7142 7580 8312 8466
402 79 139 543 924 1032 1414 1929 2533 2867 2981 4144 4588 6351 8064 8119
403 79 1313 2672 3331 3610 4105 5243 5641 5656 5825 6048 6901 8188 9533
404 2 306 641 1845 3660 4104 4541 4607 5291 5359 5592 6617 6899 8716 8830 9604 9859
405 1763 2203 3055 4429 5022 5262 5675 7120 7388 7793 9530
406 321 1525 1592 2059 3046 3074 3150 3833 5412 5543 7164 8624 9358
407 141 321 1682 2030 2086 2402 3032 4133 5033 5089 6168 6451 7030 8042 9007 9027 9481
408 6 2041 2434 2633 3079 3957 4544 5651 6276 6540 7627 8387 9386
409 319 935 1143 3651 3983 4408 6909 7319 7471 7996 9459
410 397 921 1043 1279 2663 2828 3830 5023 7435 7504 7527 9047 9245 9484 9619
411 409 1084 1515 1877 4417 5239 6101 7129 7611 8272 8567
412 54 79 763 1635 1668 3389 4524 5550 5578 7413 7890 8068
413 797 1994 2342 3955 6275 6360 7416 7970 8790 9234 9498 9968
414 2 253 352 415 1386 1542 1590 3897 4930 5126 5623 6356 8796 9112 9391 9968
415 1564 2011 3742 4645 5292 5452 6033 6634 6996 8768 8907 9822 9903
416 1295 1774 2412 2638 3246 6407 6831 7168 8327 8437 8481
417 193 227 2541 2833 4039 5443 5552 5567 5945 6217 7699 8185 9862 9896
418 475 1019 1199 1461 2860 3433 4191 4933 5532 6098 7069 9299 9934
419 1560 1624 2733 3810 4044 5962 6121 6584 6613 7059 7066 9045 9310 9509 9592
420 916 1883 2843 2910 4855 6040 8210 8416 8586 9062 9148 9199 9366
421 370 906 2240 3620 4354 5445 6457 7582 7720 7983 8050 8275 9465
422 148 226 257 1457 2240 2345 2408 2615 3181 3405 5962 6388 6506 7456 7697 7836
423 593 607 875 1678 2137 3605 4119 4834 5631 5793 6534 6675 8517
424 839 2240 2582 2919 3291 4312 4314 4874 5345 5478 5763 7261 7296 8470
425 2986 3340 5319 5770 6854 7154 7562 9148 9382 9396 9607
426 88 676 1037 3005 3203 3715 3977 4055 4314 4418 5448 5738 7736 8852 9204 9634 9823
427 1305 2070 2202 2472 2935 2984 3032 4038 6534 6602 6681 7762 8421 8908 9178
428 61 935 2158 2444 2962 3716 3758 4529 4926 5350 5355 5428 5652 6324 7652 8806 9966
429 2200 2275 2962 3655 3662 4180 5427 5857 7153 7408 7797 8083 8214
430 328 1291 2176 2539 3097 4837 5457 7153 8583 8717 8768 8984 9139 9733
431 631 1034 1145 2006 2302 4161 4396 4529 5814 8406 8412 9424
432 457 819 1085 1270 1479 2269 2338 2384 2701 4606 6048 6648 8084 8298 8938 9007 9290
433 935 1969 2268 3418 4017 4523 4901 6116 6672 7208 8635 9571
434 171 1650 1668 1760 2643 2998 5935 6856 7811 8183 8708 8850 9200 9244
435 650 1701 2837 4673 4944 6752 6926 7052 7641 7949 8988 9478 9584 9793 9842
436 447 515 1900 2590 3132 3199 3840 4549 5105 6143 7634 7978 8125 8739 9034 9113
437 336 1834 3657 3822 4424 4564 4599 4621 6825 7179 8028 8448
438 1451 1568 2156 4108 4155 4201 4245 4599 5384 6448 6538 9143 9398
439 281 1579 2302 2363 3012 3192 3489 3613 5615 6124 6978 7350 8468 9292 9842
440 447 1102 1439 1691 1955 2470 3592 4206 4976 5433 6613 6709 8512
441 1016 1756 1787 1979 2747 3777 3994 5222 5866 6433 7127 7252 7495
442 1474 2034 2150 5598 5664 5747 6547 8268 8689 8784 8997 9398 9833
443 321 767 1851 2143 3381 3453 3977 4459 4502 4847 5189 5742 6289 6855 8316 8854 9244 9809
444 353 1233 2092 4011 5047 6865 7278 8644 8715 9115 9449 9572 9887
445 521 1075 2884 3955 4639 5134 5794 6212 6454 7292 8058 8136 9141 9576 9710 9797 9815
446 63 950 1235 1402 1978 2555 3453 4594 4602 4752 5070 6190 7126 7883 8355 8683 9955
447 3982 5058 5177 5823 6090 6985 7112 7675 8224 8357 8822 9443
448 2852 3214 3480 3760 5634 5838 6613 7651 7696 7697 8049 8826
449 152 1583 1628 2758 3012 4194 4362 5065 5218 5302 6490 7226 7804 7949 9011
450 678 995 1710 2432 2962 3445 3822 4078 5020 5412 7805 8780 9054 9214
451 246 864 1534 2185 2431 3199 3609 3862 4318 6203 6840 7298 8618
452 122 321 611 979 1740 2320 2882 2929 5173 7268 7593 7738 8257 8942
453 312 395 978 1984 2240 3894 4310 4386 4511 5715 5856 5940 5943 6102 6134 6221 6739 7699 9351
454 268 448 588 1024 1531 2737 4377 6881 7540 7949 8687 8724 9459
455 36 216 1518 2713 3019 3227 3352 7004 7360 7696 8844
456 765 912 1963 2461 2664 2962 3074 3098 3847 4824 6025 7768 9636 9787
457 316 2746 2868 3247 4073 4134 4660 5748 6502 6572 8042 8736 8794 8998
458 1215 1652 2126 2240 3427 3605 3708 5003 5150 6387 7232 8795 8928 9648
459 10 1484 1766 2316 2802 3351 3566 5170 7120 7256 7699 8062 8316
460 79 674 823 1117 1663 3505 3835 4253 5168 5934 6894 7117 7750 7968 8247
461 882 1202 1907 3398 3894 4311 6011 7580 8380 8624 8880 8932 9452 9652
462 687 1203 1241 2194 2240 2318 2400 2962 3566 5144 6129 6758 7651 7657 8902 9483 9968
463 321 3908 4058 4440 4749 6392 6666 8213 8652 8745
464 879 1390 2287 3407 3486 3850 4082 4585 5458 6630 6957
465 75 1224 1527 2450 2550 4559 4816 5425 7539 7699 8476 8687 8855
466 231 639 732 1336 1532 4169 5232 5278 6467 6483 6655 8895
467 279 574 737 929 2158 2843 3473 4594 4953 5055 6495 7159 7521 9453
468 670 817 836 1169 1668 2643 2747 3135 4318 5762 5925 5961 6503 6835 8556 8846 8885 8889
469 2 1080 1107 1549 1593 2290 3074 3656 4587 4963 5003 6506 7303 8193
470 627 1087 1668 2264 2518 2551 3044 3584 4703 5234 5547 5962 6145 7464 9393 9841
471 3376 4211 4503 5621 5842 5855 7153 7597 8001 8331 9302 9417 9828
472 509 627 1135 1496 3011 4231 4959 5117 5677 6795 7802 8289 8994
473 84 1708 2570 2664 3711 3927 4244 4258 4503 7547 9652 9991
474 212 2179 2568 3016 3480 4360 5880 6305 7611 7767 7773 8090 9631 9990
475 816 1610 2114 2261 2830 3976 4450 5037 5312 7470 7706 7732 8442 9778
476 917 1105 1482 2189 2820 3470 3737 4070 5715 6486 7665 7673 7805 7926 7959 8196 8418
477 2 137 551 883 1440 1605 1778 2340 2885 3259 3965 4592 6214 6303 6534 7652 8715 9135 9184
478 379 529 1749 1773 3227 3567 4195 4340 4749 4933 6863 7197 9159 9280 9954
479 764 843 4344 4554 4902 7021 7102 7712 8387
480 329 799 934 1584 1872 4352 4544 4844 6776 7241 8436 9488
481 48 515 1687 2115 2342 4278 7067 7941 8293 8612 9491
482 260 1122 1383 2596 3305 6413 6543 7255 8017 8117 8244 8363 8845 9582
483 220 1849 3297 4512 5049 5399 5652 5772 6296 6818 7454 7627 9738
484 733 1541 2466 3158 5066 5274 5867 6950 6995 7347 8061 8650
485 1652 1876 2434 2643 3289 3609 4832 5581 7327 7641 7883 9305 9341 9493 9809
486 276 321 2422 3698 3732 3796 4586 5071 5901 6547 6690 6881 7207 7560 8125 9290 9549
487 706 707 888 1520 1642 1935 2288 2400 3331 4265 4632 6984 7000 7285 9065
488 1269 2251 3891 4506 6696 6747 7751 8190 9201 9874 9923
489 209 434 1506 2927 2986 3826 4209 4275 5086 6663 7775
490 889 3074 3337 4336 4643 4717 4833 5865 6680 6765 7553 7685 8459 8546 8681
491 168 321 1105 1667 2226 2537 2540 2645 6348 6452 6727 7948 8188 8681 8735 8860 8912 9820
492 964 1134 1639 2099 2666 3817 4366 4649 7536 8011 8099 9335
493 213 427 1623 1733 3015 3271 3783 4438 4471 7245 8323 9533
494 697 1839 2351 2692 3777 4183 4546 4613 5183 5412 5443 5815 6940 7160
495 798 932 2019 2572 2650 4078 4411 5131 5682 5997 6451 6613 6899 7153 8757 9358 9638
496 259 309 1398 1799 2299 3027 3660 3894 4815 4845 7274 8045 9432 9930
497 312 770 1030 1450 2377 3052 3252 3578 5219 6230 6716 7374 7602 8170 9533
498 155 183 442 1262 1325 1907 2031 2426 2730 3005 3320 3895 6222 6501 8792 9443
499 48 1704 2107 2453 2783 5393 6490 6606 6680 7493 8264 8431
