100
0 6 11 14 24 25 34 49 91 97 104 138 152 176 180 186 251 281 505 709 949 1368 2334 2498 2899 3053 3160 4040 4048 4227 6045 6052 6614 6779 8949
1 39 57 66 75 81 118 209 215 225 238 379 428 533 657 750 1037 1108 1290 1375 1416 1483 1931 2029 2315 4448 4929 5205 5855 6156
2 19 27 64 81 104 106 135 137 138 197 213 221 227 231 253 298 362 444 448 480 545 762 916 968 1165 1932 1991 2415 2456 2609 2634 2780 3661 7473 7559 7672 8672
3 6 97 99 125 142 143 179 248 304 323 356 401 470 506 546 581 698 971 1065 1123 1841 1958 2738 4032 4361 5165 7924 9138 9607 9906
4 10 12 13 17 22 31 34 43 46 57 78 85 119 152 160 183 192 257 308 323 488 562 637 908 1257 1628 1635 1679 2894 3654
5 0 1 2 3 4 5 7 9 13 14 15 16 19 21 23 27 41 44 75 97 116 117 168 199 303 362 599 933 1209 1966 2478 2498 3110 3881 4552 5197 5863 7497 8044
6 10 12 26 28 57 66 72 83 86 92 101 106 122 145 176 205 253 268 419 507 853 1288 1310 1314 1362 2067 2191 2805 3349 3659 5519 5803 6064 6329 7624
7 0 1 2 4 6 7 11 15 21 30 31 38 41 50 51 63 66 74 118 119 167 170 176 303 331 380 398 485 807 848 948 1296 1315 1590 3548 4752 4848 5222 5429 6031
8 35 42 51 77 79 87 118 125 135 179 275 283 343 487 500 513 767 815 1588 1735 1754 2014 2491 2622 2928 3059 3179 3774 4152 5186 6555 9085 9262
9 0 1 2 3 6 7 9 15 19 20 52 55 88 95 99 101 122 123 138 174 187 219 232 293 297 656 676 938 951 1756 2652 2973 5641 6234 6729 9442
10 0 1 2 3 4 5 7 8 9 12 15 28 37 38 41 44 56 65 93 94 119 129 200 652 715 934 1079 1361 3252 3430 4386 5170
11 7 10 14 24 25 30 43 48 61 70 72 76 79 158 234 347 356 399 465 477 502 505 633 946 1495 1509 1571 1758 1967 2060 2433 2611 3164 3358 6126
12 5 10 12 14 19 22 32 48 51 129 130 138 168 192 207 245 301 393 421 439 506 533 554 595 678 790 878 879 979 1082 1310 1481 1502 1973 2688 2990 3751 3983 7182
13 40 43 48 52 56 71 90 99 184 207 230 237 252 355 358 524 600 851 1010 1318 1424 1642 1951 2169 2282 2491 3257 6558 6684 7027 8688
14 40 68 71 92 107 110 112 140 153 165 220 288 338 708 898 1116 1477 1681 1704 2153 2268 3243 3417 3632 3689 3842 4974 5059 7676 8055 8660 9894
15 49 59 69 85 160 165 168 230 239 241 265 300 345 355 375 521 858 1290 1570 1880 2143 3345 3429 3561 3858 4146 4500 4928 6044 7734
16 20 25 35 44 56 90 156 186 195 256 270 276 291 417 450 456 481 506 725 916 1027 1207 1579 1709 1811 2751 3950 6630 7791 9843
17 0 1 2 3 5 7 8 10 11 14 19 20 21 23 34 42 67 94 96 186 285 346 435 454 665 759 797 1710 3274 3900 4278 5893 6049 7818
18 11 16 17 18 20 27 33 34 35 37 39 50 55 60 66 77 138 161 162 202 213 221 251 267 355 452 583 608 613 628 731 747 1395 2222 2657 4302 5634
19 17 18 30 47 48 56 82 88 100 128 131 154 250 252 271 297 298 333 354 704 1114 1216 1333 1658 1685 1737 1900 2564 3447 3455 3861 4120
20 0 1 2 3 4 6 8 15 17 20 26 35 41 49 105 107 148 158 206 336 379 406 676 712 989 1005 1168 1290 1481 1919 2979 3317 9562 9798
21 9 10 16 23 34 58 70 95 174 244 275 325 457 567 583 606 611 750 947 1271 1407 1452 1506 1828 3648 3989 4162 4247 4482 5120 5604 6480
22 0 1 2 3 4 5 6 7 11 22 24 28 40 47 49 66 89 96 157 168 173 205 230 442 458 462 584 822 933 1290 1310 2045 5926 6731
23 0 1 2 3 4 5 6 7 8 11 17 19 26 28 33 35 39 50 53 55 107 129 138 152 233 1042 1152 1156 1438 1948 1959 1967 2579 3324 5834 6698
24 0 1 2 3 4 6 7 8 9 11 16 23 34 35 50 62 108 112 121 179 391 632 719 799 1184 1591 1697 1913 2051 2282 2431 2451 3796 4452 5566 6348 8114 8702 9742
25 0 1 2 3 4 5 6 8 12 13 14 21 22 36 74 106 109 127 226 249 342 409 463 757 807 952 1293 1482 1490 1859 2191 2264 2546 9677
26 63 65 71 138 156 157 181 183 206 244 255 261 286 301 405 435 515 554 592 631 778 826 846 1019 1068 1420 1852 2297 3110 3140 3775 4560 5150 5215 6419 8184 8309 8735 9424 9613
27 6 8 9 10 11 12 17 20 23 24 29 32 37 47 53 57 60 63 71 105 119 155 212 240 286 295 411 468 574 601 984 1137 1225 1345 1495 2148 2769 2848 2960 3097 3266 3389 5812
28 6 10 11 12 13 14 16 22 23 63 91 114 135 180 209 217 232 264 268 332 544 557 655 709 842 960 975 1000 1140 1263 1506 1741 1917 2968 6424 6785 7971
29 46 48 57 64 78 82 98 115 129 141 154 176 211 214 215 223 229 238 289 302 349 554 659 819 1015 1214 2746 3528 5617 5791 8486 9225
30 5 6 9 10 14 15 24 29 37 41 51 62 117 121 134 145 170 196 288 314 431 715 914 968 1026 1583 1754 1963 2048 2156 2522 2967 4325 5792 6097 6696 8875 8938 9471
31 21 27 31 33 34 38 43 59 77 85 88 130 156 218 258 318 321 337 338 374 619 932 1008 2329 2486 2576 4299 7590 8103
32 0 1 2 3 4 5 7 8 9 15 17 18 29 37 44 51 55 67 83 105 121 148 161 225 272 301 309 402 554 645 830 861 900 1150 1663 1865 2882 3458 4364 5921
33 12 14 15 19 20 22 28 31 32 60 73 91 120 188 231 347 358 419 509 539 602 940 961 980 1011 1414 2233 2444 3119 3563 3699 3790 5167 5294 6697 7373 7387 8488
34 0 1 2 3 4 6 7 8 15 16 18 19 51 54 57 62 69 106 126 155 176 322 363 371 395 412 514 587 594 817 866 1089 1233 1372 1446 1737 3097 3140 4659 6130 6755
35 5 7 10 15 25 27 44 49 52 55 89 96 114 128 137 186 259 316 344 471 476 483 529 763 836 1074 1150 1909 2239 4164 4613 5221 6012
36 7 25 27 33 39 41 51 67 99 105 134 161 179 199 280 328 353 406 469 513 561 714 1027 1127 1388 1532 2591 3730 4051 5005 5361 6137
37 10 24 27 36 45 73 76 87 102 130 151 185 246 332 355 706 816 1021 1097 1100 1576 1748 1959 1985 2096 2983 3500 4362 6662 7367
38 23 29 46 65 67 69 70 89 100 108 161 182 222 235 302 346 360 447 553 562 659 945 1062 1106 1337 1370 4221 4809 6284
39 0 1 2 3 4 6 7 8 9 13 21 25 26 56 94 99 118 169 189 204 322 546 632 701 750 796 1251 2128 3813 5381 7593
40 10 14 16 27 50 51 54 57 64 76 113 156 161 167 173 194 308 359 363 528 559 700 715 766 803 1027 1310 1627 2423 3044 5546 7055 7117 7181 7481 9593
41 0 1 2 3 7 8 10 11 20 21 25 53 82 83 116 136 268 287 410 456 619 1595 1706 2062 2458 2683 2883 4859 5724 9566
42 7 11 12 18 19 23 27 29 33 36 39 44 62 82 86 88 137 210 214 218 247 250 280 284 331 490 516 561 595 655 669 908 935 1039 1058 2153 3198 4225 5154 7347 7606 9519
43 16 52 64 112 170 176 216 336 397 591 679 689 798 800 856 1035 1056 1215 1397 1443 1503 1510 1552 1598 1704 1721 2152 2261 3395 5038 5376 6229 6258 6655 7589 7712
44 46 56 58 65 76 102 109 112 133 135 146 151 158 162 164 195 197 202 214 256 332 348 498 650 719 1051 1106 1213 1610 1826 2076 2091 2196 2575 2743 2785 2853 2951 3604 4089 5014
45 27 29 47 73 74 93 108 110 121 124 134 162 213 231 237 265 314 325 409 415 446 708 785 803 890 1190 1333 1408 1866 1958 1988 1993 3016 3317 6035 6423
46 40 83 103 104 122 133 151 202 210 228 267 414 425 438 445 534 644 654 708 739 919 970 1066 1091 1142 1166 1474 1746 1932 4581 6005 7135 8585
47 58 75 102 109 112 113 114 135 140 174 224 344 404 446 470 547 614 671 767 1209 1461 1521 1618 1857 2038 2143 2260 2264 2818 3406 3860 4191 4738 5388 6671 7313
48 0 1 2 3 4 5 6 7 8 9 11 19 25 27 28 33 35 55 74 79 96 103 124 138 218 248 300 366 1260 1371 2825 2863 2920 3684 3692 4821 5728 8616
49 0 1 2 3 4 8 11 14 19 23 24 28 29 35 42 51 64 88 108 118 123 138 235 272 297 419 646 1752 1959 3097 3236 6137 7718 7970 8973 9957
50 25 26 29 31 32 33 124 125 127 159 251 268 418 455 487 827 968 1147 1482 1620 1624 2126 2184 2227 4761 4864 4995 6354 8702 9952
51 0 1 2 4 6 7 9 13 14 17 21 22 23 24 27 28 33 45 63 78 159 200 213 288 334 508 597 725 788 966 1728 1989 2410 2420 2818 4606 4705 8783 9234 9365
52 8 9 26 30 72 105 145 225 229 239 243 248 310 365 381 384 397 467 676 724 753 859 1361 1482 1601 1950 1954 2088 2190 2327 2702 3761 3849 4025 5625 6001 6514 7895
53 0 1 2 3 4 5 6 8 9 11 12 13 15 17 18 19 21 22 23 62 100 114 136 161 171 187 236 243 251 724 1428 1434 2052 2135 2218 2262 3038 8512 8629
54 7 8 10 19 21 26 36 44 92 114 127 182 196 231 243 290 296 308 329 330 358 442 541 628 723 727 780 793 962 1272 1384 1461 1506 1721 2291 2477 3424 3881 4632 4757 4914 8692
55 20 35 52 167 173 208 239 262 412 463 791 946 1106 1246 1459 1502 2078 2402 2913 2965 3815 4281 4850 5051 6149 7040 7062 8729 8766
56 14 28 32 49 54 58 60 89 131 181 191 250 278 320 393 490 524 762 846 880 933 1035 1136 1235 1278 1502 1866 2247 2264 3715 3756 4244 4371 5276 5526 5795
57 16 30 32 33 69 79 103 105 110 130 188 209 299 313 454 565 580 652 740 797 2348 3033 3151 3692 3751 3893 3975 4238 4791 5161 6074 9017
58 9 14 24 35 55 70 73 89 99 101 128 134 138 148 175 224 264 329 396 437 550 760 909 936 1077 1378 1866 1902 2619 2955 2986 3768 4104 4133 4474 4685 5850 6604 8076
59 22 31 37 64 65 75 82 93 111 125 127 167 203 216 225 323 585 725 769 902 1011 1264 1412 1429 1566 1728 2187 2295 2479 3843 5333 6238 6408 8601
60 9 20 37 38 57 58 61 68 70 83 87 90 94 159 169 351 413 425 431 454 478 492 675 738 1065 1378 1604 1767 1842 2371 2848 3126 3923 4207 4435 4551 5158 8315 8450
61 12 13 28 31 35 38 41 44 176 179 181 214 215 248 254 321 351 365 422 553 1442 1511 1572 1626 1815 2147 2759 2795 2961 8586 9678
62 6 7 9 13 15 22 25 37 80 83 90 95 120 138 147 178 182 205 211 216 245 248 259 277 497 510 539 928 1017 1053 1571 2475 3400 3488 3879 5731 6847 7195
63 45 56 58 81 129 137 138 144 174 199 206 252 327 459 582 583 607 842 907 968 1041 1239 1882 1991 2334 3299 3313 3444 6229 6412 7764 7776 7977 8131 8516 8801 9574
64 32 38 42 77 83 116 139 168 174 219 299 342 357 412 425 452 461 472 551 810 898 899 1128 1183 1360 2306 2343 3032 6092 6949 8009 9478
65 11 20 26 29 55 60 62 66 86 97 106 120 222 319 392 514 589 818 862 1377 2413 2460 3175 3769 3946 5196 7122 8428 8518
66 27 29 37 47 54 59 65 67 93 101 124 131 145 158 292 343 462 845 866 875 976 1087 1413 1865 2142 3535 3839 4001 4319 4350 6656 7316 7325 7658 8116
67 0 1 2 3 4 5 7 14 15 18 19 21 25 27 28 36 38 39 68 129 157 229 375 511 519 779 891 1623 1671 1843 1863 1956 2132 2195 2706 3689 3767 3975 7687
68 33 37 40 41 55 82 98 117 132 159 210 296 302 309 328 371 377 475 653 664 760 772 1296 1566 1876 1889 1894 2507 2904 4630 4838 5689 6820 7986 9359
69 5 6 7 9 10 13 17 18 33 54 57 58 63 73 109 119 141 245 276 358 388 427 756 762 1061 1119 1279 1446 1499 1593 1628 1883 2177 3520 3561 3710 6767 7231 8180
70 26 40 60 62 65 97 111 125 205 239 266 296 323 349 374 688 779 804 1262 1699 1824 2059 2134 2836 4674 4942 5431 6748 6979 8272
71 9 13 15 17 18 22 34 37 42 54 75 98 105 147 165 169 170 172 255 257 590 768 799 903 906 1073 1334 1456 1671 2078 2696 3097 6166
72 20 26 46 51 54 60 67 84 91 103 111 138 180 194 246 248 313 324 327 332 755 1353 1384 2094 2195 2473 2859 3828 6094 7797
73 10 12 15 16 17 23 37 46 57 69 71 95 99 109 115 172 197 224 309 380 382 404 589 609 686 753 916 1232 1866 2060 3166 3528 4680 5479 6410 9794
74 0 1 2 3 4 12 13 16 19 21 22 36 40 58 64 126 142 148 184 234 258 264 275 418 435 517 612 621 625 659 992 1210 1332 1401 1979 2385 3502 6450 8365 9295
75 35 49 51 117 158 168 179 195 210 239 260 334 387 400 415 546 558 993 1017 1387 1424 1881 1895 2022 2392 2431 2445 2927 3244 3362 5390 6270
76 0 1 2 3 5 6 8 10 11 16 17 22 27 34 35 39 43 45 47 48 103 108 128 129 155 245 305 455 556 867 869 900 2060 3228 3279 6288 8095
77 9 10 12 16 18 19 20 68 69 75 76 78 81 134 161 197 207 222 236 244 273 433 447 499 635 651 1130 1593 1888 2517 2657 2942 4138 5350 8466 8733
78 12 13 14 15 18 20 24 25 32 44 45 46 49 77 122 126 218 276 375 422 429 885 1105 1402 1677 1686 2568 2664 3700 4477
79 12 27 34 47 53 62 142 152 233 240 260 277 378 436 733 847 912 997 1201 1459 1601 1671 1975 2377 2886 3894 3969 4023 4048 4793 5350 5520 5773 8244 8978
80 4 5 6 14 24 34 39 43 49 51 52 63 75 117 372 378 1044 1837 2014 3017 3784 4241 4618 4858 5688 5797 5801 7591
81 24 26 45 53 103 107 122 131 144 151 170 527 552 582 622 632 667 735 743 764 824 860 1216 1432 1544 1750 1882 2414 2601 2819 4157 4625 4857 5207 5447 9793
82 8 26 42 61 67 93 128 137 138 143 155 163 187 242 247 492 602 610 707 825 841 1077 1610 1671 1906 2014 2078 3895 3943 4514 4597 4801 5417 7774 8241 8427 9360
83 6 9 24 45 50 54 59 76 91 116 118 131 139 144 147 155 173 200 503 742 890 941 1582 2052 2098 2791 3056 3244 3293 6205 7287 8401 9493
84 5 12 17 21 28 30 34 38 42 44 50 53 58 88 114 137 154 198 204 233 333 340 776 885 926 1080 1269 1737 1921 2147 2430 2469 2542 3222 3949 4096 4347 5084 5490 5597 6523 8044
85 4 5 8 13 14 25 31 38 40 53 56 59 69 73 90 114 120 121 138 176 216 217 226 412 475 758 912 1449 2024 2065 3559 4240 4390
86 0 2 3 4 5 7 10 11 13 21 23 33 77 79 96 98 218 227 238 351 485 500 1121 1318 1340 1757 1896 2051 2221 2987 9041 9514
87 16 19 36 60 62 64 74 112 119 120 150 159 173 209 256 298 408 445 489 551 557 648 735 774 976 1147 1266 1714 1765 1862 2840 2848 2992 3478 3926 4009 6702 7373 8704
88 0 1 2 3 4 5 8 12 17 19 21 24 26 29 38 42 45 47 68 92 100 117 169 672 796 869 1263 1503 1583 1591 3915 5778 6025 7777
89 1 6 15 16 19 28 30 44 60 72 75 87 112 156 169 178 199 206 257 267 281 498 538 636 669 682 726 837 968 1861 2019 2527 3137 3354 3526 4618 4971 6087 8579
90 6 13 16 17 26 60 63 67 69 72 81 97 122 140 212 229 310 350 519 899 953 969 975 1165 1260 1363 1504 1653 1782 2516 2581 3560 4171
91 0 1 2 3 4 5 6 7 11 12 19 48 49 55 60 84 111 112 114 142 164 327 407 443 473 651 663 817 859 2477 2591 2665 3003 3244 4148 4370 5275 6018 8088
92 0 1 2 3 4 5 7 8 14 20 21 24 25 30 40 41 50 68 71 73 121 141 364 399 475 549 585 715 1054 2360 3676 4630 8444 8948
93 36 57 82 83 87 109 114 139 172 183 186 251 269 307 352 414 549 597 607 645 796 1988 2198 2285 2509 2852 3209 3525 4336 4620 4994 5446 5902 6131 6952 7918
94 19 28 30 32 60 96 102 117 132 133 171 178 189 222 282 414 420 488 493 554 576 653 697 757 978 980 1142 1200 1627 1783 1788 2254 2360 4271 4657 5909 7956
95 53 70 77 126 132 155 170 180 190 218 432 587 641 670 790 1074 1264 1268 1336 2437 2478 2654 2670 2897 3227 3541 3646 4146 4549 5564 7275 7585 8055 8901
96 0 1 2 3 4 5 6 11 29 41 67 84 131 138 143 153 158 180 197 268 309 350 360 391 404 437 448 968 1099 1389 1502 2212 2684 5020 6438 9357
97 11 23 60 63 67 106 127 132 135 190 209 210 273 278 282 306 317 388 601 659 772 777 914 957 982 1275 2745 3704 3753 5381 5507 5931 6226 6831 9203 9208
98 0 1 2 5 8 9 13 17 23 26 27 40 42 43 46 52 56 106 157 175 179 205 236 410 556 1487 1636 1658 3097 3849 5645 5748 6201 6400
99 8 37 47 64 82 84 111 133 136 165 212 217 228 235 258 278 335 402 433 482 568 708 963 1073 1515 2436 3420 5774 6147 6629 6913
