500
0 1025 1277 1400 1608 1669 2528 3836 4111 4216 4580 5085 5604 5715 9402 9520
1 671 2216 3427 4363 4560 4724 4900 7370 7622 8134 8339
2 557 699 719 2123 2437 2842 3418 3521 4008 4090 5574 6371 6656 6712 6861 6899 7055 9485
3 413 1760 1920 3274 3729 3767 4260 5119 6613 6628 7372 8618 8685 9181 9850
4 1574 2605 3072 3456 3681 3967 4090 4618 5715 5875 5920 7701 7862 9040 9646 9733
5 946 1542 2048 2623 3224 3700 4105 4930 5295 5780 6730 7404 7461 8994 9931
6 117 1238 2962 4004 4681 4893 5716 5847 6411 6827 6848 7076 7438 7531
7 84 4087 4611 4850 5857 6818 7677 8473 8703 9153 9438
8 899 2563 3719 4077 4963 5020 5748 6279 7260 8768 9610
9 79 415 1044 2065 2714 3178 5944 6064 6742 7857 9731
10 427 670 1178 1864 2340 2348 3396 3669 3797 4845 5828 6193 8792 9198 9208
11 1664 1732 3716 4477 4840 7762 8491 8826 9548 9619 9698 9718
12 1097 2227 2324 3065 4509 4624 4914 5486 7305 7699 8952
13 2986 3380 3730 4122 4366 4855 5038 5439 6226 6613 7709 8722 8978 9403 9636 9876
14 770 1020 1680 1719 1880 2321 2670 3012 3338 4012 4185 6961 7699 8530 8552 8886 9899
15 183 863 1937 2121 4736 4764 5040 5135 6169 7220 7344 7613 9348
16 759 2277 2593 2610 4718 5775 6891 7228 7295 8343 8509 9021
17 1695 2121 2150 2272 3113 3476 4461 4852 5546 6270 6428 6762 9069 9563 9868 9981
18 259 373 1728 2620 3028 3074 3151 5719 6596 8434 8623 9792
19 153 1028 2846 4045 4985 5859 6026 6493 7937 8907 9287
20 741 3650 3782 3874 4370 4668 5148 6778 7008 7296 7425
21 2704 3108 3125 3709 3877 3896 4491 4848 5457 5768 6054 6328 7356 7568 8102 8190 9906
22 818 1199 1494 1610 2476 3554 4450 4531 4572 5037 5950 6406 7470 7652
23 353 779 935 1496 1848 2447 2708 4256 4781 7555 7593 7779 9903
24 664 1073 1222 1851 3662 4096 6080 7022 8089 8148 8994 9607
25 370 476 731 1802 2049 2346 2414 2951 3308 3805 4179 5507 6686 6703 7736 7975 9244
26 265 1079 1153 1727 2033 3697 3761 4124 4283 6184 7639 8635
27 629 691 811 1224 1299 1757 3342 3783 4063 4467 4488 5725 8284 8466 8990 9822
28 298 897 2034 3551 3999 4343 6396 7298 7652 7782 8557
29 79 471 1748 4486 4534 4722 5064 6938 7342 7617 7657 7952 8014 9209 9682 9968
30 511 689 1018 1033 1989 3376 3656 4963 5003 5130 7240 7593 9334
31 921 2662 3410 3451 4315 4592 6742 6826 7351 7883 9066 9566
32 2582 2647 3651 3993 4060 4970 5324 5494 5641 5763 6991 7344 9199 9336 9990
33 273 751 1084 2322 2985 3808 3863 5010 6082 7657 8890 9642 9830 9954
34 580 1799 2520 2608 3481 3736 4608 4889 5762 6917 7376 8021 8396
35 493 1238 3720 4081 4685 5410 5492 5601 5609 6131 6218 6269 6718 8043 9459 9533 9968
36 1044 1770 2331 2959 3019 4082 4290 8105 8854 9067
37 1552 1617 2962 3770 6638 6677 6722 7826 7947 8063 8341 8775
38 1105 1362 3389 3467 3843 3985 5244 5275 6184 7105 7535 8309
39 1054 2228 2240 2466 2555 3143 3185 4228 5233 5473 7219 8027 8644 8918
40 29 79 1314 2247 2383 2436 3111 3280 3375 4503 5565 7883 8492 9736
41 125 694 943 1647 2089 3591 3900 5099 7245 7287 9533
42 52 842 1343 1611 1942 3022 3311 4224 4306 5416 5426 7720 8469 8861 9301
43 2145 2745 3180 3509 5141 5620 5800 6402 6531 6873 7314 7784 7949 9045 9848
44 352 1068 1884 2783 4272 4366 4651 6048 6133 6526 6554 6934 7234 7563 9678
45 212 691 2060 2210 3275 3371 3553 4147 4855 5006 5868 6025 6963 7680 7694 7949 8528 9007 9293 9444 9527 9576 9638
46 427 544 1752 2490 3541 3982 4715 4947 5114 5170 8158 9393
47 2 254 420 486 1183 1464 1469 2755 4311 4650 4720 5857 6354 6374 8315 8730 9129 9656 9829
48 272 3115 3847 4197 4782 5217 5645 5679 6892 7118 7945 8711 9618
49 1508 1541 2240 2342 2721 2839 3443 4082 5113 5611 8423 8778 9543
50 259 1832 2073 2959 3182 7318 7710 8083 8558 8981 9028 9231
51 991 1470 2259 2680 2693 4913 5038 5838 5912 6101 6628 6938 7531 7840 8049 8700 9482
52 6 325 1512 2041 2633 3079 3106 3957 4544 5651 6276 6540 7848 8146 8147 9386 9968
53 1861 2538 2622 3552 4349 4728 5984 6042 6570 7188 7424 8908 9190 9200 9244
54 68 900 1604 1686 1758 3273 3851 5384 7024 8053 9694 9848
55 168 254 1134 1482 3282 3290 3671 4783 4920 5228 5545 5726 5758 6144 7357 9007
56 447 2797 3353 3486 4402 5597 5662 5945 6103 6511 7883 7893 8296 8559 9089 9307 9861
57 209 815 925 2288 2509 3012 3626 4218 4362 4644 5326 5401 5412 8431 8459 9199 9725
58 1361 3012 3149 4188 4937 5113 5439 6151 6975 6985 7764 8492 8855 8969
59 2 732 861 887 1489 1616 1628 2338 3691 4062 6228 8745 9866
60 551 883 1339 1440 1605 1861 2121 2885 3259 3435 3719 3965 6303 9135 9184 9265
61 833 1093 1696 2054 2128 2288 2512 2701 3227 3657 3673 4051 5775 6095 7652 8259 8610 9340
62 268 863 1531 1668 2787 3894 5022 6063 6881 6913 7540 7992 8057 9459 9526
63 79 1187 2557 2636 3298 3445 4781 4816 5023 5065 7267 7354
64 321 889 2852 3214 3760 4643 5634 5865 7553 7670 8459 8546 8681 9443 9533
65 770 825 1668 3932 4088 5303 6865 7098 7140 8553 9200
66 272 1202 3766 4904 5302 5602 6537 8403 8767 8881 9445
67 121 1474 1680 2962 3284 3982 4487 4522 4564 4758 5307 8335 9019
68 194 372 692 984 1426 3911 4090 5715 6379 7199 7429 8053 9029
69 95 614 687 1194 2166 2695 3189 3371 5962 7020 8174 8994 9506
70 434 450 1082 1598 1898 3025 3099 3494 4042 4924 6985 7898 7981 8812
71 1427 1894 2401 2891 2995 3961 4228 4385 6105 6164 9161 9968
72 36 1012 1184 2072 3020 4725 5066 6534 6635 7234 7375 8981 8994
73 128 836 2950 4845 6043 6987 7074 7451 8508 9429
74 345 2288 2438 3205 3555 4368 4985 6080 6700 7051 7652 7793 9533
75 1052 1508 1588 2630 2724 3032 3378 3994 5963 7364 7440 7732 9264
76 1646 1846 3032 3283 6526 6640 8658 8735 8915 8972 9246 9268 9615 9719
77 2051 2262 2954 3363 4120 4313 4952 5280 6134 6684 6962 7875 9287
78 10 1457 1537 1871 2566 2719 2730 3470 5964 6122 6650 7634 8098 9155 9545 9632
79 935 1513 3627 4165 4554 4644 7021 7104 8189 9600
80 639 1712 1725 1852 2218 3156 3533 4192 5386 5451 6602 6739 7786 8033 9383 9476
81 378 1688 2977 4093 4991 5595 5679 5944 6982 7413 8121 9633 9745
82 631 1731 1774 1806 2267 2972 4129 4578 5483 5775 6173 6539 7553 7706 8220 8493 8778 8782 9717 9942
83 1867 4477 4770 5938 6504 6864 6949 7157 9070
84 1178 2941 2962 4781 7672 7850 7854 7871 8239 8462 8525 9505
85 817 836 1169 2249 3674 3982 4318 5961 6835 7787 8846 8885 8889
86 379 888 935 1283 2240 2533 2869 4134 6506 6557 6762 7438 7586 7624 8620 8794 9244
87 671 922 4154 4199 4476 4865 6268 7581 7674 8284 8658
88 428 524 906 1683 2240 2486 4505 4846 4959 5044 5556 5862 6699 7087 8021 8353
89 427 550 567 1469 1634 1727 2306 3360 3539 5341 5550 6892 8840 8959 9717
90 274 611 1905 3537 3668 4144 5694 7120 7379 7876 8150 8812 9675
91 35 736 778 1143 3166 4899 5355 5505 6799 7622 7699 8034
92 1002 1668 2240 2677 3053 4777 5211 6029 6055 6066 6844 6919 8052 9542 9593
93 92 541 3074 3346 3566 4377 4700 4725 4943 8046 8874 9157 9957
94 85 745 2123 3059 3658 3963 3969 4589 4858 5654 6661 7213 7604 7633 7987 9491
95 79 655 1638 3010 3101 3530 3616 4028 4291 6153 6452 7459 7517 7541 7811 9206 9800
96 1843 2305 2787 3528 3949 4184 5110 6542 8029 8559 9374 9552 9989
97 1127 1769 1792 3208 5678 6691 7000 7451 8464 8470 9782
98 1 962 1427 1651 2240 2523 5391 6189 6764 6808 7036 7300 9731
99 1780 2031 2155 2275 3012 5874 6316 6691 7735 7973 8214 9103
100 667 1413 1743 2105 2867 3012 4132 6808 7572 7769 7905 8577 9328 9586
101 628 1744 2821 3782 5563 6597 6772 6909 8209 8942 9842
102 260 745 1428 2643 2756 2815 2911 3305 5849 6413 7255 7256 7500 7770 8845
103 2200 2331 3023 3074 3655 3662 5427 7408 7797 8083
104 77 1660 1667 1761 2604 4556 6294 6506 7045 7050 7638 8158 8832
105 79 760 1145 1668 1865 2628 2696 3330 3648 3842 3936 4126 4493 5280 5848 5884 6101 6608 6613 7116 7228 7285 7429 8170 8770 8797 9040
106 995 1875 1903 3004 3445 3822 4078 5457 5715 6208 7805 8780 9054
107 171 477 1117 1123 2022 2476 2673 3524 4023 4156 6030 6212 6369 7134 7259 9032 9814
108 2699 3539 3605 3853 3910 4405 4655 6840 7497 9610 9661
109 1386 1934 2261 2332 3643 3876 4246 5715 6697 7288 9750
110 680 3002 3017 3597 3877 6278 6773 7887 8764 8821
111 2555 2840 2965 5953 6652 6836 7047 7091 7662 8069 8352 8911 9109 9189
112 79 132 949 2121 3217 4352 5220 5748 5749 6560 6619 7013 7213 7732 8045 9316 9522 9534 9968
113 646 935 1230 2476 3340 5319 7154 7456 7562 7840 8507 9382
114 2 253 415 1386 1590 2121 3897 5126 5623 6356 7365 8107 8796 9112 9391
115 926 2962 3781 4644 4809 6690 7413 7608 7652 7691 7782 8265 8612 9802 9866
116 578 1122 1971 2389 2477 2978 3193 4453 4702 5006 5643 7610 8670 8992 8994
117 468 583 847 935 1336 1982 2003 2730 2979 3894 5115 5295 5386 6338 6554 6938 7193 7498 7734 8424 8431 8493 8786 9842
118 1484 2284 2776 2802 2852 3137 4283 4437 6467 6837 7646 7772 9842
119 176 243 528 2555 3936 4149 4864 5540 5863 6319 7517 7529 7755 8698 9301 9903 9958
120 466 1337 3007 3353 3564 3818 6290 6581 7721 7829 8626 9244 9288 9349
121 76 709 916 1059 1883 2240 2462 5441 6040 7606 8416 8586 9062 9148 9366
122 79 154 761 1960 3918 3965 4097 4459 7416 7887 7903
123 135 2157 2182 2256 3565 4161 4314 4558 4801 4842 5892 6586 6950 7291 8236 8936
124 2835 4115 4857 5857 6161 6263 6286 6613 6946 7057 7267 7354 8650 9558
125 733 1541 2466 4377 5066 5274 5867 6538 6950 6995 7347 8061 8650 9301
126 330 755 927 2060 2201 2712 3839 3898 5081 5910 6258 6545 6604 7153 7777 8555 8573 9007 9395 9432
127 48 776 1602 1665 1668 2097 2453 2961 4053 5393 6490 6606 6680 7493
128 182 1091 1634 2882 3111 3308 4549 4892 5177 6645 7112 7968 8357 8822
129 309 312 801 1450 1886 2717 3052 6716 6832 7253
130 330 487 1576 1741 2258 2978 4342 4730 5426 7296 7686 8434 9225
131 7 487 1024 2467 3014 3894 5861 6076 6893 7770 8129 8480 9670
132 813 911 2933 3137 4466 4719 4953 5351 5819 6482 7796 9859
133 17 18 162 519 1765 1967 2603 2643 5098 6258 6859 7709 8337 8625 9939
134 1178 1764 2288 4092 4229 4659 5992 6469 6656 7285 7427 8279 8476 8810 8838
135 1200 1737 2060 2113 2555 3877 4465 6414 6442 6443 6810 6938 7276 8392 8552 9270 9312 9659 9758
136 111 218 702 911 1569 2420 2704 5388 6377 6732 7133 9209 9487 9842 9890
137 758 1016 1086 1651 1745 1769 2752 4074 4278 5251 5681 5994 7694 8941
138 503 664 1923 2643 2800 2986 5673 6607 7159 7273 7986 9244
139 477 502 788 2234 2400 2969 3586 3607 4090 4785 5546 7631 9217 9827
140 2287 2340 2615 3638 5011 5196 5889 6594 6897 8850 9581 9717 9812
141 135 771 1590 2121 2733 2942 6056 6869 7027 7069 7240 9585 9776 9907 9977
142 262 476 610 1598 2130 2288 2377 3909 5279 5793 7236 7811 9007 9017
143 315 549 772 1267 1486 2068 2288 3016 3827 5925 6235 9483
144 254 775 2587 3894 4049 5448 5614 6479 6943 7108 7501 9047 9086
145 1758 2451 3459 4545 4661 5595 5839 6832 7736 8843
146 366 1162 1216 2740 2962 3105 3488 4580 5219 6334 6393 6841 7036 7121 7561 7607 8140 8158 8470
147 678 1582 1757 1919 2432 4013 4772 5516 7153 7439 8142 8805 9935
148 2 588 1024 2105 2737 4197 5398 5996 7299 7482 7496 8724 9979
149 2120 3110 3169 5615 6371 7556 7865 7945 8939 9303 9664
150 423 935 1336 1532 1581 2005 4178 4206 4629 6451 6503 6655 6940 8895
151 1778 2013 2124 2222 2504 3482 5180 5715 6054 7956 8402 8760 9319
152 876 1554 1562 2228 4324 4372 5072 5449 6011 6762 7452 7499 7500 7510 7742 7904 8020 9640
153 2359 2543 3147 3696 3783 4380 4555 5371 7582 8750
154 862 1105 2834 4035 4563 4696 5444 5637 6803 7526 8059 8242 9097
155 321 478 856 3522 4369 6208 7175 8265 8617 9219 9774 9992
156 3 861 1171 2016 2754 4513 5437 5674 5762 6644 6738 6758 7823 8563
157 1864 2656 2880 3530 3894 4854 5282 6063 7183 7296 8533 8851 9244 9714
158 372 1507 2173 2229 2285 3936 6260 7339 8138 9020 9462
159 1823 2665 2958 3252 3320 3883 4614 4917 6642 7241 7244 7605 7699 9746 9988
160 41 373 573 2203 4583 6327 7016 7680 8365 8618 9439 9823
161 501 674 2029 2319 2349 4955 5030 5057 5195 7042 8027 8188 8576 9145 9418
162 154 636 678 937 2331 2501 6185 6799 6898 8294 8845 9270
163 316 2630 2746 2868 3247 4073 5748 5895 6502 6572 8042 8736 8998
164 395 1637 2825 2830 4216 4770 5701 6577 7415 9520
165 300 2835 4721 5075 5880 5904 5943 6197 8090 8132 8141 9788
166 2 1951 1994 2240 2342 6275 7416 7970 8015 8411 8790 9234 9301 9453 9498
167 231 727 1563 1731 2007 2085 2784 4128 4684 6148 6226 6521 7356 8720
168 350 906 1298 4352 4434 5023 6053 8620 9218 9370 9791 9919
169 160 1699 2434 6002 7220 7627 8143 8994 9075 9460 9583
170 674 1619 2009 2070 3134 3360 5609 6632 7652 7762 8796 8831 9402 9679
171 168 1305 3060 5079 5388 6299 6348 6482 6526 8200 8358 8735 8860
172 321 1357 3251 3297 5006 5496 5599 7074 7819 8502 8901 9090
173 79 374 1027 1064 2118 2240 5070 7220 7949 8481 8645 8866 9654
174 191 1496 1518 2320 4002 5282 6185 6284 6415 7120 8117 9256 9666
175 530 1686 1866 2121 2414 3197 3713 5310 5492 6379 6925 7454 8636 9701
176 13 321 1965 2516 2982 4213 4823 5207 5688 6054 7881 7970 8682 8824 9009
177 252 724 2463 3428 4527 5682 5975 6410 7012 7643 7952 8785 9855
178 427 1176 2216 4820 5299 5772 5902 6375 6433 6537 6726 7517 7684 7685 8686 8723 9770
179 2941 3350 3526 6426 6579 6764 7153 8502 8837 9840
180 839 1230 2582 2919 3291 4312 4874 5763 6518 6938 8183
181 1040 1767 2025 3327 3758 3968 5173 5315 6371 8284 8406 9248 9691
182 137 483 1657 2414 2759 3003 4348 4579 5099 5412 6185 7158 9698 9893
183 79 980 1117 1454 2369 2385 2608 2741 3596 3986 4686 5257 5323 5507 6168 6574 7989 8566 9943
184 1299 1668 1984 2425 2437 2549 3385 3540 3894 4314 4567 4805 5176 5634 5779 5962 6134 6675 7732 7754 8350 8766
185 1308 2024 2264 2644 2781 3072 4314 5304 5812 5975 7270 7348 7960
186 395 889 1935 2286 2818 2904 2989 3012 3074 3628 5259 5497 5678 5687 6221 6869 7699 9840
187 2 221 1340 1537 2952 4967 5827 6764 6882 7311 9207
188 400 1297 1625 2130 2714 3043 3233 3366 5078 5375 5507 6405 6736 7487 8714
189 79 138 708 1485 2559 2892 3444 4672 4753 4765 7160 7925 8352 8503 9559
190 2750 3203 3262 3267 3598 3728 4602 5172 7810 8310 9035 9225 9293
191 181 1182 2610 2724 4327 4430 4977 7216 7864 8017 8066 9769
192 935 2194 2275 3941 4650 4770 5788 6158 6215 7151 7338 7797 9558
193 321 939 1333 2294 2694 2994 3640 4160 4539 5202 6393 9457
194 367 1058 1946 1980 2279 2934 4732 5543 6268 6466 7116 7186 8212 9533
195 1881 3405 4054 4369 5188 5261 5268 5422 6913 7001 8203 8300 8945 9233 9293
196 403 505 833 3074 3266 3348 4050 7218 7968 8178 9107
197 832 1348 2258 2687 3857 4909 5869 6433 6920 7049 7453 7949 8125 9935
198 113 240 818 1187 1546 2729 3201 5902 6375 6467 6744 8127 8134 8507 8962
199 122 611 2320 2442 2783 2882 4612 7268 7593 7738 8512 8942
200 259 482 763 935 2574 2958 3034 5121 5952 5964 6267 9196 9848
201 321 569 715 1361 1394 2124 2353 2475 4504 4532 4873 5458 6138 7672 9217
202 264 427 751 764 2650 2990 4125 4344 4456 7102 7137 7712 9265
203 54 763 1593 1635 3389 4524 5043 5550 6547 7477 7890 9990
204 394 1571 2560 3176 5069 5316 6281 6425 7422 7596 7841 8291 8566 9026 9401 9842
205 65 361 790 3316 3385 3866 5182 6258 7232 7993 9588
206 713 809 956 1214 1651 2784 3977 3982 4004 5086 6091 6249 7205 7575 7740 9199
207 2379 3190 4825 5273 6035 7106 7750 7997 8397 9640
208 1050 1789 1888 4065 4295 4474 4554 5856 6086 6508 6528 7273 7699
209 1356 1468 1847 2605 2673 2836 6322 7963 8200 9423
210 2925 3397 3512 5127 5412 5752 6640 6938 7190 7532 8690 9277 9386
211 653 788 1463 2390 3047 3387 6674 6735 6804 8130 8994 9278
212 581 968 1263 4042 4313 5681 5715 6090 6985 7153 7675 7949 9290 9878
213 263 910 1149 2444 2456 4039 5117 5395 5441 6024 6797 7013 8332 8415 8804 8975
214 18 212 531 1429 2208 2761 2790 3264 3812 4159 5136 7165 7945 9010
215 71 117 2645 2962 3699 4139 5084 5445 6786 7035 7358 7883 9531
216 938 1095 1227 2127 2810 3310 3830 4079 4472 5099 5139 6190 6811 7949 8461
217 79 633 867 1174 1494 1910 2576 3411 4854 5781 6603 6911 7709 7912 9042
218 217 1578 2253 2643 2779 4341 4598 5145 5505 5644 5802 6054 8068 9925
219 2112 2720 3010 3023 4375 4724 5544 5652 6885 7218 7709
220 935 1640 2127 2296 3586 3813 5517 6639 6732 7092 8168 8556 8585 8758 8878 9487
221 406 1548 4058 5262 5950 6889 7700 8460 8717 8745
222 171 1383 1650 1760 2998 5935 6083 6619 6856 7200 8708 8850
223 979 1656 2031 4309 4770 4919 6201 6780 7043 7183 8139 8180 8538 9075 9093
224 79 379 1763 1893 2421 2962 5073 5301 5549 6465 6613 6626 7280 7393 7396 8491 9237
225 450 622 2356 2505 3441 3830 4276 4359 4810 4875 5052 5081 5660 6188 6683 7369 8325 9007 9187
226 397 474 645 1077 1306 1975 2416 2986 4838 5179 8284 9529 9909
227 445 1527 1764 2961 3570 3758 3830 4310 7473 7519 7565 7743 7978
228 171 1018 1796 2561 3159 3460 4803 4950 5013 7321 7652 7782 8234 8532 9637
229 1844 1979 2666 3262 4273 4402 4555 4969 5418 6076 6941 7011
230 979 1792 1978 2280 4362 4478 6148 6731 6933 7840 9292 9362 9779
231 478 591 997 1663 1721 2240 3300 4249 5728 6330 6458 6522 6931 8940 9370
232 426 1988 3459 4161 5885 7476 7762 9300 9447 9461 9763
233 1036 1585 2763 2935 3603 4303 4349 4571 6485 7403 7762 7899 8511 8994 9083 9844
234 1330 1668 1705 2492 2660 3346 3817 3895 5193 6457 7551 7691 7940 9461
235 153 813 1658 1745 1892 4716 4798 6613 7218 7586 7732 8449 8452 8721 9293
236 289 548 1348 1776 2521 2615 3916 4111 4121 5012 5391 9522 9783
237 883 1884 3679 3691 3931 3982 4130 5234 5734 6413 6899 7364 7446 7949 8490 8604
238 123 526 1707 2986 4233 4543 6099 6682 6845 7285 8521 9723
239 284 630 1704 2107 2130 2326 2555 2654 2877 3012 4159 4180 4299 5715 7238 8257 8264
240 177 187 393 1092 1697 2135 3631 4127 4234 5513 5920 6262 6863 7204 7306 9043
241 448 835 3683 3835 4339 6062 6297 6602 6732 7059 8005 8742
242 83 203 650 1067 1905 2030 2359 2418 3394 4060 4244 5284 6273 9007 9991
243 1007 1960 2121 2308 2471 2699 3391 3512 3980 6525 8641 9066
244 400 1331 1887 2052 2117 2139 2946 3456 4584 5170 5667 5723 6044 6613
245 2 1440 1611 1729 3251 3683 4479 4805 4931 5091 5632 7409 7667 7845
246 378 1284 1437 2841 2938 4016 4401 4885 5976 6938
247 2061 3368 4576 4981 5149 5382 5762 5763 7097 7762 8809 9906 9955
248 80 2354 2431 3982 5573 6332 7003 7211 7368 7888 9149
249 48 515 1346 1687 2115 4278 7067 7941 8462 8612
250 927 1314 2446 3090 3365 3982 4089 4358 4705 6032 7270 7469 9168 9453
251 699 916 1043 1817 1884 2002 2340 3121 4086 4362 4695 5296 5926 6800 7381 8350
252 321 508 650 1287 1587 2508 3936 5786 6284 7382 8385 9106 9447 9719
253 873 2353 2713 3055 4110 4348 5715 5780 6357 6547 6901 7142 7235 7793 8687
254 1144 2226 2248 2540 4568 4733 4837 6242 6452 6727 7369 7413 7948 8912 9820
255 1324 1584 2039 2568 2624 2987 3719 4855 5719 5836 7068 8523 8538 9683
256 467 667 1268 1299 2112 3113 3688 3763 3789 4119 4850 5539 7703 9968
257 1305 1520 1854 2471 5068 5278 6186 6541 7030 7395 8958 9480 9590
258 1105 1391 2689 3898 3908 4713 7238 7510 8167 8424
259 793 1481 1561 2108 2121 2334 2433 4402 4688 6389 6867 7288 9419
260 473 1774 1787 1830 1914 2971 3602 4901 5017 5913 6301 6459 9271 9379 9593
261 118 657 1853 3111 3181 4331 4519 4871 4993 5947 8257
262 2443 3033 3076 3892 4708 6613 7309 7733 8127 9729
263 405 439 1276 1765 1882 2555 2677 3521 4040 4362 4744 6685 6789 7761 8140 8782 8860
264 152 437 569 719 1583 2758 2987 5218 5302 6490 6656 7226 7804 9011
265 521 1075 2884 3955 4639 5134 5794 6212 6454 7292 8058 8136 9141 9576 9710 9797 9815
266 3 1252 1689 3434 4087 4157 4389 4442 4832 4926 5040 5643 6343 6998 7005 8684 9414
267 455 2240 2567 2962 3359 6049 6536 8059 8608 8744 9596
268 181 2024 2483 2886 2952 4285 4463 5130 7155 7949 9000
269 769 935 4692 8248 8501 8716 8740 9165 9257 9362 9611 9796
270 1125 2820 3828 4429 6004 6922 7252 7274 8095 8134 8423 9530 9542 9891
271 358 396 483 1924 2392 2588 3203 4274 4418 5780 6938 7361 7485 9019 9130 9241
272 1907 2516 3066 3216 3758 4566 6079 6580 7536 8344 8798 8918 9264 9738
273 1643 3640 3671 4760 7089 8967 9022 9370 9505 9747
274 323 582 1203 3111 3982 4377 4607 4846 5085 5861 6138 7296 7856 8193 9738
275 328 1291 1462 2176 3097 4837 4855 5333 5437 6354 7369 8583 8711 8717 8984
276 1152 1923 2521 2728 3013 3173 3279 3448 3762 5183 6200 7434 7852
277 467 905 1194 2674 2844 3768 5903 7269 7568 7732 9464 9914
278 139 739 1435 2109 3074 3302 3823 5303 6007 6668 6805 7489 8198 8523
279 98 2165 3012 4199 4311 4563 4676 5308 5390 6033 8428 8914 8960 9244
280 1418 2126 2370 3194 4200 5347 5395 6095 9936
281 957 1299 1525 1540 2812 3034 3577 6533 8949 9614
282 2919 3480 4717 5682 5695 6030 6752 7342 7651 7697 8264
283 2202 2986 3457 4180 4986 5120 5460 5997 6601 7444 8203 8595
284 710 1198 2240 3024 3373 4180 4667 4910 6711 7371 8141 8990
285 307 593 607 629 875 1678 3528 3605 4119 5631 6675 8517
286 1203 1241 2194 2318 2400 3566 3944 4011 5069 5144 6129 6758 7651 8902
287 397 673 1279 2663 2828 3877 4027 5023 5446 5762 6967 7435 7504 7527 7762 9047 9245 9484 9619
288 242 656 1859 1919 2981 3441 6065 6358 6918 7023 8105 8801 9623 9816 9842 9852
289 79 294 616 2613 3452 4289 4384 6446 7474 7493 8410 8997
290 137 518 1698 1778 2716 3301 4592 5080 8498 8568 8715 9575
291 259 958 1957 3484 3658 4043 4216 4918 6982 7523 7730 8491
292 836 1268 1829 1956 3650 4321 4486 6798 6954 6978 7223 8282 9828
293 458 1180 1889 3215 3753 4247 5534 6453 6495 7435 8248 8543 8602 9551 9772
294 79 570 882 1186 1601 4959 6011 7580 7802 8003 8380 8624 8932 9007 9452 9652
295 39 229 1125 1779 2924 2947 3074 4665 4683 4706 5316 6786 7973 8064
296 537 797 1140 1255 1939 2363 2962 3313 3955 5628 7273 9451
297 4564 5174 5219 5669 6267 6731 6909 7651 7880 8400 8705 9996
298 78 664 1219 2133 3550 3679 4518 4597 5122 6162 8062 8542 9181
299 30 756 812 1494 2340 5389 5408 6553 7427 7632 7890 8562 9547
300 780 1326 2261 3269 3590 4232 5017 8607 9617 9847
301 591 1061 1231 1445 3376 3936 4436 5404 5553 6858 7257 7943 8040
302 345 1365 1534 1555 1586 2172 3948 5755 5818 6151 6814 7214 7762 9260 9769
303 843 1120 2265 2598 2697 3204 3206 3216 4253 4936 9223 9867
304 79 151 732 794 1118 1731 1762 2128 2555 3494 3661 3856 3982 5384 5520 5769 5877 7549 8510 9211 9632
305 2331 3148 3592 4345 4728 4857 4937 5714 5886 7452 8653 8952
306 1534 2379 2861 5790 7039 7413 7466 7731 8108 8808
307 308 557 1212 3228 3563 3782 5091 5719 5785 6296 6383 7234 7448 8532 8827 8880
308 609 1183 4194 5187 5563 6017 6866 7292 8293 9099 9354
309 427 639 798 932 2572 3379 4078 4169 4411 5131 5232 5278 6483 9358
310 1007 1114 2315 2953 3428 3838 3963 5090 7654 7832
311 2 413 495 790 1324 2127 2443 5014 5899 6213 6389 6584 6951 9949
312 509 627 1135 2240 2929 3011 4231 5949 6734 8289 8910
313 261 853 1340 1421 5177 5366 7616 8026 8049 8263 8293 8669 9327 9474
314 630 1023 1789 2094 3337 4336 5104 5899 6241 6680 6765 7685 8707
315 1657 4138 5121 5378 5554 5597 6003 6713 7429 9411 9579 9968
316 838 2417 2992 4203 5298 6530 6613 6688 7659 7783 8887 9225 9437
317 1683 2634 3801 4231 4850 5991 7976 8143 8495 9294 9307
318 1398 2367 2559 2957 2999 3021 3702 4764 6234 6250 6440 8644 9400
319 28 79 88 127 1411 2013 2077 5208 5971 7346 7736 8328 8426
320 935 1534 2035 2773 3442 3894 4182 4833 5703 8094 8262 9482
321 408 696 2918 3257 5414 6301 6329 6849 7863 8212
322 728 2638 3051 4168 4500 5045 5111 5301 5907 6299 6452 6656 7413 8453 9192 9569
323 979 1370 2961 5169 6489 6547 7108 8199 9415 9484 9894
324 1233 1838 3203 3348 3950 4284 4712 4863 4898 5023 5309 7732 8414 8619 8914
325 263 1097 2099 2206 2671 3529 5115 5241 5412 6010 6582 6847 9139
326 692 2335 3012 4571 6012 6106 6151 6429 6884 8185 8431 8856 9274 9743
327 380 987 1962 2896 3489 5017 5116 6254 6336 7040 7719 8406 8716 8834 8966 9107 9398 9564
328 227 1481 1510 1623 1733 4438 4471 5851 5962 6544 7055 7245 8323
329 62 66 350 923 1678 2184 2643 2962 3195 3980 5537 9622
330 155 485 2624 2649 3469 3470 3945 4728 4919 5107 5744 5962 6176 8676 9232
331 849 2288 2314 3972 4673 4947 5115 7825 8169 8499 8920
332 321 700 877 1036 1051 1206 2736 3344 3980 4699 4842 5086 5533 5872 6049 8223 9066 9535
333 148 877 1209 1580 2685 2727 2815 3385 3456 4798 4926 5257 7612 8989 9007
334 661 1399 3310 3443 3602 3846 4565 4665 5162 5930 7438 7579
335 455 481 593 4196 4751 5521 6014 6891 7026 7563 8088 9132
336 1727 1795 2557 4650 5337 5796 7762 8086 8125 8287 9258
337 106 357 1384 4625 5184 6451 7411 8030 8974 9013 9426 9769
338 538 815 941 1988 4034 4259 4649 5382 5977 6976 8019 8983
339 87 1249 1489 1624 2850 3691 5332 5766 5787 6087 7807 8450 8722
340 312 573 2138 3250 3404 4438 4522 4624 4630 8160
341 2220 3877 4564 5736 5953 6117 8192 8413 8528 9139 9345 9968
342 590 1255 1294 2361 2414 3212 5562 6021 6371 7016 7691
343 915 1416 2217 2672 3523 4045 4684 5592 6311 6918 7153 9468
344 106 505 2241 2987 4901 5237 6327 6660 6859 9492 9921 9926
345 684 1246 2043 2187 3436 3691 4587 4900 5304 5464 5715 8317
346 10 1299 1766 2316 2555 2843 2910 3351 7256 8210 8316 9234
347 1081 1668 2141 3936 4950 5158 5535 5976 6165 7285 7566 7658 9982
348 321 2369 3536 4027 4530 5008 5022 5054 5103 6146 6938 7153 8914 9616 9892
349 193 251 2843 2983 3610 3766 4052 4157 4497 4544 5212 5613
350 1815 3458 3713 5016 5752 5770 5888 6170 6360 6622 6854 7238 8729
351 513 602 1052 1140 1740 1824 3681 3745 3795 3836 4214 4612 5743 5839 5880 6101 6227 6245 6327 6584 8671 9968
352 2514 2548 3894 4194 4640 5183 5659 5715 6055 6467 9305 9939 9968
353 828 1774 1987 2022 2040 2395 3936 3970 4171 4400 4664 5591 5682 6338 6467 6924 6934 7438
354 206 2025 2841 3352 3534 4976 5677 6214 8619 9416 9561
355 334 854 2539 3357 3743 4407 5936 8710 9123 9766
356 412 660 668 917 1465 1496 2288 3506 4363 4521 5156 5441 5881 8667 8714 9067 9132
357 1460 2150 3808 3939 5288 7073 7529 7571 7762 8236 8779 9519
358 379 529 1749 1773 3227 3521 3567 4195 4749 4933 6863 7197 9159 9280 9954
359 213 321 1354 2537 2541 2833 3015 3271 5552 5567 5945 6217 7949 9862
360 5 575 794 1706 3616 5285 6399 7196 9171 9316 9453
361 386 806 1257 1668 2001 2587 2657 3693 4449 5186 8167 9244
362 321 646 902 1635 1668 1923 2027 3422 3437 4735 5636 5799 6074 6176 7762 9816
363 269 353 1158 2288 2949 3076 4168 6361 6704 7290 7743 8439 9947
364 554 1762 1925 2444 3008 3488 4562 4829 5154 5798 6049 6213 6324 6347 7639 8418 9761
365 321 427 736 1299 3521 3800 3988 4687 6091 6378 6997 7612 7874 8551
366 209 434 1183 1343 1506 2927 4209 4275 5086 5219 6024 6663 7775 8130 9330 9493
367 283 1115 1211 4254 4661 5132 5412 7851 7862 7866 8075 8230 8710 8754 9734
368 321 1081 2144 2267 2515 3504 4391 4439 4685 5412 7179 7386 9383 9456 9657
369 134 1475 1647 1929 2499 3075 3439 4813 5540 6534 8200 8486 8671 9768
370 746 991 1570 4654 5474 6126 6896 6926 7869 8469 8544 9192 9545 9995
371 253 2542 3395 4371 5349 5412 6116 6183 7016 8100 8585 9214 9404
372 625 1034 1789 3012 3081 3174 3271 3362 4830 5795 6164 6510 6743 7065 8036 8484
373 133 462 561 2161 2540 2997 3956 5402 5518 5578 5608 7353 8069 8125
374 252 1117 2231 2883 3222 3324 3432 4393 6266 6667 6894 7453 8773
375 1639 2240 3375 4550 5578 6840 7521 8549 8788 9384 9620 9986
376 447 915 2962 3314 3894 4399 5729 5916 7075 7388 7786 7837 8032 8491 8599 9045 9847
377 6 719 744 1281 2987 3277 3630 4284 4345 4737 6137 7893 8310 8319 8837 8882 9478 9689
378 965 1121 1905 2741 4440 4761 4862 5733 6015 6188 6362 7083 7652 8130 8862
379 1431 4855 4902 5298 5850 7242 7689 7827 9063 9480 9548
380 294 561 2355 3421 4129 4997 6101 6504 6987 7172 9074
381 606 1348 2712 2845 2875 3262 3331 3375 3501 3650 4391 5715 5877 7079 7574 8134 9806
382 502 1087 2047 2962 3563 5516 5793 6127 6692 7511 8645 9135 9219 9875
383 935 1159 1761 2195 4292 4428 4518 5715 7147 8916 9023 9236 9284 9430
384 1342 1848 1927 3318 3796 4304 4664 6380 6917 7272 7961 8157
385 463 2206 2790 3747 5008 5885 7169 7676 8085 8393 8994 9074 9941
386 1786 3103 4504 5499 7368 7449 8440 8743 8817 9002 9041
387 18 314 1017 1891 3572 4228 4527 5804 6071 6522 7978 9045 9773
388 1468 2962 3671 3672 4708 4895 5564 5829 6021 6835 7090 7997
389 389 823 1663 3158 3505 4437 5168 5444 5631 5934 6894 7117 8247
390 2 246 497 1186 2487 4307 5436 5473 6279 7902 7970 8125 9256 9528
391 19 538 550 686 935 1195 1466 3026 4143 4326 4345 4732 4828 5690 7251 7740 7791 8898 9007 9887
392 30 243 860 1275 2083 3348 4402 5583 7103 7594 7634 7830 7834 7938 8293
393 2 472 659 722 745 2661 3894 4213 4806 6736 7901 8420 8462 8900 8910
394 541 1399 1957 2266 2327 2788 4869 5586 6000 6232 6323 7613 8870 9861
395 321 842 1326 1616 2137 5276 6147 7196 8060 8163 8881 8969 9014 9707
396 868 1140 1564 1784 2584 2936 3755 4008 4126 4782 5028 5880 6464 8254
397 116 929 1994 3915 4574 5298 5470 8390 8739 9200 9312
398 139 697 1839 2351 2692 3777 4183 4613 4814 5183 5443 5815 6613 7160 8907
399 349 457 794 844 1059 1146 3267 4538 7037 8289 8681 9422
400 38 1055 1504 2968 4422 5143 6763 6932 7611 8873 8982 9852
401 87 100 3034 3178 6193 6457 7142 7580 7992 8312 8466 9842
402 543 924 1032 1414 1929 2867 2981 4144 4588 4660 5307 6351 8064 8119
403 1313 2672 3331 3610 4105 5243 5641 5656 5825 6048 6901 7949 8188
404 2 306 641 1845 3660 4104 4541 4607 5291 5359 5592 6617 6899 8716 8830 9604 9859
405 3 424 2264 3664 4790 4880 5304 6037 6070 6394 6534 7264 8863 9366
406 1525 1592 2059 3012 3046 3150 3833 5412 5543 6613 7164 8624 9358
407 141 935 1682 2030 2086 2402 3032 4133 5033 5089 6168 6451 7030 8042 9027 9481
408 652 1332 1913 2235 2299 3547 4199 5454 5984 6703 7375 8130 8444
409 319 1143 3983 4408 4548 7319 7471 7996 8049 9459
410 114 921 1043 1201 1409 2457 2654 3431 3465 7225 7547 7699 8005
411 409 1084 1515 1877 4417 5239 6547 7129 7611 8272 8567
412 949 2551 2556 2666 3859 4469 4546 4686 5254 5290 5838 7849 8656 8711 9886
413 1333 2327 2643 2928 3041 3317 3412 4162 4391 6261 6584 7308 9704 9968
414 2 681 1009 2274 2465 4172 5022 5675 5909 6004 7197 7388
415 628 2874 3547 3802 4901 5138 5372 6255 7274 8105 8611 8703
416 1449 1938 5215 5219 6572 7427 7471 7531 7681 8232 8922
417 2813 3076 3549 4187 4933 5248 6190 6441 7315 8660 9194
418 475 1019 1199 1461 2860 3433 4191 4933 5532 6098 7069 9299 9934
419 490 1560 3810 4044 6121 7059 7066 7732 8387 8649 9045 9310 9509 9592
420 1122 2195 2240 2596 5058 5823 6543 8117 8224 8244 8282 8363 8722 9582
421 370 906 2240 3620 4354 5445 6457 7582 7720 7983 8050 8275 9465
422 226 257 1457 2240 2345 2408 2615 3181 3405 4340 6388 6506 7456 7697 7836 9244
423 1403 1865 2366 2616 2666 3385 4834 4898 5232 6200 8527 8914 9414
424 141 250 386 1256 1890 1993 3877 5345 6349 6681 6705 7261 8485 8880 9875
425 634 1000 2315 2419 2770 2822 5321 5514 6903 8130 8422 9974
426 676 1037 1134 1984 3005 3100 3715 3977 4055 5448 5738 8852 9204 9634 9823
427 1305 2070 2202 2472 2935 2984 3032 4038 6534 6602 6681 7762 8421 8908 9178
428 61 2158 2962 3716 4282 4529 4926 5350 5355 5428 6584 7945 8806 9966
429 1591 2297 2348 2722 2986 3210 6115 6356 6956 7153 7652 8123 8885 9641
430 735 942 1979 2286 2539 6350 7346 7512 7656 7696 9126
431 631 1034 1145 2006 2302 4161 4396 4529 5814 8406 8412 9424
432 300 819 1085 1270 1479 2269 2338 2384 2701 4606 6048 6648 7153 7570 8084 8298 8938
433 1969 2268 2962 3418 3758 4017 4523 6116 6672 7208 8635 9571
434 27 148 1524 1636 1821 2279 2555 3485 4012 6499 7346 7551 8483
435 1701 2837 3158 4673 4944 6752 6926 7052 7641 8387 8988 9478 9584 9793
436 108 515 2590 3132 3199 3836 3840 4199 4549 5105 6143 7634 7978 8739 9034 9113
437 336 1834 3657 3822 4424 4564 4599 4621 6825 7992 8028 8448
438 1451 1568 2156 4108 4155 4201 4245 4599 5384 6021 6448 9143 9398
439 281 1579 2302 2363 3012 3192 3489 3613 5615 6124 6978 7350 8468 9292 9842
440 447 1102 1439 1691 1955 2470 3592 4206 4976 5433 6613 6709 8512
441 1756 1787 1956 1987 2747 2962 3777 3877 3994 5222 6433 7127 7252 7495 7782 8931
442 1474 2034 2150 5598 5664 5747 6547 8268 8689 8784 8997 9398 9833
443 321 767 1851 2143 3381 3453 3977 4459 4502 4847 5189 5742 6289 6855 8316 8854 9244 9809
444 353 1233 2092 3758 4011 5047 5715 6865 7278 8715 9115 9449 9572 9887
445 321 1095 1360 1670 3023 3104 4672 4957 6105 6749 7297 7344 7593 7781 9263 9650
446 110 2378 2555 2845 4360 4561 4752 5685 6202 6529 7126 8134 8447 9091
447 971 2008 2526 3172 3322 5453 5695 5986 6092 6298 7050 7240 8176 8289 8323 8684 9740
448 2495 3293 3803 4136 4642 5873 7367 7417 9514 9602
449 226 703 1224 1682 1900 2751 3362 3452 4097 5323 7413 8324 8670
450 1564 2011 2962 3700 3742 4645 5292 5452 6033 6634 6996 8768 9007 9822
451 864 2185 2431 3199 3609 3862 4318 6203 6840 7298 8193 8994 9586
452 373 1740 3029 3135 3270 3567 3915 5173 5190 6044 6524 7762 8474 8711 9838
453 312 395 978 1984 3894 4310 4386 4511 5715 5856 5940 5943 6102 6134 6221 6739 7699 9351
454 392 2137 2240 3004 3420 3879 4377 4578 5181 6702 8128 9779 9834
455 36 216 1518 2713 3019 3227 3352 7004 7360 7696 8844
456 765 912 1963 2461 2664 2962 3074 3098 3847 4824 6025 7768 9636 9787
457 902 2873 2885 3425 4186 4277 4535 5555 5654 6258 7165 8372 9084 9780
458 1215 1652 2126 3427 3605 3708 5003 5150 6387 7232 8795 8928 9648
459 321 551 1136 2116 2310 2816 4174 4498 5233 6430 6613 7557 9722 9800
460 79 302 477 1117 1918 2564 3908 4023 6392 6666 6999 8213 8652 9837
461 1727 1907 2051 3398 5013 5478 7993 8801 9975
462 1753 1773 1945 3243 3384 3744 4927 6674 6692 8460 8547 9839
463 339 430 516 928 3583 5668 5778 5953 6477 8757 9091 9369
464 879 1390 2287 3407 3486 3850 4082 4585 6630 6957 7883 8431
465 75 1224 1527 2450 2550 4559 4816 5425 5462 6258 7539 8476 8687 9129
466 227 741 852 919 2019 2155 2158 2288 3668 4382 5639 5702 5726 7742 7827 8892 9487
467 279 574 737 929 2158 2843 3473 4594 4953 5055 6495 6584 7159 7521 9842
468 319 321 1275 1746 2076 2747 3680 5925 7111 8556 8596 9872
469 1080 1107 1248 1549 1774 2290 2447 4587 6506 7303 8193 9007 9025
470 627 1087 1668 2264 2518 2551 3044 3584 4703 5234 5547 5962 6145 7464 9393 9841
471 2 4211 4503 4909 5621 5842 5855 7597 8001 8331 9302 9417 9828
472 1202 4589 5641 5904 6573 6795 7510 7762 8439 9266 9408
473 133 1708 2570 2664 3584 3711 3927 4107 4258 4266 5866 5946 6043 7547 9652
474 2671 4034 4138 4456 5756 6636 7022 7133 8001 9148 9396
475 1825 2114 2423 3074 3169 5114 5684 5948 7237 7503 8432
476 917 1482 2189 2820 3163 3470 3737 4070 6486 7665 7673 7805 7926 7959 8196 8418
477 67 364 979 2122 2511 4697 5326 6909 7937 8072 8387 8804 9224 9911
478 660 1582 4040 4326 5380 5917 6079 8299 9402 9408 9491
479 366 1135 1364 1961 1994 2844 4669 5627 8642 9482
480 507 1213 3012 3612 4360 4928 5147 5509 5905 6237 7783 8655 8988 9659
481 215 402 2297 2666 3151 3313 4194 4976 6074 6130 6149 7278 7431 9379 9898
482 321 1526 1673 2044 2848 3060 3448 5507 5683 8378
483 2 220 569 1849 3297 4512 5049 5399 5652 5772 6134 6818 7454 7627 9738
484 702 1032 2545 3278 3638 3891 4022 4311 6404 7461 8272 8551 8734 9646
485 1652 1876 2434 3289 3609 4352 4832 5581 7327 7641 9305 9341 9493 9809
486 276 2422 3698 3732 3796 4586 5071 5901 6690 6881 7207 7560 8711 9290 9549
487 706 707 888 1520 1642 3017 3331 4180 4265 4632 6054 6984 7000 9065
488 1269 2251 2962 3891 4506 6696 6747 7751 8190 9201 9874 9923
489 1746 2595 3736 3826 4462 4552 5199 6003 6021 6753 7340 7699 8043 9106
490 705 2447 4057 4084 4471 6426 6429 6493 6677 7084 8748 9007 9680
491 321 506 1431 2006 2099 2866 3268 3899 6180 6482 6562
492 964 1639 2099 3817 4366 4649 5340 7536 8011 8099 8832 9335
493 321 990 1200 1220 1497 3635 4039 4691 5443 7883 8434 8574 8982 9533 9640 9896
494 3181 4162 4338 4557 4583 5379 5713 5895 6101 6295 6398 6940 7120 7302 9244 9267
495 63 949 950 1235 1402 1502 1978 3074 4594 4602 5630 6986 7153 8355 8683 9197 9871
496 309 352 1398 1799 2299 3027 3660 4815 4845 7274 8045 9432 9930
497 278 722 1288 1453 2635 4813 6062 8326 8463 8516 8795 9565 9716
498 155 183 442 1262 1325 1907 2031 2426 2730 3005 3320 3895 6222 6501 8792 9443
499 974 1030 1668 2377 2783 3252 3578 6230 7103 7374 7602 8170 9433
