100
0 8 10 13 15 16 17 23 41 52 93 123 179 279 339 568 717 774 882 1137 1208 1512 2076 2288 2340 2509 2841 4589 5046 5414 5469 5561 5675 5820 7013 7301
1 39 57 66 75 81 118 209 215 225 238 379 428 533 657 750 1037 1108 1290 1375 1416 1483 1931 2029 2315 4448 4929 5205 5855 6156
2 0 1 2 3 4 6 7 9 11 16 17 19 21 23 27 29 33 34 41 50 54 65 74 110 111 137 178 180 252 268 637 1311 1495 2264 2878 3244 3774 6359 7702 9547
3 9 10 12 16 18 19 20 21 59 68 75 76 78 81 134 161 197 207 222 244 273 433 499 554 651 1130 1593 1888 2517 2657 2942 3591 4138 5350 8466 8733
4 4 6 7 14 15 18 25 28 38 50 68 76 129 147 157 229 375 503 511 519 779 891 941 1582 1623 1843 1863 1956 2098 2132 2195 2706 3056 3689 3767 7687
5 11 12 18 20 28 33 44 60 66 67 80 96 100 113 161 178 286 310 409 637 747 937 953 1173 1334 1541 1648 1693 1702 1889 2151 2163 5160 8767
6 14 32 43 97 141 151 155 161 170 188 208 283 328 405 498 521 554 748 777 817 1310 1363 1476 1821 2344 2415 3098 3380 7624 9701
7 9 10 16 21 34 58 70 95 145 174 244 275 325 457 567 606 611 750 947 1271 1407 1506 1828 3648 3989 4162 4482 5120 5604 6480 7624
8 0 1 2 4 5 7 9 13 14 22 25 37 41 46 58 65 123 178 199 240 278 323 364 404 406 430 464 485 700 831 1089 1403 1495 1572 1581 3198 5361 5515 5519 6890 7269 9903
9 7 10 11 25 27 28 29 48 51 63 67 75 84 91 109 117 131 168 255 287 352 401 526 715 757 1104 1223 2371 2380 2849 3320 3642 3935 4259 6729 8355
10 18 26 47 57 58 61 69 71 81 148 155 160 196 267 270 271 316 350 362 455 457 458 460 694 1077 1367 1375 1963 2102 2848 2852 3661 3673 3712 5392 5926 7234
11 7 10 14 24 25 30 43 48 61 70 72 76 79 158 234 347 356 399 465 477 502 505 554 633 946 1495 1509 1571 1758 1967 2433 2611 3164 3358 6126
12 0 1 2 4 7 10 14 20 26 29 57 61 78 90 95 166 188 225 288 383 519 521 826 845 1250 1327 1378 1476 2177 2902 2961 3379 3955 6571 6907 7399
13 36 57 74 82 83 87 109 119 139 172 183 186 207 251 269 352 355 414 597 607 740 796 2198 2285 2509 2852 3209 3525 4336 4620 4994 5446 5902 6131 6952 7918
14 20 35 45 76 102 130 185 195 270 450 456 481 506 706 816 1021 1027 1097 1207 1709 1748 1985 2096 3950 4362 6604 6662 7367
15 18 31 43 58 69 74 78 86 131 135 138 146 150 154 164 165 290 292 300 355 361 405 470 538 595 660 829 846 875 1080 1123 1223 1290 1468 1738 2143 3429 4500 5296 5326 5668 6955 7585 7727 7734
16 24 30 31 38 41 50 63 66 73 74 87 118 119 151 167 170 246 303 331 332 355 380 398 485 807 848 948 1100 1296 1576 1590 1959 2983 3500 3548 4371 4752 4848 5222 5429 6031
17 0 1 2 3 4 8 12 13 19 28 38 59 68 76 187 189 222 249 258 289 493 587 948 1436 1816 1951 2333 2844 2889 4335 4807 5027 5893 6249 9798
18 0 1 2 3 4 7 10 14 17 18 31 33 35 56 95 138 157 178 242 286 356 362 465 720 939 1052 1071 1687 3626 4781 5381 6787 7557 8703
19 8 17 44 48 51 74 78 100 124 131 154 222 269 271 285 333 354 381 382 633 900 904 1253 1284 1548 1658 2374 2564 3455 4196 4918 6100 6698 7133
20 0 1 2 3 4 6 8 15 17 20 26 35 41 49 105 107 148 158 206 336 379 406 676 712 989 1005 1168 1290 1481 1919 2979 3317 9562 9798
21 23 29 37 47 54 59 65 67 93 101 124 158 292 343 462 845 866 875 976 1087 1413 1452 1865 1951 2142 2848 3535 3839 4001 4247 4319 4350 7316 7325 8116
22 0 1 2 3 4 5 6 7 11 22 24 28 40 47 49 66 89 96 157 168 173 205 230 442 458 462 584 822 933 1290 1310 1737 2045 6731
23 0 1 2 3 4 5 6 7 8 11 17 19 26 28 33 35 39 50 53 55 107 129 138 152 233 621 1042 1152 1156 1438 1948 1959 1967 2579 3324 5834
24 0 1 3 4 5 6 7 9 12 16 19 20 22 31 73 91 188 231 358 419 539 602 708 940 980 1011 1502 2233 2444 3699 3790 5294 6697 7387 8488
25 0 3 4 5 9 12 17 26 27 37 57 90 101 109 129 130 138 140 168 193 266 344 433 1001 1048 1134 1235 1495 1532 2264 2587 4060 4722 6642 7685
26 63 65 71 138 156 157 181 183 206 244 255 261 286 301 405 435 515 554 592 631 778 826 846 1019 1068 1420 1852 2297 3110 3140 3775 4560 5150 5215 6419 8184 8309 8735 9424 9613
27 30 31 40 49 51 69 92 163 218 452 475 502 506 693 776 952 1386 1611 1971 2247 2741 5235 5627 5847 6531 6589 6874 7553 7798 8438
28 0 1 2 3 4 6 9 15 21 37 38 42 46 69 81 97 205 315 383 422 432 478 588 708 815 968 1108 1263 1460 1552 1694 3617 5412 5921 9338 9517
29 7 8 10 15 17 19 21 22 26 34 36 44 110 127 131 182 196 231 243 290 296 309 329 330 358 404 442 541 628 723 727 780 793 962 1272 1461 1495 1506 1721 2291 2477 3424 4632 4914 8692
30 25 40 76 102 104 150 155 197 198 213 224 236 292 472 606 772 795 1071 1123 1132 1356 1449 1491 1788 1999 2167 3234 3901 7408 9836
31 0 1 2 3 5 6 7 8 15 26 27 29 39 53 55 69 102 117 143 172 199 216 238 354 694 1088 1320 1530 1989 3618 4604 4683 5021 5359 6705
32 0 1 2 3 4 5 6 7 11 18 25 34 49 104 138 176 180 186 251 281 505 709 797 1368 3053 4040 4227 6045 6614 6779 8949
33 14 15 18 28 30 32 47 50 56 60 82 88 128 179 250 297 298 347 509 704 961 1114 1216 1333 1414 1685 1900 2848 3097 3119 3447 3563 3861 4120 5167 7373
34 4 5 8 12 17 21 24 27 28 30 34 38 42 44 50 53 58 114 126 137 154 155 176 198 204 233 333 340 1080 1269 1446 1921 2096 2147 2153 2430 2469 2542 2612 3222 4096 5084 5597 6523
35 5 7 10 15 25 27 44 49 52 55 89 96 114 128 137 186 259 316 344 471 476 483 529 763 836 1074 1150 1909 2239 4164 4613 5221 6012
36 25 33 49 51 70 87 103 105 107 134 161 162 179 213 250 280 353 412 501 589 772 1058 1515 1532 2295 2552 3194 4090 5005 5526 9040
37 0 1 2 3 6 7 10 15 16 18 19 51 54 57 62 69 106 322 363 371 395 412 514 587 594 776 817 866 1089 1233 1372 1737 3097 3140 4659 6130 6755
38 24 25 30 40 50 71 73 98 105 121 147 165 356 364 399 475 585 590 715 768 906 1054 1073 1456 2078 2360 2696 4630 6166 8444 8948
39 0 1 2 3 5 9 10 27 33 34 46 49 68 74 86 138 141 166 172 186 209 219 256 322 468 792 896 1150 1671 1743 1854 1927 2383 2503 4768 5921
40 11 14 20 23 60 67 106 127 132 144 209 210 273 278 306 308 317 388 601 659 772 803 957 982 2745 3704 3753 3849 5507 5931 6226 6831 9203 9208
41 5 9 10 13 16 22 28 34 37 38 53 63 75 76 104 119 123 159 176 441 491 1027 1489 1514 1611 1729 1880 2005 2228 3172 3790 4408 6398 9561 9749
42 7 11 12 18 19 23 27 29 33 36 39 44 62 82 86 88 137 210 214 218 247 250 280 284 331 490 516 561 595 655 669 908 935 1039 1058 2153 3198 4225 5154 7347 7606 9519
43 16 52 64 112 170 176 216 336 397 591 679 689 798 800 856 1035 1056 1215 1397 1443 1503 1510 1552 1598 1704 1721 2152 2261 3395 5038 5376 6229 6258 6655 7589 7712
44 17 24 34 37 46 56 65 72 77 109 112 133 162 195 202 214 256 332 348 650 719 1051 1106 1183 1213 1610 1826 2076 2091 2196 2575 2785 2951 3604 4089 5014 6044
45 27 29 47 73 74 93 108 110 121 124 134 162 213 231 237 265 314 325 409 415 446 785 803 890 1190 1310 1333 1408 1502 1866 1958 1988 1993 3016 3317 6035 6423 7055
46 5 8 10 30 31 32 43 47 63 93 103 111 119 144 146 234 241 272 349 408 444 489 612 773 1017 1074 1643 1713 7431 7672 7854 8871
47 31 98 115 150 154 197 341 503 636 724 894 1109 1250 1418 1496 1597 1913 1981 2199 2264 2429 2479 2768 2911 2922 3284 3712 5388 6036 7474 7810 8250 9888
48 0 1 3 5 6 7 11 16 17 23 37 46 57 71 95 99 109 115 172 197 224 309 380 382 589 609 753 968 1232 1866 3528 4247 4680 5479 6337
49 0 1 2 3 4 8 11 14 19 23 24 28 29 35 42 51 64 88 108 118 123 138 235 272 297 419 646 1671 1752 1959 3097 3236 6137 7718 7970 8973 9957
50 9 13 14 20 33 36 41 64 82 83 85 121 125 140 141 216 228 268 305 357 390 391 410 444 591 672 691 1391 1414 1575 1891 2126 2227 2292 4619 4864 5178 5562 5862 8702 9952
51 0 1 2 4 6 7 9 13 14 17 21 22 23 24 27 28 33 45 63 78 159 200 213 288 334 508 597 725 788 966 1728 1989 2410 2420 2818 4606 4705 8783 9234 9365
52 1 8 9 16 26 30 38 72 105 143 145 225 239 248 310 365 381 384 676 753 859 1361 1601 1950 2088 2190 2327 2702 3761 4025 5625 6001 6514
53 0 1 2 3 4 5 6 8 9 11 12 13 15 17 18 19 21 22 23 62 100 114 136 161 171 187 236 243 251 724 1428 1434 2052 2135 2218 2262 3038 8512 8629
54 16 28 52 53 56 61 62 68 83 89 138 139 204 249 335 354 402 446 509 571 715 772 854 1384 1607 2000 2099 2240 2251 2638 2644 2650 4184 4656 5195 6043 9019 9957
55 10 25 35 48 57 61 62 65 68 69 71 91 93 101 138 154 195 208 230 245 298 539 549 968 1014 1688 1737 1902 2301 2337 3161 3244 3513 5233 7234
56 11 17 25 36 38 69 99 114 120 128 135 179 247 252 273 284 315 333 366 382 457 459 531 605 923 971 1101 1654 1828 1981 2552 2650 3470 3756 3938 5540 9465
57 38 42 60 78 111 114 128 135 160 187 192 200 201 281 286 293 307 393 411 443 482 502 549 572 645 1370 1988 2049 3041 3659 3975 4864 6644 6980 8086 8802
58 4 7 8 12 13 39 41 59 70 79 90 105 140 151 155 335 447 455 583 624 665 867 1263 1739 1806 1954 1996 2832 3644 5270 6082 6510 8843 8886 9061 9175
59 18 27 34 41 58 80 81 83 103 117 124 127 139 189 204 226 305 343 494 535 579 605 702 726 746 762 933 977 1066 2692 2980 4184 5173 5350 5459 6676 8146
60 0 4 5 6 7 9 10 11 13 15 18 19 21 26 27 28 77 85 130 132 156 168 199 412 474 625 1128 1148 1213 1304 1723 2025 2160 2380 5442 6379 8743
61 7 14 16 20 26 42 45 70 72 84 115 121 152 184 189 216 225 252 266 295 334 341 348 369 395 404 460 508 510 524 822 900 927 978 1077 1300 1983 2282 2739 3102 4478 5882 6043 7064 7433 7981 9584
62 10 16 50 51 54 57 64 76 113 156 161 167 173 194 359 363 497 528 559 700 715 766 914 1027 1627 1958 2423 3044 5546 6847 7117 7181 7481 9593
63 0 1 2 3 4 5 6 8 9 14 15 21 24 34 56 57 115 135 138 188 227 285 307 409 425 660 709 900 1283 1397 1554 2158 2178 3100 3249 5063 5127 6549 7820
64 32 38 42 77 83 116 139 168 174 219 299 342 357 412 425 452 461 472 551 810 898 899 1128 1183 1360 2306 2343 3032 6092 6949 8009 9478
65 22 35 57 64 131 162 172 173 182 220 253 294 336 353 376 435 484 720 835 884 928 1337 1369 1462 1494 1944 2076 2385 2484 2729 2862 2976 3989 4378 6092 8549
66 27 40 43 48 52 56 63 71 90 99 131 184 230 237 252 358 524 600 851 1010 1318 1424 1642 2169 2282 2491 3257 3600 6558 6684 7027 7658 8688
67 2 8 11 21 35 37 39 64 65 75 82 93 111 125 167 203 216 225 323 585 725 769 902 1264 1412 1429 1566 1728 2060 2187 2295 2479 3843 6238 6408 8601
68 33 37 40 41 55 82 98 117 132 159 210 296 302 309 328 371 377 475 653 664 760 772 1296 1566 1876 1889 1894 2507 2904 4630 4838 5689 6820 7986 9359
69 6 7 9 10 17 18 33 54 57 58 63 73 99 109 119 141 276 358 388 427 756 762 977 1061 1279 1446 1499 1593 1628 1883 2177 3520 3561 6767 7231 8004 8180
70 9 13 16 18 31 42 56 57 59 69 106 112 156 190 193 226 253 255 278 279 424 462 509 517 671 708 752 887 984 1078 1122 1351 2524 3158 4211 5667 5999 6661
71 0 1 2 3 4 5 6 9 11 29 37 41 67 84 138 143 153 158 180 197 268 350 360 391 437 448 968 1099 1389 1671 2212 2684 5020 6438 9357
72 20 26 46 51 54 60 67 84 91 103 111 138 180 194 246 248 313 324 327 332 708 755 1353 1384 2094 2195 2473 2859 3828 6094 7797
73 5 10 14 36 39 53 70 103 107 127 161 220 293 308 317 333 348 658 751 867 1039 1128 1442 1516 1562 1756 1845 2172 2700 2860 3357 4151 6504
74 1 2 8 16 22 24 25 41 74 75 83 103 123 181 257 264 280 322 390 401 685 713 753 813 1361 1513 1756 1775 1807 1912 1988 3484 4413 4837 5269 5985 6702
75 5 13 15 26 28 32 47 55 67 69 88 92 96 153 194 236 245 250 253 338 344 345 517 583 775 981 1072 1119 2193 2266 3797 4063 5990 7463 8150 9134 9768
76 0 1 2 3 5 6 8 10 11 16 17 22 27 34 35 39 43 45 47 48 103 108 128 129 155 245 305 455 556 867 869 900 2060 3228 3279 6288 8095
77 25 62 95 142 155 180 183 203 217 249 254 289 331 426 447 512 528 533 635 658 715 1071 1087 1228 1407 1577 1992 2378 2398 3603 4347 5872 6745 9355 9710
78 12 13 14 15 18 20 24 25 32 44 45 46 49 77 122 126 218 276 375 422 429 885 1105 1402 1677 1686 2568 2664 3700 4477
79 12 27 34 47 53 62 142 152 233 240 260 277 378 436 583 733 847 912 997 1201 1315 1459 1601 1975 2377 2886 3894 3969 4048 4793 5350 5520 5773 8244 8978
80 2 8 10 14 15 21 25 27 28 29 40 42 45 62 74 102 145 147 181 186 328 330 363 390 542 641 1012 1195 1217 2060 2812 3124 3301 3433 4824 4908 5052 6307 9335
81 6 7 9 13 15 22 25 27 37 80 83 90 95 120 147 178 182 205 211 216 245 248 259 277 510 527 539 928 1017 1053 1571 2475 3400 3488 3879 5731 7195
82 24 38 41 50 107 146 213 218 246 360 559 565 566 581 583 674 798 1029 1177 1209 1218 1266 1358 2114 2538 3594 4968 6051 6467 7710
83 0 1 2 3 5 9 19 21 23 24 27 36 39 41 67 92 99 278 328 406 469 513 561 597 714 797 1027 1127 1388 3244 3730 3975 4051 5361 6137
84 25 26 29 31 32 45 88 124 127 159 251 356 418 455 487 827 885 926 968 1147 1620 1624 1737 2184 2513 3949 4347 4761 4995 5490 6354 8044
85 0 1 2 4 6 7 13 25 33 101 130 138 169 224 338 355 419 476 505 544 559 628 836 1041 1363 1390 2628 2950 4372 5638 7984 9086
86 0 2 3 4 5 7 10 11 13 21 23 33 77 79 96 98 218 227 238 351 485 500 1121 1318 1340 1757 1896 2051 2221 2987 9041 9514
87 9 12 14 24 26 30 31 62 82 91 97 110 152 166 177 242 293 425 451 677 949 1009 1725 2334 2482 2498 2594 2978 3160 3511 4048 5136 5246 6052
88 0 1 2 3 4 5 8 12 17 19 21 24 26 29 38 42 45 47 68 92 100 117 169 672 796 869 1263 1503 1583 1591 3915 5778 6025 7777
89 1 6 15 16 19 28 30 44 60 72 75 87 112 156 169 178 199 206 257 267 281 498 538 636 669 682 726 837 968 1861 2019 2527 3137 3354 3526 4618 4971 6087 8579
90 21 30 31 42 50 78 81 110 121 140 160 172 178 184 265 292 306 332 412 417 509 554 632 636 686 814 843 994 1001 1052 1184 1449 1752 1768 1789 2047 2566 3135 3866 5973 6183 7092
91 7 12 13 15 19 22 30 33 34 42 48 49 55 60 83 111 112 114 142 164 210 327 407 414 443 473 651 663 817 919 2477 2591 2665 3003 3244 4148 4370 5275 8088
92 19 22 27 32 36 38 61 101 116 159 184 231 237 257 288 316 358 422 600 756 965 1265 1334 1558 1579 1799 2108 2428 3097 4460 4738 5359 8414 8600 8738
93 30 110 117 118 136 245 249 261 288 316 361 465 555 654 673 964 1123 1128 1190 1345 1421 1979 2055 2205 2311 2464 2590 2591 2793 3096 3494 3572 3943 5381 6703 7162 9705
94 8 10 52 63 76 80 82 97 98 102 104 127 132 151 155 257 262 277 332 356 396 402 436 554 722 982 1181 1506 1548 1604 1925 1948 1953 1966 2610 3141 4089 5306 5819 5878 7995 8734 9977
95 5 8 10 12 20 28 32 38 44 56 93 94 103 119 129 131 138 152 200 466 554 652 662 715 934 1079 1361 2496 3252 3430 4386 5170 6912 8992
96 13 20 27 33 48 54 77 92 109 115 147 163 189 212 219 229 252 308 480 523 655 721 1442 1489 1867 2087 2195 2330 2818 3013 3881 4044 4088 4560 4757 5447
97 49 53 59 63 85 160 168 190 230 239 241 265 282 345 375 521 777 858 1275 1570 1880 3345 3561 3858 4146 4841 4928 5381 6044
98 0 1 2 5 8 9 13 17 23 26 27 40 42 43 46 52 56 106 157 175 179 205 236 410 556 1263 1487 1636 1658 3097 5645 5748 6201 6400
99 0 1 2 3 4 5 7 8 9 13 14 15 16 19 21 23 27 37 41 75 97 116 117 138 155 168 199 303 362 599 867 933 1209 1756 1966 2478 2498 3110 3881 4552 5197 5863 7497 8044
